<?xml version="1.0"?>
<!DOCTYPE coverage SYSTEM "http://cobertura.sourceforge.net/xml/coverage-04.dtd">

<coverage line-rate="0.8099941894247531" branch-rate="0.8510324483775811" lines-covered="1394" lines-valid="1721" branches-covered="577" branches-valid="678" complexity="2.1988795518207285" version="1.9.4.1" timestamp="1397075227024">
	<sources>
		<source>--source</source>
		<source>C:/testServer/src/main/java</source>
	</sources>
	<packages>
		<package name="base" line-rate="0.8333333333333334" branch-rate="1.0" complexity="1.0">
			<classes>
				<class name="base.Abonent" filename="base/Abonent.java" line-rate="1.0" branch-rate="1.0" complexity="1.0">
					<methods>
					</methods>
					<lines>
					</lines>
				</class>
				<class name="base.AccountService" filename="base/AccountService.java" line-rate="1.0" branch-rate="1.0" complexity="1.0">
					<methods>
					</methods>
					<lines>
					</lines>
				</class>
				<class name="base.Address" filename="base/Address.java" line-rate="0.8333333333333334" branch-rate="1.0" complexity="1.0">
					<methods>
						<method name="&lt;clinit&gt;" signature="()V" line-rate="1.0" branch-rate="1.0">
							<lines>
								<line number="6" hits="1" branch="false"/>
							</lines>
						</method>
						<method name="&lt;init&gt;" signature="()V" line-rate="1.0" branch-rate="1.0">
							<lines>
								<line number="9" hits="70" branch="false"/>
								<line number="10" hits="70" branch="false"/>
								<line number="11" hits="70" branch="false"/>
							</lines>
						</method>
						<method name="getAbonentId" signature="()I" line-rate="0.0" branch-rate="1.0">
							<lines>
								<line number="14" hits="0" branch="false"/>
							</lines>
						</method>
						<method name="hashCode" signature="()I" line-rate="1.0" branch-rate="1.0">
							<lines>
								<line number="18" hits="111" branch="false"/>
							</lines>
						</method>
					</methods>
					<lines>
						<line number="6" hits="1" branch="false"/>
						<line number="9" hits="70" branch="false"/>
						<line number="10" hits="70" branch="false"/>
						<line number="11" hits="70" branch="false"/>
						<line number="14" hits="0" branch="false"/>
						<line number="18" hits="111" branch="false"/>
					</lines>
				</class>
				<class name="base.AddressService" filename="base/AddressService.java" line-rate="1.0" branch-rate="1.0" complexity="1.0">
					<methods>
					</methods>
					<lines>
					</lines>
				</class>
				<class name="base.DataAccessObject" filename="base/DataAccessObject.java" line-rate="1.0" branch-rate="1.0" complexity="1.0">
					<methods>
					</methods>
					<lines>
					</lines>
				</class>
				<class name="base.Frontend" filename="base/Frontend.java" line-rate="1.0" branch-rate="1.0" complexity="1.0">
					<methods>
					</methods>
					<lines>
					</lines>
				</class>
				<class name="base.GameChat" filename="base/GameChat.java" line-rate="1.0" branch-rate="1.0" complexity="1.0">
					<methods>
					</methods>
					<lines>
					</lines>
				</class>
				<class name="base.GameMechanic" filename="base/GameMechanic.java" line-rate="1.0" branch-rate="1.0" complexity="1.0">
					<methods>
					</methods>
					<lines>
					</lines>
				</class>
				<class name="base.MessageSystem" filename="base/MessageSystem.java" line-rate="1.0" branch-rate="1.0" complexity="1.0">
					<methods>
					</methods>
					<lines>
					</lines>
				</class>
				<class name="base.Msg" filename="base/Msg.java" line-rate="0.8333333333333334" branch-rate="1.0" complexity="1.0">
					<methods>
						<method name="&lt;init&gt;" signature="(Lbase/Address;Lbase/Address;)V" line-rate="1.0" branch-rate="1.0">
							<lines>
								<line number="7" hits="18" branch="false"/>
								<line number="8" hits="18" branch="false"/>
								<line number="9" hits="18" branch="false"/>
								<line number="10" hits="18" branch="false"/>
							</lines>
						</method>
						<method name="getFrom" signature="()Lbase/Address;" line-rate="1.0" branch-rate="1.0">
							<lines>
								<line number="13" hits="1" branch="false"/>
							</lines>
						</method>
						<method name="getTo" signature="()Lbase/Address;" line-rate="0.0" branch-rate="1.0">
							<lines>
								<line number="17" hits="0" branch="false"/>
							</lines>
						</method>
					</methods>
					<lines>
						<line number="7" hits="18" branch="false"/>
						<line number="8" hits="18" branch="false"/>
						<line number="9" hits="18" branch="false"/>
						<line number="10" hits="18" branch="false"/>
						<line number="13" hits="1" branch="false"/>
						<line number="17" hits="0" branch="false"/>
					</lines>
				</class>
				<class name="base.UserData" filename="base/UserData.java" line-rate="1.0" branch-rate="1.0" complexity="1.0">
					<methods>
					</methods>
					<lines>
					</lines>
				</class>
				<class name="base.WebSocket" filename="base/WebSocket.java" line-rate="1.0" branch-rate="1.0" complexity="1.0">
					<methods>
					</methods>
					<lines>
					</lines>
				</class>
			</classes>
		</package>
		<package name="chat" line-rate="0.7761194029850746" branch-rate="0.7" complexity="1.7647058823529411">
			<classes>
				<class name="chat.ChatMessage" filename="chat/ChatMessage.java" line-rate="0.5714285714285714" branch-rate="1.0" complexity="1.0">
					<methods>
						<method name="&lt;init&gt;" signature="(Ljava/lang/String;Ljava/lang/String;)V" line-rate="1.0" branch-rate="1.0">
							<lines>
								<line number="6" hits="1" branch="false"/>
								<line number="7" hits="1" branch="false"/>
								<line number="8" hits="1" branch="false"/>
								<line number="9" hits="1" branch="false"/>
							</lines>
						</method>
						<method name="getMessage" signature="()Ljava/lang/String;" line-rate="0.0" branch-rate="1.0">
							<lines>
								<line number="16" hits="0" branch="false"/>
							</lines>
						</method>
						<method name="getSender" signature="()Ljava/lang/String;" line-rate="0.0" branch-rate="1.0">
							<lines>
								<line number="12" hits="0" branch="false"/>
							</lines>
						</method>
						<method name="json" signature="()Ljava/lang/String;" line-rate="0.0" branch-rate="1.0">
							<lines>
								<line number="20" hits="0" branch="false"/>
							</lines>
						</method>
					</methods>
					<lines>
						<line number="6" hits="1" branch="false"/>
						<line number="7" hits="1" branch="false"/>
						<line number="8" hits="1" branch="false"/>
						<line number="9" hits="1" branch="false"/>
						<line number="12" hits="0" branch="false"/>
						<line number="16" hits="0" branch="false"/>
						<line number="20" hits="0" branch="false"/>
					</lines>
				</class>
				<class name="chat.ChatWSImpl" filename="chat/ChatWSImpl.java" line-rate="0.8666666666666667" branch-rate="0.7222222222222222" complexity="3.2">
					<methods>
						<method name="&lt;init&gt;" signature="()V" line-rate="1.0" branch-rate="1.0">
							<lines>
								<line number="12" hits="3" branch="false"/>
								<line number="13" hits="3" branch="false"/>
							</lines>
						</method>
						<method name="addMessageToChat" signature="(Ljava/lang/String;Ljava/lang/String;)V" line-rate="1.0" branch-rate="0.5">
							<lines>
								<line number="51" hits="1" branch="false"/>
								<line number="52" hits="1" branch="true" condition-coverage="50% (1/2)">
									<conditions>
										<condition number="0" type="jump" coverage="50%"/>
									</conditions>
								</line>
								<line number="53" hits="1" branch="false"/>
								<line number="55" hits="1" branch="false"/>
							</lines>
						</method>
						<method name="addNewChater" signature="(Ljava/lang/String;)V" line-rate="1.0" branch-rate="1.0">
							<lines>
								<line number="47" hits="3" branch="false"/>
								<line number="48" hits="3" branch="false"/>
							</lines>
						</method>
						<method name="onWebSocketText" signature="(Ljava/lang/String;)V" line-rate="1.0" branch-rate="0.75">
							<lines>
								<line number="20" hits="5" branch="false"/>
								<line number="21" hits="5" branch="false"/>
								<line number="22" hits="5" branch="false"/>
								<line number="23" hits="5" branch="false"/>
								<line number="24" hits="5" branch="false"/>
								<line number="25" hits="5" branch="false"/>
								<line number="27" hits="5" branch="false"/>
								<line number="28" hits="5" branch="false"/>
								<line number="29" hits="5" branch="false"/>
								<line number="30" hits="5" branch="false"/>
								<line number="32" hits="2" branch="false"/>
								<line number="33" hits="2" branch="false"/>
								<line number="34" hits="3" branch="false"/>
								<line number="35" hits="5" branch="true" condition-coverage="80% (8/10)">
									<conditions>
										<condition number="0" type="jump" coverage="50%"/>
										<condition number="1" type="jump" coverage="50%"/>
										<condition number="2" type="jump" coverage="100%"/>
										<condition number="3" type="jump" coverage="100%"/>
										<condition number="4" type="jump" coverage="100%"/>
									</conditions>
								</line>
								<line number="39" hits="1" branch="false"/>
								<line number="41" hits="4" branch="true" condition-coverage="66% (4/6)">
									<conditions>
										<condition number="0" type="jump" coverage="50%"/>
										<condition number="1" type="jump" coverage="50%"/>
										<condition number="2" type="jump" coverage="100%"/>
									</conditions>
								</line>
								<line number="42" hits="3" branch="false"/>
								<line number="44" hits="5" branch="false"/>
							</lines>
						</method>
						<method name="sendMessage" signature="(Ljava/lang/String;Ljava/lang/String;)V" line-rate="0.0" branch-rate="1.0">
							<lines>
								<line number="59" hits="0" branch="false"/>
								<line number="61" hits="0" branch="false"/>
								<line number="62" hits="0" branch="false"/>
								<line number="63" hits="0" branch="false"/>
							</lines>
						</method>
					</methods>
					<lines>
						<line number="12" hits="3" branch="false"/>
						<line number="13" hits="3" branch="false"/>
						<line number="20" hits="5" branch="false"/>
						<line number="21" hits="5" branch="false"/>
						<line number="22" hits="5" branch="false"/>
						<line number="23" hits="5" branch="false"/>
						<line number="24" hits="5" branch="false"/>
						<line number="25" hits="5" branch="false"/>
						<line number="27" hits="5" branch="false"/>
						<line number="28" hits="5" branch="false"/>
						<line number="29" hits="5" branch="false"/>
						<line number="30" hits="5" branch="false"/>
						<line number="32" hits="2" branch="false"/>
						<line number="33" hits="2" branch="false"/>
						<line number="34" hits="3" branch="false"/>
						<line number="35" hits="5" branch="true" condition-coverage="80% (8/10)">
							<conditions>
								<condition number="0" type="jump" coverage="50%"/>
								<condition number="1" type="jump" coverage="50%"/>
								<condition number="2" type="jump" coverage="100%"/>
								<condition number="3" type="jump" coverage="100%"/>
								<condition number="4" type="jump" coverage="100%"/>
							</conditions>
						</line>
						<line number="39" hits="1" branch="false"/>
						<line number="41" hits="4" branch="true" condition-coverage="66% (4/6)">
							<conditions>
								<condition number="0" type="jump" coverage="50%"/>
								<condition number="1" type="jump" coverage="50%"/>
								<condition number="2" type="jump" coverage="100%"/>
							</conditions>
						</line>
						<line number="42" hits="3" branch="false"/>
						<line number="44" hits="5" branch="false"/>
						<line number="47" hits="3" branch="false"/>
						<line number="48" hits="3" branch="false"/>
						<line number="51" hits="1" branch="false"/>
						<line number="52" hits="1" branch="true" condition-coverage="50% (1/2)">
							<conditions>
								<condition number="0" type="jump" coverage="50%"/>
							</conditions>
						</line>
						<line number="53" hits="1" branch="false"/>
						<line number="55" hits="1" branch="false"/>
						<line number="59" hits="0" branch="false"/>
						<line number="61" hits="0" branch="false"/>
						<line number="62" hits="0" branch="false"/>
						<line number="63" hits="0" branch="false"/>
					</lines>
				</class>
				<class name="chat.ChatWSServletImpl" filename="chat/ChatWSServletImpl.java" line-rate="0.0" branch-rate="1.0" complexity="1.0">
					<methods>
						<method name="&lt;init&gt;" signature="()V" line-rate="0.0" branch-rate="1.0">
							<lines>
								<line number="8" hits="0" branch="false"/>
								<line number="9" hits="0" branch="false"/>
							</lines>
						</method>
						<method name="configure" signature="(Lorg/eclipse/jetty/websocket/servlet/WebSocketServletFactory;)V" line-rate="0.0" branch-rate="1.0">
							<lines>
								<line number="12" hits="0" branch="false"/>
								<line number="13" hits="0" branch="false"/>
							</lines>
						</method>
					</methods>
					<lines>
						<line number="8" hits="0" branch="false"/>
						<line number="9" hits="0" branch="false"/>
						<line number="12" hits="0" branch="false"/>
						<line number="13" hits="0" branch="false"/>
					</lines>
				</class>
				<class name="chat.GameChatImpl" filename="chat/GameChatImpl.java" line-rate="0.8461538461538461" branch-rate="0.5" complexity="1.3333333333333333">
					<methods>
						<method name="&lt;clinit&gt;" signature="()V" line-rate="1.0" branch-rate="1.0">
							<lines>
								<line number="20" hits="1" branch="false"/>
								<line number="22" hits="1" branch="false"/>
							</lines>
						</method>
						<method name="&lt;init&gt;" signature="(Lbase/MessageSystem;)V" line-rate="1.0" branch-rate="1.0">
							<lines>
								<line number="25" hits="6" branch="false"/>
								<line number="27" hits="6" branch="false"/>
								<line number="28" hits="6" branch="false"/>
								<line number="29" hits="6" branch="false"/>
								<line number="30" hits="6" branch="false"/>
							</lines>
						</method>
						<method name="createChat" signature="(Ljava/lang/String;Ljava/lang/String;)V" line-rate="1.0" branch-rate="1.0">
							<lines>
								<line number="41" hits="1" branch="false"/>
								<line number="42" hits="1" branch="false"/>
								<line number="43" hits="1" branch="false"/>
								<line number="44" hits="1" branch="false"/>
								<line number="45" hits="1" branch="false"/>
								<line number="46" hits="1" branch="false"/>
							</lines>
						</method>
						<method name="getAddress" signature="()Lbase/Address;" line-rate="1.0" branch-rate="1.0">
							<lines>
								<line number="33" hits="38" branch="false"/>
							</lines>
						</method>
						<method name="getMessageSystem" signature="()Lbase/MessageSystem;" line-rate="1.0" branch-rate="1.0">
							<lines>
								<line number="37" hits="1" branch="false"/>
							</lines>
						</method>
						<method name="run" signature="()V" line-rate="1.0" branch-rate="1.0">
							<lines>
								<line number="62" hits="35" branch="false"/>
								<line number="63" hits="35" branch="false"/>
							</lines>
						</method>
						<method name="sendMessage" signature="(Ljava/lang/String;Ljava/lang/String;)V" line-rate="0.5555555555555556" branch-rate="0.5">
							<lines>
								<line number="49" hits="1" branch="false"/>
								<line number="50" hits="1" branch="false"/>
								<line number="51" hits="1" branch="false"/>
								<line number="52" hits="1" branch="true" condition-coverage="50% (1/2)">
									<conditions>
										<condition number="0" type="jump" coverage="50%"/>
									</conditions>
								</line>
								<line number="53" hits="0" branch="false"/>
								<line number="54" hits="0" branch="false"/>
								<line number="55" hits="0" branch="false"/>
								<line number="56" hits="0" branch="false"/>
								<line number="58" hits="1" branch="false"/>
							</lines>
						</method>
					</methods>
					<lines>
						<line number="20" hits="1" branch="false"/>
						<line number="22" hits="1" branch="false"/>
						<line number="25" hits="6" branch="false"/>
						<line number="27" hits="6" branch="false"/>
						<line number="28" hits="6" branch="false"/>
						<line number="29" hits="6" branch="false"/>
						<line number="30" hits="6" branch="false"/>
						<line number="33" hits="38" branch="false"/>
						<line number="37" hits="1" branch="false"/>
						<line number="41" hits="1" branch="false"/>
						<line number="42" hits="1" branch="false"/>
						<line number="43" hits="1" branch="false"/>
						<line number="44" hits="1" branch="false"/>
						<line number="45" hits="1" branch="false"/>
						<line number="46" hits="1" branch="false"/>
						<line number="49" hits="1" branch="false"/>
						<line number="50" hits="1" branch="false"/>
						<line number="51" hits="1" branch="false"/>
						<line number="52" hits="1" branch="true" condition-coverage="50% (1/2)">
							<conditions>
								<condition number="0" type="jump" coverage="50%"/>
							</conditions>
						</line>
						<line number="53" hits="0" branch="false"/>
						<line number="54" hits="0" branch="false"/>
						<line number="55" hits="0" branch="false"/>
						<line number="56" hits="0" branch="false"/>
						<line number="58" hits="1" branch="false"/>
						<line number="62" hits="35" branch="false"/>
						<line number="63" hits="35" branch="false"/>
					</lines>
				</class>
			</classes>
		</package>
		<package name="dbService" line-rate="0.6244131455399061" branch-rate="0.9285714285714286" complexity="1.6111111111111112">
			<classes>
				<class name="dbService.DBServiceImpl" filename="dbService/DBServiceImpl.java" line-rate="0.9" branch-rate="1.0" complexity="1.9">
					<methods>
						<method name="&lt;init&gt;" signature="(Lbase/MessageSystem;)V" line-rate="0.7333333333333333" branch-rate="1.0">
							<lines>
								<line number="20" hits="3" branch="false"/>
								<line number="21" hits="3" branch="false"/>
								<line number="22" hits="3" branch="false"/>
								<line number="23" hits="3" branch="false"/>
								<line number="25" hits="3" branch="false"/>
								<line number="26" hits="3" branch="false"/>
								<line number="28" hits="0" branch="false"/>
								<line number="29" hits="0" branch="false"/>
								<line number="30" hits="3" branch="false"/>
								<line number="33" hits="3" branch="false"/>
								<line number="35" hits="3" branch="false"/>
								<line number="37" hits="0" branch="false"/>
								<line number="38" hits="0" branch="false"/>
								<line number="39" hits="3" branch="false"/>
								<line number="40" hits="3" branch="false"/>
							</lines>
						</method>
						<method name="addUDS" signature="(Ljava/lang/String;Ljava/lang/String;)Z" line-rate="1.0" branch-rate="1.0">
							<lines>
								<line number="77" hits="6" branch="false"/>
								<line number="78" hits="6" branch="true" condition-coverage="100% (2/2)">
									<conditions>
										<condition number="0" type="jump" coverage="100%"/>
									</conditions>
								</line>
								<line number="79" hits="5" branch="false"/>
								<line number="80" hits="6" branch="true" condition-coverage="100% (2/2)">
									<conditions>
										<condition number="0" type="jump" coverage="100%"/>
									</conditions>
								</line>
							</lines>
						</method>
						<method name="deleteUser" signature="(Ljava/lang/String;)Z" line-rate="1.0" branch-rate="1.0">
							<lines>
								<line number="95" hits="6" branch="false"/>
								<line number="96" hits="6" branch="true" condition-coverage="100% (2/2)">
									<conditions>
										<condition number="0" type="jump" coverage="100%"/>
									</conditions>
								</line>
								<line number="97" hits="5" branch="false"/>
								<line number="98" hits="6" branch="true" condition-coverage="100% (2/2)">
									<conditions>
										<condition number="0" type="jump" coverage="100%"/>
									</conditions>
								</line>
							</lines>
						</method>
						<method name="getAddress" signature="()Lbase/Address;" line-rate="1.0" branch-rate="1.0">
							<lines>
								<line number="48" hits="30" branch="false"/>
							</lines>
						</method>
						<method name="getConnction" signature="()Ljava/sql/Connection;" line-rate="1.0" branch-rate="1.0">
							<lines>
								<line number="41" hits="2" branch="false"/>
							</lines>
						</method>
						<method name="getMessageSystem" signature="()Lbase/MessageSystem;" line-rate="1.0" branch-rate="1.0">
							<lines>
								<line number="44" hits="1" branch="false"/>
							</lines>
						</method>
						<method name="getUDS" signature="(Ljava/lang/String;Ljava/lang/String;)LdbService/UserDataSet;" line-rate="1.0" branch-rate="1.0">
							<lines>
								<line number="52" hits="6" branch="false"/>
								<line number="73" hits="6" branch="false"/>
							</lines>
						</method>
						<method name="run" signature="()V" line-rate="1.0" branch-rate="1.0">
							<lines>
								<line number="104" hits="53" branch="false"/>
								<line number="105" hits="53" branch="false"/>
							</lines>
						</method>
						<method name="updateUsers" signature="(Ljava/util/List;)V" line-rate="1.0" branch-rate="1.0">
							<lines>
								<line number="84" hits="1" branch="false"/>
								<line number="85" hits="2" branch="true" condition-coverage="100% (2/2)">
									<conditions>
										<condition number="0" type="jump" coverage="100%"/>
									</conditions>
								</line>
								<line number="86" hits="1" branch="false"/>
								<line number="87" hits="1" branch="false"/>
								<line number="88" hits="1" branch="false"/>
								<line number="89" hits="1" branch="false"/>
								<line number="90" hits="1" branch="false"/>
								<line number="91" hits="1" branch="false"/>
								<line number="92" hits="1" branch="false"/>
								<line number="93" hits="1" branch="false"/>
							</lines>
						</method>
					</methods>
					<lines>
						<line number="20" hits="3" branch="false"/>
						<line number="21" hits="3" branch="false"/>
						<line number="22" hits="3" branch="false"/>
						<line number="23" hits="3" branch="false"/>
						<line number="25" hits="3" branch="false"/>
						<line number="26" hits="3" branch="false"/>
						<line number="28" hits="0" branch="false"/>
						<line number="29" hits="0" branch="false"/>
						<line number="30" hits="3" branch="false"/>
						<line number="33" hits="3" branch="false"/>
						<line number="35" hits="3" branch="false"/>
						<line number="37" hits="0" branch="false"/>
						<line number="38" hits="0" branch="false"/>
						<line number="39" hits="3" branch="false"/>
						<line number="40" hits="3" branch="false"/>
						<line number="41" hits="2" branch="false"/>
						<line number="44" hits="1" branch="false"/>
						<line number="48" hits="30" branch="false"/>
						<line number="52" hits="6" branch="false"/>
						<line number="73" hits="6" branch="false"/>
						<line number="77" hits="6" branch="false"/>
						<line number="78" hits="6" branch="true" condition-coverage="100% (2/2)">
							<conditions>
								<condition number="0" type="jump" coverage="100%"/>
							</conditions>
						</line>
						<line number="79" hits="5" branch="false"/>
						<line number="80" hits="6" branch="true" condition-coverage="100% (2/2)">
							<conditions>
								<condition number="0" type="jump" coverage="100%"/>
							</conditions>
						</line>
						<line number="84" hits="1" branch="false"/>
						<line number="85" hits="2" branch="true" condition-coverage="100% (2/2)">
							<conditions>
								<condition number="0" type="jump" coverage="100%"/>
							</conditions>
						</line>
						<line number="86" hits="1" branch="false"/>
						<line number="87" hits="1" branch="false"/>
						<line number="88" hits="1" branch="false"/>
						<line number="89" hits="1" branch="false"/>
						<line number="90" hits="1" branch="false"/>
						<line number="91" hits="1" branch="false"/>
						<line number="92" hits="1" branch="false"/>
						<line number="93" hits="1" branch="false"/>
						<line number="95" hits="6" branch="false"/>
						<line number="96" hits="6" branch="true" condition-coverage="100% (2/2)">
							<conditions>
								<condition number="0" type="jump" coverage="100%"/>
							</conditions>
						</line>
						<line number="97" hits="5" branch="false"/>
						<line number="98" hits="6" branch="true" condition-coverage="100% (2/2)">
							<conditions>
								<condition number="0" type="jump" coverage="100%"/>
							</conditions>
						</line>
						<line number="104" hits="53" branch="false"/>
						<line number="105" hits="53" branch="false"/>
					</lines>
				</class>
				<class name="dbService.DBServiceImpl$1" filename="dbService/DBServiceImpl.java" line-rate="0.6923076923076923" branch-rate="1.0" complexity="1.9">
					<methods>
						<method name="&lt;init&gt;" signature="(LdbService/DBServiceImpl;Ljava/lang/String;)V" line-rate="1.0" branch-rate="1.0">
							<lines>
							</lines>
						</method>
						<method name="handle" signature="(Ljava/sql/ResultSet;)LdbService/UserDataSet;" line-rate="0.6666666666666666" branch-rate="1.0">
							<lines>
								<line number="57" hits="6" branch="true" condition-coverage="100% (2/2)">
									<conditions>
										<condition number="0" type="jump" coverage="100%"/>
									</conditions>
								</line>
								<line number="58" hits="4" branch="false"/>
								<line number="59" hits="4" branch="false"/>
								<line number="60" hits="4" branch="false"/>
								<line number="61" hits="4" branch="false"/>
								<line number="62" hits="4" branch="false"/>
								<line number="65" hits="0" branch="false"/>
								<line number="66" hits="0" branch="false"/>
								<line number="67" hits="0" branch="false"/>
								<line number="68" hits="0" branch="false"/>
								<line number="69" hits="2" branch="false"/>
								<line number="70" hits="2" branch="false"/>
							</lines>
						</method>
						<method name="handle" signature="(Ljava/sql/ResultSet;)Ljava/lang/Object;" line-rate="1.0" branch-rate="1.0">
							<lines>
								<line number="53" hits="12" branch="false"/>
							</lines>
						</method>
					</methods>
					<lines>
						<line number="53" hits="12" branch="false"/>
						<line number="57" hits="6" branch="true" condition-coverage="100% (2/2)">
							<conditions>
								<condition number="0" type="jump" coverage="100%"/>
							</conditions>
						</line>
						<line number="58" hits="4" branch="false"/>
						<line number="59" hits="4" branch="false"/>
						<line number="60" hits="4" branch="false"/>
						<line number="61" hits="4" branch="false"/>
						<line number="62" hits="4" branch="false"/>
						<line number="65" hits="0" branch="false"/>
						<line number="66" hits="0" branch="false"/>
						<line number="67" hits="0" branch="false"/>
						<line number="68" hits="0" branch="false"/>
						<line number="69" hits="2" branch="false"/>
						<line number="70" hits="2" branch="false"/>
					</lines>
				</class>
				<class name="dbService.MsgUpdateUsers" filename="dbService/MsgUpdateUsers.java" line-rate="0.6" branch-rate="1.0" complexity="1.0">
					<methods>
						<method name="&lt;init&gt;" signature="(Lbase/Address;Lbase/Address;Ljava/util/List;)V" line-rate="1.0" branch-rate="1.0">
							<lines>
								<line number="14" hits="3" branch="false"/>
								<line number="15" hits="3" branch="false"/>
								<line number="16" hits="3" branch="false"/>
							</lines>
						</method>
						<method name="exec" signature="(Lbase/DataAccessObject;)V" line-rate="0.0" branch-rate="1.0">
							<lines>
								<line number="18" hits="0" branch="false"/>
								<line number="19" hits="0" branch="false"/>
							</lines>
						</method>
					</methods>
					<lines>
						<line number="14" hits="3" branch="false"/>
						<line number="15" hits="3" branch="false"/>
						<line number="16" hits="3" branch="false"/>
						<line number="18" hits="0" branch="false"/>
						<line number="19" hits="0" branch="false"/>
					</lines>
				</class>
				<class name="dbService.TExecutor" filename="dbService/TExecutor.java" line-rate="0.5185185185185185" branch-rate="0.5" complexity="3.1666666666666665">
					<methods>
						<method name="&lt;init&gt;" signature="()V" line-rate="0.0" branch-rate="1.0">
							<lines>
								<line number="8" hits="0" branch="false"/>
							</lines>
						</method>
						<method name="addUser" signature="(Ljava/sql/Connection;Ljava/lang/String;Ljava/lang/String;)V" line-rate="0.5882352941176471" branch-rate="1.0">
							<lines>
								<line number="41" hits="5" branch="false"/>
								<line number="42" hits="5" branch="false"/>
								<line number="45" hits="5" branch="false"/>
								<line number="46" hits="5" branch="false"/>
								<line number="47" hits="5" branch="false"/>
								<line number="48" hits="5" branch="false"/>
								<line number="49" hits="5" branch="false"/>
								<line number="51" hits="0" branch="false"/>
								<line number="52" hits="0" branch="false"/>
								<line number="53" hits="0" branch="false"/>
								<line number="54" hits="0" branch="false"/>
								<line number="57" hits="0" branch="false"/>
								<line number="58" hits="5" branch="false"/>
								<line number="60" hits="0" branch="false"/>
								<line number="61" hits="5" branch="false"/>
								<line number="62" hits="0" branch="false"/>
								<line number="63" hits="5" branch="false"/>
							</lines>
						</method>
						<method name="deleteUser" signature="(Ljava/sql/Connection;Ljava/lang/String;)V" line-rate="0.8" branch-rate="1.0">
							<lines>
								<line number="123" hits="5" branch="false"/>
								<line number="124" hits="5" branch="false"/>
								<line number="126" hits="5" branch="false"/>
								<line number="127" hits="5" branch="false"/>
								<line number="128" hits="5" branch="false"/>
								<line number="129" hits="5" branch="false"/>
								<line number="130" hits="0" branch="false"/>
								<line number="131" hits="0" branch="false"/>
								<line number="132" hits="5" branch="false"/>
								<line number="133" hits="5" branch="false"/>
							</lines>
						</method>
						<method name="execQuery" signature="(Ljava/sql/Connection;Ljava/lang/String;LdbService/TResultHandler;)Ljava/lang/Object;" line-rate="0.0" branch-rate="1.0">
							<lines>
								<line number="11" hits="0" branch="false"/>
								<line number="12" hits="0" branch="false"/>
								<line number="13" hits="0" branch="false"/>
								<line number="15" hits="0" branch="false"/>
								<line number="16" hits="0" branch="false"/>
								<line number="17" hits="0" branch="false"/>
								<line number="18" hits="0" branch="false"/>
								<line number="20" hits="0" branch="false"/>
								<line number="21" hits="0" branch="false"/>
								<line number="22" hits="0" branch="false"/>
								<line number="23" hits="0" branch="false"/>
								<line number="26" hits="0" branch="false"/>
								<line number="27" hits="0" branch="false"/>
								<line number="29" hits="0" branch="false"/>
								<line number="30" hits="0" branch="false"/>
								<line number="32" hits="0" branch="false"/>
								<line number="34" hits="0" branch="false"/>
								<line number="35" hits="0" branch="false"/>
								<line number="36" hits="0" branch="false"/>
								<line number="37" hits="0" branch="false"/>
							</lines>
						</method>
						<method name="findUser" signature="(Ljava/sql/Connection;Ljava/lang/String;)I" line-rate="0.6190476190476191" branch-rate="0.5">
							<lines>
								<line number="66" hits="14" branch="false"/>
								<line number="67" hits="14" branch="false"/>
								<line number="68" hits="14" branch="false"/>
								<line number="70" hits="14" branch="false"/>
								<line number="71" hits="14" branch="false"/>
								<line number="72" hits="14" branch="false"/>
								<line number="73" hits="14" branch="false"/>
								<line number="74" hits="14" branch="true" condition-coverage="50% (1/2)">
									<conditions>
										<condition number="0" type="jump" coverage="50%"/>
									</conditions>
								</line>
								<line number="75" hits="14" branch="false"/>
								<line number="76" hits="14" branch="false"/>
								<line number="78" hits="0" branch="false"/>
								<line number="79" hits="0" branch="false"/>
								<line number="80" hits="0" branch="false"/>
								<line number="81" hits="0" branch="false"/>
								<line number="82" hits="0" branch="false"/>
								<line number="85" hits="0" branch="false"/>
								<line number="86" hits="14" branch="false"/>
								<line number="88" hits="0" branch="false"/>
								<line number="89" hits="14" branch="false"/>
								<line number="90" hits="0" branch="false"/>
								<line number="91" hits="14" branch="false"/>
							</lines>
						</method>
						<method name="getUDS" signature="(Ljava/sql/Connection;Ljava/lang/String;Ljava/lang/String;LdbService/TResultHandler;)Ljava/lang/Object;" line-rate="0.65" branch-rate="1.0">
							<lines>
								<line number="96" hits="6" branch="false"/>
								<line number="97" hits="6" branch="false"/>
								<line number="98" hits="6" branch="false"/>
								<line number="100" hits="6" branch="false"/>
								<line number="101" hits="6" branch="false"/>
								<line number="102" hits="6" branch="false"/>
								<line number="103" hits="6" branch="false"/>
								<line number="104" hits="6" branch="false"/>
								<line number="105" hits="6" branch="false"/>
								<line number="106" hits="6" branch="false"/>
								<line number="108" hits="0" branch="false"/>
								<line number="109" hits="0" branch="false"/>
								<line number="110" hits="0" branch="false"/>
								<line number="111" hits="0" branch="false"/>
								<line number="114" hits="0" branch="false"/>
								<line number="115" hits="6" branch="false"/>
								<line number="117" hits="0" branch="false"/>
								<line number="118" hits="6" branch="false"/>
								<line number="119" hits="0" branch="false"/>
								<line number="120" hits="6" branch="false"/>
							</lines>
						</method>
						<method name="updateUser" signature="(Ljava/sql/Connection;Ljava/lang/String;III)V" line-rate="0.631578947368421" branch-rate="1.0">
							<lines>
								<line number="136" hits="1" branch="false"/>
								<line number="137" hits="1" branch="false"/>
								<line number="141" hits="1" branch="false"/>
								<line number="142" hits="1" branch="false"/>
								<line number="143" hits="1" branch="false"/>
								<line number="144" hits="1" branch="false"/>
								<line number="145" hits="1" branch="false"/>
								<line number="146" hits="1" branch="false"/>
								<line number="147" hits="1" branch="false"/>
								<line number="149" hits="0" branch="false"/>
								<line number="150" hits="0" branch="false"/>
								<line number="151" hits="0" branch="false"/>
								<line number="152" hits="0" branch="false"/>
								<line number="155" hits="0" branch="false"/>
								<line number="156" hits="1" branch="false"/>
								<line number="158" hits="0" branch="false"/>
								<line number="159" hits="1" branch="false"/>
								<line number="160" hits="0" branch="false"/>
								<line number="161" hits="1" branch="false"/>
							</lines>
						</method>
					</methods>
					<lines>
						<line number="8" hits="0" branch="false"/>
						<line number="11" hits="0" branch="false"/>
						<line number="12" hits="0" branch="false"/>
						<line number="13" hits="0" branch="false"/>
						<line number="15" hits="0" branch="false"/>
						<line number="16" hits="0" branch="false"/>
						<line number="17" hits="0" branch="false"/>
						<line number="18" hits="0" branch="false"/>
						<line number="20" hits="0" branch="false"/>
						<line number="21" hits="0" branch="false"/>
						<line number="22" hits="0" branch="false"/>
						<line number="23" hits="0" branch="false"/>
						<line number="26" hits="0" branch="false"/>
						<line number="27" hits="0" branch="false"/>
						<line number="29" hits="0" branch="false"/>
						<line number="30" hits="0" branch="false"/>
						<line number="32" hits="0" branch="false"/>
						<line number="34" hits="0" branch="false"/>
						<line number="35" hits="0" branch="false"/>
						<line number="36" hits="0" branch="false"/>
						<line number="37" hits="0" branch="false"/>
						<line number="41" hits="5" branch="false"/>
						<line number="42" hits="5" branch="false"/>
						<line number="45" hits="5" branch="false"/>
						<line number="46" hits="5" branch="false"/>
						<line number="47" hits="5" branch="false"/>
						<line number="48" hits="5" branch="false"/>
						<line number="49" hits="5" branch="false"/>
						<line number="51" hits="0" branch="false"/>
						<line number="52" hits="0" branch="false"/>
						<line number="53" hits="0" branch="false"/>
						<line number="54" hits="0" branch="false"/>
						<line number="57" hits="0" branch="false"/>
						<line number="58" hits="5" branch="false"/>
						<line number="60" hits="0" branch="false"/>
						<line number="61" hits="5" branch="false"/>
						<line number="62" hits="0" branch="false"/>
						<line number="63" hits="5" branch="false"/>
						<line number="66" hits="14" branch="false"/>
						<line number="67" hits="14" branch="false"/>
						<line number="68" hits="14" branch="false"/>
						<line number="70" hits="14" branch="false"/>
						<line number="71" hits="14" branch="false"/>
						<line number="72" hits="14" branch="false"/>
						<line number="73" hits="14" branch="false"/>
						<line number="74" hits="14" branch="true" condition-coverage="50% (1/2)">
							<conditions>
								<condition number="0" type="jump" coverage="50%"/>
							</conditions>
						</line>
						<line number="75" hits="14" branch="false"/>
						<line number="76" hits="14" branch="false"/>
						<line number="78" hits="0" branch="false"/>
						<line number="79" hits="0" branch="false"/>
						<line number="80" hits="0" branch="false"/>
						<line number="81" hits="0" branch="false"/>
						<line number="82" hits="0" branch="false"/>
						<line number="85" hits="0" branch="false"/>
						<line number="86" hits="14" branch="false"/>
						<line number="88" hits="0" branch="false"/>
						<line number="89" hits="14" branch="false"/>
						<line number="90" hits="0" branch="false"/>
						<line number="91" hits="14" branch="false"/>
						<line number="96" hits="6" branch="false"/>
						<line number="97" hits="6" branch="false"/>
						<line number="98" hits="6" branch="false"/>
						<line number="100" hits="6" branch="false"/>
						<line number="101" hits="6" branch="false"/>
						<line number="102" hits="6" branch="false"/>
						<line number="103" hits="6" branch="false"/>
						<line number="104" hits="6" branch="false"/>
						<line number="105" hits="6" branch="false"/>
						<line number="106" hits="6" branch="false"/>
						<line number="108" hits="0" branch="false"/>
						<line number="109" hits="0" branch="false"/>
						<line number="110" hits="0" branch="false"/>
						<line number="111" hits="0" branch="false"/>
						<line number="114" hits="0" branch="false"/>
						<line number="115" hits="6" branch="false"/>
						<line number="117" hits="0" branch="false"/>
						<line number="118" hits="6" branch="false"/>
						<line number="119" hits="0" branch="false"/>
						<line number="120" hits="6" branch="false"/>
						<line number="123" hits="5" branch="false"/>
						<line number="124" hits="5" branch="false"/>
						<line number="126" hits="5" branch="false"/>
						<line number="127" hits="5" branch="false"/>
						<line number="128" hits="5" branch="false"/>
						<line number="129" hits="5" branch="false"/>
						<line number="130" hits="0" branch="false"/>
						<line number="131" hits="0" branch="false"/>
						<line number="132" hits="5" branch="false"/>
						<line number="133" hits="5" branch="false"/>
						<line number="136" hits="1" branch="false"/>
						<line number="137" hits="1" branch="false"/>
						<line number="141" hits="1" branch="false"/>
						<line number="142" hits="1" branch="false"/>
						<line number="143" hits="1" branch="false"/>
						<line number="144" hits="1" branch="false"/>
						<line number="145" hits="1" branch="false"/>
						<line number="146" hits="1" branch="false"/>
						<line number="147" hits="1" branch="false"/>
						<line number="149" hits="0" branch="false"/>
						<line number="150" hits="0" branch="false"/>
						<line number="151" hits="0" branch="false"/>
						<line number="152" hits="0" branch="false"/>
						<line number="155" hits="0" branch="false"/>
						<line number="156" hits="1" branch="false"/>
						<line number="158" hits="0" branch="false"/>
						<line number="159" hits="1" branch="false"/>
						<line number="160" hits="0" branch="false"/>
						<line number="161" hits="1" branch="false"/>
					</lines>
				</class>
				<class name="dbService.TResultHandler" filename="dbService/TResultHandler.java" line-rate="1.0" branch-rate="1.0" complexity="1.0">
					<methods>
					</methods>
					<lines>
					</lines>
				</class>
				<class name="dbService.UserDataSet" filename="dbService/UserDataSet.java" line-rate="0.6170212765957447" branch-rate="1.0" complexity="1.0">
					<methods>
						<method name="&lt;init&gt;" signature="()V" line-rate="1.0" branch-rate="1.0">
							<lines>
								<line number="24" hits="21" branch="false"/>
								<line number="25" hits="21" branch="false"/>
								<line number="26" hits="21" branch="false"/>
								<line number="27" hits="21" branch="false"/>
								<line number="28" hits="21" branch="false"/>
								<line number="29" hits="21" branch="false"/>
								<line number="30" hits="21" branch="false"/>
							</lines>
						</method>
						<method name="&lt;init&gt;" signature="(ILjava/lang/String;III)V" line-rate="1.0" branch-rate="1.0">
							<lines>
								<line number="13" hits="18" branch="false"/>
								<line number="14" hits="18" branch="false"/>
								<line number="15" hits="18" branch="false"/>
								<line number="16" hits="18" branch="false"/>
								<line number="17" hits="18" branch="false"/>
								<line number="18" hits="18" branch="false"/>
								<line number="19" hits="18" branch="false"/>
								<line number="20" hits="18" branch="false"/>
								<line number="21" hits="18" branch="false"/>
								<line number="22" hits="18" branch="false"/>
							</lines>
						</method>
						<method name="getColor" signature="()Ljava/lang/String;" line-rate="0.0" branch-rate="1.0">
							<lines>
								<line number="74" hits="0" branch="false"/>
							</lines>
						</method>
						<method name="getId" signature="()I" line-rate="1.0" branch-rate="1.0">
							<lines>
								<line number="48" hits="38" branch="false"/>
							</lines>
						</method>
						<method name="getLastVisit" signature="()J" line-rate="1.0" branch-rate="1.0">
							<lines>
								<line number="56" hits="14" branch="false"/>
							</lines>
						</method>
						<method name="getLoseQuantity" signature="()I" line-rate="1.0" branch-rate="1.0">
							<lines>
								<line number="85" hits="1" branch="false"/>
							</lines>
						</method>
						<method name="getNick" signature="()Ljava/lang/String;" line-rate="1.0" branch-rate="1.0">
							<lines>
								<line number="44" hits="19" branch="false"/>
							</lines>
						</method>
						<method name="getPostStatus" signature="()I" line-rate="1.0" branch-rate="1.0">
							<lines>
								<line number="64" hits="2" branch="false"/>
							</lines>
						</method>
						<method name="getRating" signature="()I" line-rate="1.0" branch-rate="1.0">
							<lines>
								<line number="78" hits="14" branch="false"/>
							</lines>
						</method>
						<method name="getWinQuantity" signature="()I" line-rate="1.0" branch-rate="1.0">
							<lines>
								<line number="82" hits="1" branch="false"/>
							</lines>
						</method>
						<method name="lose" signature="(I)V" line-rate="0.0" branch-rate="1.0">
							<lines>
								<line number="88" hits="0" branch="false"/>
								<line number="89" hits="0" branch="false"/>
								<line number="90" hits="0" branch="false"/>
							</lines>
						</method>
						<method name="makeLike" signature="(LdbService/UserDataSet;)V" line-rate="0.0" branch-rate="1.0">
							<lines>
								<line number="33" hits="0" branch="false"/>
								<line number="34" hits="0" branch="false"/>
								<line number="35" hits="0" branch="false"/>
								<line number="36" hits="0" branch="false"/>
								<line number="37" hits="0" branch="false"/>
								<line number="38" hits="0" branch="false"/>
								<line number="39" hits="0" branch="false"/>
								<line number="40" hits="0" branch="false"/>
								<line number="41" hits="0" branch="false"/>
							</lines>
						</method>
						<method name="setColor" signature="(Ljava/lang/String;)V" line-rate="0.0" branch-rate="1.0">
							<lines>
								<line number="70" hits="0" branch="false"/>
								<line number="71" hits="0" branch="false"/>
							</lines>
						</method>
						<method name="setId" signature="(I)V" line-rate="1.0" branch-rate="1.0">
							<lines>
								<line number="67" hits="5" branch="false"/>
							</lines>
						</method>
						<method name="setPostStatus" signature="(I)V" line-rate="1.0" branch-rate="1.0">
							<lines>
								<line number="60" hits="8" branch="false"/>
								<line number="61" hits="8" branch="false"/>
							</lines>
						</method>
						<method name="visit" signature="()V" line-rate="1.0" branch-rate="1.0">
							<lines>
								<line number="52" hits="27" branch="false"/>
								<line number="53" hits="27" branch="false"/>
							</lines>
						</method>
						<method name="win" signature="(I)V" line-rate="0.0" branch-rate="1.0">
							<lines>
								<line number="93" hits="0" branch="false"/>
								<line number="94" hits="0" branch="false"/>
								<line number="95" hits="0" branch="false"/>
							</lines>
						</method>
					</methods>
					<lines>
						<line number="13" hits="18" branch="false"/>
						<line number="14" hits="18" branch="false"/>
						<line number="15" hits="18" branch="false"/>
						<line number="16" hits="18" branch="false"/>
						<line number="17" hits="18" branch="false"/>
						<line number="18" hits="18" branch="false"/>
						<line number="19" hits="18" branch="false"/>
						<line number="20" hits="18" branch="false"/>
						<line number="21" hits="18" branch="false"/>
						<line number="22" hits="18" branch="false"/>
						<line number="24" hits="21" branch="false"/>
						<line number="25" hits="21" branch="false"/>
						<line number="26" hits="21" branch="false"/>
						<line number="27" hits="21" branch="false"/>
						<line number="28" hits="21" branch="false"/>
						<line number="29" hits="21" branch="false"/>
						<line number="30" hits="21" branch="false"/>
						<line number="33" hits="0" branch="false"/>
						<line number="34" hits="0" branch="false"/>
						<line number="35" hits="0" branch="false"/>
						<line number="36" hits="0" branch="false"/>
						<line number="37" hits="0" branch="false"/>
						<line number="38" hits="0" branch="false"/>
						<line number="39" hits="0" branch="false"/>
						<line number="40" hits="0" branch="false"/>
						<line number="41" hits="0" branch="false"/>
						<line number="44" hits="19" branch="false"/>
						<line number="48" hits="38" branch="false"/>
						<line number="52" hits="27" branch="false"/>
						<line number="53" hits="27" branch="false"/>
						<line number="56" hits="14" branch="false"/>
						<line number="60" hits="8" branch="false"/>
						<line number="61" hits="8" branch="false"/>
						<line number="64" hits="2" branch="false"/>
						<line number="67" hits="5" branch="false"/>
						<line number="70" hits="0" branch="false"/>
						<line number="71" hits="0" branch="false"/>
						<line number="74" hits="0" branch="false"/>
						<line number="78" hits="14" branch="false"/>
						<line number="82" hits="1" branch="false"/>
						<line number="85" hits="1" branch="false"/>
						<line number="88" hits="0" branch="false"/>
						<line number="89" hits="0" branch="false"/>
						<line number="90" hits="0" branch="false"/>
						<line number="93" hits="0" branch="false"/>
						<line number="94" hits="0" branch="false"/>
						<line number="95" hits="0" branch="false"/>
					</lines>
				</class>
			</classes>
		</package>
		<package name="frontend" line-rate="0.8914141414141414" branch-rate="0.8975903614457831" complexity="2.6666666666666665">
			<classes>
				<class name="frontend.FrontendImpl" filename="frontend/FrontendImpl.java" line-rate="0.9871794871794872" branch-rate="0.875" complexity="4.266666666666667">
					<methods>
						<method name="&lt;init&gt;" signature="(Lbase/MessageSystem;)V" line-rate="1.0" branch-rate="1.0">
							<lines>
								<line number="31" hits="23" branch="false"/>
								<line number="36" hits="23" branch="false"/>
								<line number="37" hits="23" branch="false"/>
								<line number="38" hits="23" branch="false"/>
								<line number="39" hits="23" branch="false"/>
								<line number="40" hits="23" branch="false"/>
							</lines>
						</method>
						<method name="getAddress" signature="()Lbase/Address;" line-rate="1.0" branch-rate="1.0">
							<lines>
								<line number="43" hits="2" branch="false"/>
							</lines>
						</method>
						<method name="getCreatorSessionId" signature="()Ljava/util/concurrent/atomic/AtomicInteger;" line-rate="1.0" branch-rate="1.0">
							<lines>
								<line number="45" hits="5" branch="false"/>
							</lines>
						</method>
						<method name="getStatistic" signature="(Ljavax/servlet/http/HttpServletResponse;LdbService/UserDataSet;)V" line-rate="0.9411764705882353" branch-rate="1.0">
							<lines>
								<line number="48" hits="2" branch="false"/>
								<line number="49" hits="2" branch="false"/>
								<line number="50" hits="2" branch="false"/>
								<line number="51" hits="2" branch="false"/>
								<line number="52" hits="2" branch="false"/>
								<line number="53" hits="2" branch="false"/>
								<line number="54" hits="2" branch="false"/>
								<line number="55" hits="2" branch="false"/>
								<line number="56" hits="2" branch="false"/>
								<line number="57" hits="2" branch="false"/>
								<line number="58" hits="2" branch="false"/>
								<line number="59" hits="2" branch="false"/>
								<line number="60" hits="2" branch="false"/>
								<line number="62" hits="2" branch="false"/>
								<line number="63" hits="0" branch="false"/>
								<line number="64" hits="2" branch="false"/>
								<line number="65" hits="2" branch="false"/>
							</lines>
						</method>
						<method name="getStatus" signature="(Ljavax/servlet/http/HttpServletRequest;Ljava/lang/String;Lfrontend/FrontendImpl$status;Ljava/lang/String;)Lfrontend/FrontendImpl$status;" line-rate="1.0" branch-rate="0.8125">
							<lines>
								<line number="68" hits="20" branch="true" condition-coverage="100% (4/4)">
									<conditions>
										<condition number="0" type="jump" coverage="100%"/>
										<condition number="1" type="jump" coverage="100%"/>
									</conditions>
								</line>
								<line number="69" hits="4" branch="false"/>
								<line number="70" hits="18" branch="true" condition-coverage="100% (4/4)">
									<conditions>
										<condition number="0" type="jump" coverage="100%"/>
										<condition number="1" type="jump" coverage="100%"/>
									</conditions>
								</line>
								<line number="71" hits="5" branch="false"/>
								<line number="72" hits="18" branch="true" condition-coverage="100% (2/2)">
									<conditions>
										<condition number="0" type="jump" coverage="100%"/>
									</conditions>
								</line>
								<line number="73" hits="2" branch="true" condition-coverage="50% (3/6)">
									<conditions>
										<condition number="0" type="jump" coverage="50%"/>
										<condition number="1" type="jump" coverage="0%"/>
										<condition number="2" type="jump" coverage="100%"/>
									</conditions>
								</line>
								<line number="75" hits="1" branch="false"/>
								<line number="77" hits="1" branch="false"/>
								<line number="79" hits="18" branch="false"/>
							</lines>
						</method>
						<method name="handle" signature="(Ljava/lang/String;Lorg/eclipse/jetty/server/Request;Ljavax/servlet/http/HttpServletRequest;Ljavax/servlet/http/HttpServletResponse;)V" line-rate="1.0" branch-rate="1.0">
							<lines>
								<line number="214" hits="22" branch="false"/>
								<line number="215" hits="22" branch="false"/>
								<line number="216" hits="22" branch="false"/>
								<line number="217" hits="22" branch="false"/>
								<line number="218" hits="22" branch="false"/>
								<line number="220" hits="22" branch="false"/>
								<line number="222" hits="22" branch="true" condition-coverage="100% (2/2)">
									<conditions>
										<condition number="0" type="jump" coverage="100%"/>
									</conditions>
								</line>
								<line number="223" hits="2" branch="false"/>
								<line number="224" hits="2" branch="false"/>
								<line number="225" hits="2" branch="false"/>
								<line number="226" hits="2" branch="false"/>
								<line number="229" hits="20" branch="false"/>
								<line number="230" hits="20" branch="false"/>
								<line number="232" hits="22" branch="true" condition-coverage="100% (2/2)">
									<conditions>
										<condition number="0" type="jump" coverage="100%"/>
									</conditions>
								</line>
								<line number="233" hits="2" branch="false"/>
								<line number="234" hits="2" branch="false"/>
								<line number="236" hits="20" branch="false"/>
								<line number="237" hits="20" branch="false"/>
								<line number="238" hits="18" branch="true" condition-coverage="100% (2/2)">
									<conditions>
										<condition number="0" type="jump" coverage="100%"/>
									</conditions>
								</line>
								<line number="239" hits="14" branch="true" condition-coverage="100% (2/2)">
									<conditions>
										<condition number="0" type="jump" coverage="100%"/>
									</conditions>
								</line>
								<line number="240" hits="2" branch="false"/>
								<line number="241" hits="2" branch="false"/>
								<line number="243" hits="12" branch="true" condition-coverage="100% (2/2)">
									<conditions>
										<condition number="0" type="jump" coverage="100%"/>
									</conditions>
								</line>
								<line number="244" hits="1" branch="false"/>
								<line number="245" hits="1" branch="false"/>
								<line number="248" hits="15" branch="true" condition-coverage="100% (6/6)">
									<conditions>
										<condition number="0" type="switch" coverage="100%"/>
									</conditions>
								</line>
								<line number="250" hits="2" branch="false"/>
								<line number="251" hits="2" branch="false"/>
								<line number="253" hits="3" branch="false"/>
								<line number="254" hits="3" branch="false"/>
								<line number="256" hits="4" branch="false"/>
								<line number="257" hits="4" branch="false"/>
								<line number="259" hits="1" branch="false"/>
								<line number="260" hits="1" branch="false"/>
								<line number="262" hits="5" branch="false"/>
								<line number="265" hits="15" branch="false"/>
							</lines>
						</method>
						<method name="inWeb" signature="(Ljava/lang/String;)Z" line-rate="1.0" branch-rate="1.0">
							<lines>
								<line number="90" hits="22" branch="true" condition-coverage="100% (16/16)">
									<conditions>
										<condition number="0" type="jump" coverage="100%"/>
										<condition number="1" type="jump" coverage="100%"/>
										<condition number="2" type="jump" coverage="100%"/>
										<condition number="3" type="jump" coverage="100%"/>
										<condition number="4" type="jump" coverage="100%"/>
										<condition number="5" type="jump" coverage="100%"/>
										<condition number="6" type="jump" coverage="100%"/>
										<condition number="7" type="jump" coverage="100%"/>
									</conditions>
								</line>
							</lines>
						</method>
						<method name="newUser" signature="(Ljava/lang/String;Ljava/lang/String;)Z" line-rate="1.0" branch-rate="0.625">
							<lines>
								<line number="95" hits="22" branch="true" condition-coverage="62% (5/8)">
									<conditions>
										<condition number="0" type="jump" coverage="50%"/>
										<condition number="1" type="jump" coverage="50%"/>
										<condition number="2" type="jump" coverage="50%"/>
										<condition number="3" type="jump" coverage="100%"/>
									</conditions>
								</line>
							</lines>
						</method>
						<method name="onHaveCookieAndPostStatus" signature="(Ljava/lang/String;Ljava/lang/String;LdbService/UserDataSet;Ljavax/servlet/http/HttpServletRequest;Ljavax/servlet/http/HttpServletResponse;)V" line-rate="1.0" branch-rate="0.6428571428571429">
							<lines>
								<line number="150" hits="4" branch="false"/>
								<line number="151" hits="4" branch="false"/>
								<line number="152" hits="4" branch="true" condition-coverage="75% (3/4)">
									<conditions>
										<condition number="0" type="jump" coverage="100%"/>
										<condition number="1" type="jump" coverage="50%"/>
									</conditions>
								</line>
								<line number="153" hits="3" branch="false"/>
								<line number="154" hits="3" branch="false"/>
								<line number="155" hits="3" branch="true" condition-coverage="60% (6/10)">
									<conditions>
										<condition number="0" type="jump" coverage="100%"/>
										<condition number="1" type="jump" coverage="50%"/>
										<condition number="2" type="jump" coverage="50%"/>
										<condition number="3" type="jump" coverage="50%"/>
										<condition number="4" type="jump" coverage="50%"/>
									</conditions>
								</line>
								<line number="156" hits="2" branch="false"/>
								<line number="159" hits="1" branch="false"/>
								<line number="160" hits="1" branch="false"/>
								<line number="161" hits="1" branch="false"/>
								<line number="162" hits="1" branch="false"/>
								<line number="163" hits="1" branch="false"/>
								<line number="164" hits="1" branch="false"/>
								<line number="165" hits="1" branch="false"/>
								<line number="166" hits="1" branch="false"/>
								<line number="167" hits="1" branch="false"/>
								<line number="170" hits="1" branch="false"/>
								<line number="171" hits="1" branch="false"/>
								<line number="172" hits="1" branch="false"/>
								<line number="173" hits="1" branch="false"/>
								<line number="174" hits="1" branch="false"/>
								<line number="175" hits="1" branch="false"/>
								<line number="176" hits="1" branch="false"/>
								<line number="177" hits="1" branch="false"/>
								<line number="179" hits="4" branch="false"/>
							</lines>
						</method>
						<method name="onHaveCookieStatus" signature="(Ljava/lang/String;LdbService/UserDataSet;Ljavax/servlet/http/HttpServletResponse;)V" line-rate="1.0" branch-rate="1.0">
							<lines>
								<line number="137" hits="3" branch="true" condition-coverage="100% (2/2)">
									<conditions>
										<condition number="0" type="jump" coverage="100%"/>
									</conditions>
								</line>
								<line number="138" hits="1" branch="false"/>
								<line number="140" hits="2" branch="true" condition-coverage="100% (2/2)">
									<conditions>
										<condition number="0" type="jump" coverage="100%"/>
									</conditions>
								</line>
								<line number="141" hits="1" branch="false"/>
								<line number="144" hits="1" branch="false"/>
								<line number="145" hits="1" branch="false"/>
								<line number="147" hits="3" branch="false"/>
							</lines>
						</method>
						<method name="onNothingStatus" signature="(Ljava/lang/String;Ljava/lang/String;LdbService/UserDataSet;Ljava/lang/String;Ljavax/servlet/http/HttpServletResponse;)V" line-rate="1.0" branch-rate="1.0">
							<lines>
								<line number="121" hits="2" branch="false"/>
								<line number="122" hits="2" branch="true" condition-coverage="100% (2/2)">
									<conditions>
										<condition number="0" type="jump" coverage="100%"/>
									</conditions>
								</line>
								<line number="123" hits="1" branch="false"/>
								<line number="124" hits="1" branch="false"/>
								<line number="125" hits="1" branch="false"/>
								<line number="127" hits="2" branch="false"/>
								<line number="128" hits="2" branch="false"/>
								<line number="129" hits="2" branch="false"/>
								<line number="130" hits="2" branch="false"/>
								<line number="131" hits="2" branch="true" condition-coverage="100% (2/2)">
									<conditions>
										<condition number="0" type="jump" coverage="100%"/>
									</conditions>
								</line>
								<line number="132" hits="1" branch="false"/>
								<line number="134" hits="2" branch="false"/>
							</lines>
						</method>
						<method name="onReadyStatus" signature="(Ljava/lang/String;Ljava/lang/String;LdbService/UserDataSet;Ljavax/servlet/http/HttpServletResponse;)V" line-rate="1.0" branch-rate="1.0">
							<lines>
								<line number="186" hits="5" branch="true" condition-coverage="100% (2/2)">
									<conditions>
										<condition number="0" type="jump" coverage="100%"/>
									</conditions>
								</line>
								<line number="187" hits="1" branch="false"/>
								<line number="188" hits="1" branch="false"/>
								<line number="190" hits="4" branch="true" condition-coverage="100% (2/2)">
									<conditions>
										<condition number="0" type="jump" coverage="100%"/>
									</conditions>
								</line>
								<line number="191" hits="1" branch="false"/>
								<line number="192" hits="1" branch="false"/>
								<line number="193" hits="1" branch="false"/>
								<line number="195" hits="3" branch="true" condition-coverage="100% (2/2)">
									<conditions>
										<condition number="0" type="jump" coverage="100%"/>
									</conditions>
								</line>
								<line number="196" hits="1" branch="false"/>
								<line number="197" hits="1" branch="false"/>
								<line number="198" hits="1" branch="false"/>
								<line number="199" hits="1" branch="false"/>
								<line number="200" hits="1" branch="false"/>
								<line number="201" hits="1" branch="false"/>
								<line number="202" hits="1" branch="false"/>
								<line number="203" hits="2" branch="true" condition-coverage="100% (2/2)">
									<conditions>
										<condition number="0" type="jump" coverage="100%"/>
									</conditions>
								</line>
								<line number="204" hits="1" branch="false"/>
								<line number="207" hits="1" branch="false"/>
								<line number="208" hits="1" branch="false"/>
								<line number="210" hits="5" branch="false"/>
							</lines>
						</method>
						<method name="onWaitingStatus" signature="(Ljavax/servlet/http/HttpServletResponse;)V" line-rate="1.0" branch-rate="1.0">
							<lines>
								<line number="182" hits="1" branch="false"/>
								<line number="183" hits="1" branch="false"/>
							</lines>
						</method>
						<method name="prepareResponse" signature="(Ljavax/servlet/http/HttpServletResponse;)V" line-rate="1.0" branch-rate="1.0">
							<lines>
								<line number="83" hits="22" branch="false"/>
								<line number="84" hits="22" branch="false"/>
								<line number="85" hits="22" branch="false"/>
								<line number="86" hits="22" branch="false"/>
								<line number="87" hits="22" branch="false"/>
							</lines>
						</method>
						<method name="sendPage" signature="(Ljava/lang/String;LdbService/UserDataSet;Ljavax/servlet/http/HttpServletResponse;)V" line-rate="0.9230769230769231" branch-rate="1.0">
							<lines>
								<line number="102" hits="12" branch="false"/>
								<line number="103" hits="12" branch="false"/>
								<line number="104" hits="12" branch="true" condition-coverage="100% (2/2)">
									<conditions>
										<condition number="0" type="jump" coverage="100%"/>
									</conditions>
								</line>
								<line number="105" hits="11" branch="false"/>
								<line number="106" hits="11" branch="false"/>
								<line number="107" hits="11" branch="false"/>
								<line number="110" hits="1" branch="false"/>
								<line number="111" hits="1" branch="false"/>
								<line number="112" hits="1" branch="false"/>
								<line number="114" hits="12" branch="false"/>
								<line number="116" hits="0" branch="false"/>
								<line number="117" hits="12" branch="false"/>
								<line number="118" hits="12" branch="false"/>
							</lines>
						</method>
					</methods>
					<lines>
						<line number="31" hits="23" branch="false"/>
						<line number="36" hits="23" branch="false"/>
						<line number="37" hits="23" branch="false"/>
						<line number="38" hits="23" branch="false"/>
						<line number="39" hits="23" branch="false"/>
						<line number="40" hits="23" branch="false"/>
						<line number="43" hits="2" branch="false"/>
						<line number="45" hits="5" branch="false"/>
						<line number="48" hits="2" branch="false"/>
						<line number="49" hits="2" branch="false"/>
						<line number="50" hits="2" branch="false"/>
						<line number="51" hits="2" branch="false"/>
						<line number="52" hits="2" branch="false"/>
						<line number="53" hits="2" branch="false"/>
						<line number="54" hits="2" branch="false"/>
						<line number="55" hits="2" branch="false"/>
						<line number="56" hits="2" branch="false"/>
						<line number="57" hits="2" branch="false"/>
						<line number="58" hits="2" branch="false"/>
						<line number="59" hits="2" branch="false"/>
						<line number="60" hits="2" branch="false"/>
						<line number="62" hits="2" branch="false"/>
						<line number="63" hits="0" branch="false"/>
						<line number="64" hits="2" branch="false"/>
						<line number="65" hits="2" branch="false"/>
						<line number="68" hits="20" branch="true" condition-coverage="100% (4/4)">
							<conditions>
								<condition number="0" type="jump" coverage="100%"/>
								<condition number="1" type="jump" coverage="100%"/>
							</conditions>
						</line>
						<line number="69" hits="4" branch="false"/>
						<line number="70" hits="18" branch="true" condition-coverage="100% (4/4)">
							<conditions>
								<condition number="0" type="jump" coverage="100%"/>
								<condition number="1" type="jump" coverage="100%"/>
							</conditions>
						</line>
						<line number="71" hits="5" branch="false"/>
						<line number="72" hits="18" branch="true" condition-coverage="100% (2/2)">
							<conditions>
								<condition number="0" type="jump" coverage="100%"/>
							</conditions>
						</line>
						<line number="73" hits="2" branch="true" condition-coverage="50% (3/6)">
							<conditions>
								<condition number="0" type="jump" coverage="50%"/>
								<condition number="1" type="jump" coverage="0%"/>
								<condition number="2" type="jump" coverage="100%"/>
							</conditions>
						</line>
						<line number="75" hits="1" branch="false"/>
						<line number="77" hits="1" branch="false"/>
						<line number="79" hits="18" branch="false"/>
						<line number="83" hits="22" branch="false"/>
						<line number="84" hits="22" branch="false"/>
						<line number="85" hits="22" branch="false"/>
						<line number="86" hits="22" branch="false"/>
						<line number="87" hits="22" branch="false"/>
						<line number="90" hits="22" branch="true" condition-coverage="100% (16/16)">
							<conditions>
								<condition number="0" type="jump" coverage="100%"/>
								<condition number="1" type="jump" coverage="100%"/>
								<condition number="2" type="jump" coverage="100%"/>
								<condition number="3" type="jump" coverage="100%"/>
								<condition number="4" type="jump" coverage="100%"/>
								<condition number="5" type="jump" coverage="100%"/>
								<condition number="6" type="jump" coverage="100%"/>
								<condition number="7" type="jump" coverage="100%"/>
							</conditions>
						</line>
						<line number="95" hits="22" branch="true" condition-coverage="62% (5/8)">
							<conditions>
								<condition number="0" type="jump" coverage="50%"/>
								<condition number="1" type="jump" coverage="50%"/>
								<condition number="2" type="jump" coverage="50%"/>
								<condition number="3" type="jump" coverage="100%"/>
							</conditions>
						</line>
						<line number="102" hits="12" branch="false"/>
						<line number="103" hits="12" branch="false"/>
						<line number="104" hits="12" branch="true" condition-coverage="100% (2/2)">
							<conditions>
								<condition number="0" type="jump" coverage="100%"/>
							</conditions>
						</line>
						<line number="105" hits="11" branch="false"/>
						<line number="106" hits="11" branch="false"/>
						<line number="107" hits="11" branch="false"/>
						<line number="110" hits="1" branch="false"/>
						<line number="111" hits="1" branch="false"/>
						<line number="112" hits="1" branch="false"/>
						<line number="114" hits="12" branch="false"/>
						<line number="116" hits="0" branch="false"/>
						<line number="117" hits="12" branch="false"/>
						<line number="118" hits="12" branch="false"/>
						<line number="121" hits="2" branch="false"/>
						<line number="122" hits="2" branch="true" condition-coverage="100% (2/2)">
							<conditions>
								<condition number="0" type="jump" coverage="100%"/>
							</conditions>
						</line>
						<line number="123" hits="1" branch="false"/>
						<line number="124" hits="1" branch="false"/>
						<line number="125" hits="1" branch="false"/>
						<line number="127" hits="2" branch="false"/>
						<line number="128" hits="2" branch="false"/>
						<line number="129" hits="2" branch="false"/>
						<line number="130" hits="2" branch="false"/>
						<line number="131" hits="2" branch="true" condition-coverage="100% (2/2)">
							<conditions>
								<condition number="0" type="jump" coverage="100%"/>
							</conditions>
						</line>
						<line number="132" hits="1" branch="false"/>
						<line number="134" hits="2" branch="false"/>
						<line number="137" hits="3" branch="true" condition-coverage="100% (2/2)">
							<conditions>
								<condition number="0" type="jump" coverage="100%"/>
							</conditions>
						</line>
						<line number="138" hits="1" branch="false"/>
						<line number="140" hits="2" branch="true" condition-coverage="100% (2/2)">
							<conditions>
								<condition number="0" type="jump" coverage="100%"/>
							</conditions>
						</line>
						<line number="141" hits="1" branch="false"/>
						<line number="144" hits="1" branch="false"/>
						<line number="145" hits="1" branch="false"/>
						<line number="147" hits="3" branch="false"/>
						<line number="150" hits="4" branch="false"/>
						<line number="151" hits="4" branch="false"/>
						<line number="152" hits="4" branch="true" condition-coverage="75% (3/4)">
							<conditions>
								<condition number="0" type="jump" coverage="100%"/>
								<condition number="1" type="jump" coverage="50%"/>
							</conditions>
						</line>
						<line number="153" hits="3" branch="false"/>
						<line number="154" hits="3" branch="false"/>
						<line number="155" hits="3" branch="true" condition-coverage="60% (6/10)">
							<conditions>
								<condition number="0" type="jump" coverage="100%"/>
								<condition number="1" type="jump" coverage="50%"/>
								<condition number="2" type="jump" coverage="50%"/>
								<condition number="3" type="jump" coverage="50%"/>
								<condition number="4" type="jump" coverage="50%"/>
							</conditions>
						</line>
						<line number="156" hits="2" branch="false"/>
						<line number="159" hits="1" branch="false"/>
						<line number="160" hits="1" branch="false"/>
						<line number="161" hits="1" branch="false"/>
						<line number="162" hits="1" branch="false"/>
						<line number="163" hits="1" branch="false"/>
						<line number="164" hits="1" branch="false"/>
						<line number="165" hits="1" branch="false"/>
						<line number="166" hits="1" branch="false"/>
						<line number="167" hits="1" branch="false"/>
						<line number="170" hits="1" branch="false"/>
						<line number="171" hits="1" branch="false"/>
						<line number="172" hits="1" branch="false"/>
						<line number="173" hits="1" branch="false"/>
						<line number="174" hits="1" branch="false"/>
						<line number="175" hits="1" branch="false"/>
						<line number="176" hits="1" branch="false"/>
						<line number="177" hits="1" branch="false"/>
						<line number="179" hits="4" branch="false"/>
						<line number="182" hits="1" branch="false"/>
						<line number="183" hits="1" branch="false"/>
						<line number="186" hits="5" branch="true" condition-coverage="100% (2/2)">
							<conditions>
								<condition number="0" type="jump" coverage="100%"/>
							</conditions>
						</line>
						<line number="187" hits="1" branch="false"/>
						<line number="188" hits="1" branch="false"/>
						<line number="190" hits="4" branch="true" condition-coverage="100% (2/2)">
							<conditions>
								<condition number="0" type="jump" coverage="100%"/>
							</conditions>
						</line>
						<line number="191" hits="1" branch="false"/>
						<line number="192" hits="1" branch="false"/>
						<line number="193" hits="1" branch="false"/>
						<line number="195" hits="3" branch="true" condition-coverage="100% (2/2)">
							<conditions>
								<condition number="0" type="jump" coverage="100%"/>
							</conditions>
						</line>
						<line number="196" hits="1" branch="false"/>
						<line number="197" hits="1" branch="false"/>
						<line number="198" hits="1" branch="false"/>
						<line number="199" hits="1" branch="false"/>
						<line number="200" hits="1" branch="false"/>
						<line number="201" hits="1" branch="false"/>
						<line number="202" hits="1" branch="false"/>
						<line number="203" hits="2" branch="true" condition-coverage="100% (2/2)">
							<conditions>
								<condition number="0" type="jump" coverage="100%"/>
							</conditions>
						</line>
						<line number="204" hits="1" branch="false"/>
						<line number="207" hits="1" branch="false"/>
						<line number="208" hits="1" branch="false"/>
						<line number="210" hits="5" branch="false"/>
						<line number="214" hits="22" branch="false"/>
						<line number="215" hits="22" branch="false"/>
						<line number="216" hits="22" branch="false"/>
						<line number="217" hits="22" branch="false"/>
						<line number="218" hits="22" branch="false"/>
						<line number="220" hits="22" branch="false"/>
						<line number="222" hits="22" branch="true" condition-coverage="100% (2/2)">
							<conditions>
								<condition number="0" type="jump" coverage="100%"/>
							</conditions>
						</line>
						<line number="223" hits="2" branch="false"/>
						<line number="224" hits="2" branch="false"/>
						<line number="225" hits="2" branch="false"/>
						<line number="226" hits="2" branch="false"/>
						<line number="229" hits="20" branch="false"/>
						<line number="230" hits="20" branch="false"/>
						<line number="232" hits="22" branch="true" condition-coverage="100% (2/2)">
							<conditions>
								<condition number="0" type="jump" coverage="100%"/>
							</conditions>
						</line>
						<line number="233" hits="2" branch="false"/>
						<line number="234" hits="2" branch="false"/>
						<line number="236" hits="20" branch="false"/>
						<line number="237" hits="20" branch="false"/>
						<line number="238" hits="18" branch="true" condition-coverage="100% (2/2)">
							<conditions>
								<condition number="0" type="jump" coverage="100%"/>
							</conditions>
						</line>
						<line number="239" hits="14" branch="true" condition-coverage="100% (2/2)">
							<conditions>
								<condition number="0" type="jump" coverage="100%"/>
							</conditions>
						</line>
						<line number="240" hits="2" branch="false"/>
						<line number="241" hits="2" branch="false"/>
						<line number="243" hits="12" branch="true" condition-coverage="100% (2/2)">
							<conditions>
								<condition number="0" type="jump" coverage="100%"/>
							</conditions>
						</line>
						<line number="244" hits="1" branch="false"/>
						<line number="245" hits="1" branch="false"/>
						<line number="248" hits="15" branch="true" condition-coverage="100% (6/6)">
							<conditions>
								<condition number="0" type="switch" coverage="100%"/>
							</conditions>
						</line>
						<line number="250" hits="2" branch="false"/>
						<line number="251" hits="2" branch="false"/>
						<line number="253" hits="3" branch="false"/>
						<line number="254" hits="3" branch="false"/>
						<line number="256" hits="4" branch="false"/>
						<line number="257" hits="4" branch="false"/>
						<line number="259" hits="1" branch="false"/>
						<line number="260" hits="1" branch="false"/>
						<line number="262" hits="5" branch="false"/>
						<line number="265" hits="15" branch="false"/>
					</lines>
				</class>
				<class name="frontend.FrontendImpl$1" filename="frontend/FrontendImpl.java" line-rate="1.0" branch-rate="1.0" complexity="4.266666666666667">
					<methods>
						<method name="&lt;clinit&gt;" signature="()V" line-rate="1.0" branch-rate="1.0">
							<lines>
								<line number="248" hits="1" branch="false"/>
							</lines>
						</method>
					</methods>
					<lines>
						<line number="248" hits="1" branch="false"/>
					</lines>
				</class>
				<class name="frontend.FrontendImpl$status" filename="frontend/FrontendImpl.java" line-rate="1.0" branch-rate="1.0" complexity="4.266666666666667">
					<methods>
						<method name="&lt;clinit&gt;" signature="()V" line-rate="1.0" branch-rate="1.0">
							<lines>
								<line number="34" hits="7" branch="false"/>
							</lines>
						</method>
						<method name="&lt;init&gt;" signature="(Ljava/lang/String;I)V" line-rate="1.0" branch-rate="1.0">
							<lines>
							</lines>
						</method>
						<method name="valueOf" signature="(Ljava/lang/String;)Lfrontend/FrontendImpl$status;" line-rate="1.0" branch-rate="1.0">
							<lines>
							</lines>
						</method>
						<method name="values" signature="()[Lfrontend/FrontendImpl$status;" line-rate="1.0" branch-rate="1.0">
							<lines>
							</lines>
						</method>
					</methods>
					<lines>
						<line number="34" hits="7" branch="false"/>
					</lines>
				</class>
				<class name="frontend.MsgRemoveUserFromGM" filename="frontend/MsgRemoveUserFromGM.java" line-rate="0.6" branch-rate="1.0" complexity="1.0">
					<methods>
						<method name="&lt;init&gt;" signature="(Lbase/Address;Lbase/Address;Ljava/lang/String;)V" line-rate="1.0" branch-rate="1.0">
							<lines>
								<line number="11" hits="2" branch="false"/>
								<line number="12" hits="2" branch="false"/>
								<line number="13" hits="2" branch="false"/>
							</lines>
						</method>
						<method name="exec" signature="(Lbase/GameMechanic;)V" line-rate="0.0" branch-rate="1.0">
							<lines>
								<line number="16" hits="0" branch="false"/>
								<line number="17" hits="0" branch="false"/>
							</lines>
						</method>
					</methods>
					<lines>
						<line number="11" hits="2" branch="false"/>
						<line number="12" hits="2" branch="false"/>
						<line number="13" hits="2" branch="false"/>
[...]
						</method>
						<method name="init" signature="()V" line-rate="0.375" branch-rate="1.0">
							<lines>
								<line number="18" hits="22" branch="false"/>
								<line number="19" hits="0" branch="false"/>
								<line number="20" hits="0" branch="false"/>
								<line number="21" hits="0" branch="false"/>
								<line number="22" hits="0" branch="false"/>
								<line number="23" hits="0" branch="false"/>
								<line number="24" hits="22" branch="false"/>
								<line number="26" hits="22" branch="false"/>
							</lines>
						</method>
						<method name="renderTemplate" signature="(Ljava/lang/String;Ljava/io/Writer;)V" line-rate="0.0" branch-rate="1.0">
							<lines>
								<line number="41" hits="0" branch="false"/>
								<line number="42" hits="0" branch="false"/>
								<line number="43" hits="0" branch="false"/>
								<line number="44" hits="0" branch="false"/>
								<line number="45" hits="0" branch="false"/>
								<line number="46" hits="0" branch="false"/>
							</lines>
						</method>
						<method name="renderTemplate" signature="(Ljava/lang/String;Ljava/util/Map;Ljava/io/Writer;)V" line-rate="0.6666666666666666" branch-rate="1.0">
							<lines>
								<line number="31" hits="14" branch="false"/>
								<line number="32" hits="14" branch="false"/>
								<line number="33" hits="0" branch="false"/>
								<line number="34" hits="0" branch="false"/>
								<line number="35" hits="14" branch="false"/>
								<line number="36" hits="14" branch="false"/>
							</lines>
						</method>
					</methods>
					<lines>
						<line number="14" hits="0" branch="false"/>
						<line number="15" hits="1" branch="false"/>
						<line number="18" hits="22" branch="false"/>
						<line number="19" hits="0" branch="false"/>
						<line number="20" hits="0" branch="false"/>
						<line number="21" hits="0" branch="false"/>
						<line number="22" hits="0" branch="false"/>
						<line number="23" hits="0" branch="false"/>
						<line number="24" hits="22" branch="false"/>
						<line number="26" hits="22" branch="false"/>
						<line number="31" hits="14" branch="false"/>
						<line number="32" hits="14" branch="false"/>
						<line number="33" hits="0" branch="false"/>
						<line number="34" hits="0" branch="false"/>
						<line number="35" hits="14" branch="false"/>
						<line number="36" hits="14" branch="false"/>
						<line number="41" hits="0" branch="false"/>
						<line number="42" hits="0" branch="false"/>
						<line number="43" hits="0" branch="false"/>
						<line number="44" hits="0" branch="false"/>
						<line number="45" hits="0" branch="false"/>
						<line number="46" hits="0" branch="false"/>
					</lines>
				</class>
				<class name="utils.TimeHelper" filename="utils/TimeHelper.java" line-rate="0.9310344827586207" branch-rate="0.75" complexity="1.75">
					<methods>
						<method name="&lt;init&gt;" signature="()V" line-rate="0.0" branch-rate="1.0">
							<lines>
								<line number="10" hits="0" branch="false"/>
							</lines>
						</method>
						<method name="getCurrentTime" signature="()J" line-rate="1.0" branch-rate="1.0">
							<lines>
								<line number="21" hits="137" branch="false"/>
							</lines>
						</method>
						<method name="getGMT" signature="()Ljava/lang/String;" line-rate="1.0" branch-rate="1.0">
							<lines>
								<line number="25" hits="22" branch="false"/>
								<line number="26" hits="22" branch="false"/>
								<line number="27" hits="22" branch="false"/>
								<line number="28" hits="22" branch="false"/>
							</lines>
						</method>
						<method name="getTime" signature="()Ljava/lang/String;" line-rate="0.9473684210526315" branch-rate="0.75">
							<lines>
								<line number="32" hits="1633" branch="false"/>
								<line number="33" hits="1636" branch="false"/>
								<line number="34" hits="1636" branch="false"/>
								<line number="35" hits="1636" branch="false"/>
								<line number="36" hits="1636" branch="false"/>
								<line number="37" hits="1636" branch="false"/>
								<line number="38" hits="1632" branch="false"/>
								<line number="39" hits="1632" branch="false"/>
								<line number="40" hits="1632" branch="false"/>
								<line number="41" hits="1633" branch="false"/>
								<line number="42" hits="1636" branch="true" condition-coverage="50% (1/2)">
									<conditions>
										<condition number="0" type="jump" coverage="50%"/>
									</conditions>
								</line>
								<line number="43" hits="0" branch="false"/>
								<line number="44" hits="1636" branch="false"/>
								<line number="45" hits="1636" branch="false"/>
								<line number="46" hits="1635" branch="true" condition-coverage="100% (2/2)">
									<conditions>
										<condition number="0" type="jump" coverage="100%"/>
									</conditions>
								</line>
								<line number="47" hits="419" branch="false"/>
								<line number="48" hits="1632" branch="false"/>
								<line number="49" hits="1632" branch="false"/>
								<line number="50" hits="1636" branch="false"/>
							</lines>
						</method>
						<method name="sleep" signature="(I)V" line-rate="1.0" branch-rate="1.0">
							<lines>
								<line number="14" hits="541" branch="false"/>
								<line number="16" hits="8" branch="false"/>
								<line number="17" hits="527" branch="false"/>
								<line number="18" hits="534" branch="false"/>
							</lines>
						</method>
					</methods>
					<lines>
						<line number="10" hits="0" branch="false"/>
						<line number="14" hits="541" branch="false"/>
						<line number="16" hits="8" branch="false"/>
						<line number="17" hits="527" branch="false"/>
						<line number="18" hits="534" branch="false"/>
						<line number="21" hits="137" branch="false"/>
						<line number="25" hits="22" branch="false"/>
						<line number="26" hits="22" branch="false"/>
						<line number="27" hits="22" branch="false"/>
						<line number="28" hits="22" branch="false"/>
						<line number="32" hits="1633" branch="false"/>
						<line number="33" hits="1636" branch="false"/>
						<line number="34" hits="1636" branch="false"/>
						<line number="35" hits="1636" branch="false"/>
						<line number="36" hits="1636" branch="false"/>
						<line number="37" hits="1636" branch="false"/>
						<line number="38" hits="1632" branch="false"/>
						<line number="39" hits="1632" branch="false"/>
						<line number="40" hits="1632" branch="false"/>
						<line number="41" hits="1633" branch="false"/>
						<line number="42" hits="1636" branch="true" condition-coverage="50% (1/2)">
							<conditions>
								<condition number="0" type="jump" coverage="50%"/>
							</conditions>
						</line>
						<line number="43" hits="0" branch="false"/>
						<line number="44" hits="1636" branch="false"/>
						<line number="45" hits="1636" branch="false"/>
						<line number="46" hits="1635" branch="true" condition-coverage="100% (2/2)">
							<conditions>
								<condition number="0" type="jump" coverage="100%"/>
							</conditions>
						</line>
						<line number="47" hits="419" branch="false"/>
						<line number="48" hits="1632" branch="false"/>
						<line number="49" hits="1632" branch="false"/>
						<line number="50" hits="1636" branch="false"/>
					</lines>
				</class>
				<class name="utils.VFS" filename="utils/VFS.java" line-rate="0.8513513513513513" branch-rate="0.95" complexity="3.111111111111111">
					<methods>
						<method name="&lt;clinit&gt;" signature="()V" line-rate="1.0" branch-rate="1.0">
							<lines>
								<line number="9" hits="1" branch="false"/>
							</lines>
						</method>
						<method name="&lt;init&gt;" signature="()V" line-rate="0.0" branch-rate="1.0">
							<lines>
								<line number="8" hits="0" branch="false"/>
							</lines>
						</method>
						<method name="bfs" signature="(Ljava/lang/String;)Ljava/util/List;" line-rate="1.0" branch-rate="1.0">
							<lines>
								<line number="37" hits="2" branch="false"/>
								<line number="38" hits="2" branch="false"/>
								<line number="40" hits="2" branch="false"/>
								<line number="41" hits="2" branch="false"/>
								<line number="42" hits="2" branch="false"/>
								<line number="43" hits="9" branch="true" condition-coverage="100% (2/2)">
									<conditions>
										<condition number="0" type="jump" coverage="100%"/>
									</conditions>
								</line>
								<line number="44" hits="7" branch="false"/>
								<line number="45" hits="7" branch="true" condition-coverage="100% (2/2)">
									<conditions>
										<condition number="0" type="jump" coverage="100%"/>
									</conditions>
								</line>
								<line number="46" hits="2" branch="false"/>
								<line number="47" hits="7" branch="true" condition-coverage="100% (2/2)">
									<conditions>
										<condition number="0" type="jump" coverage="100%"/>
									</conditions>
								</line>
								<line number="48" hits="5" branch="false"/>
								<line number="51" hits="5" branch="false"/>
								<line number="53" hits="2" branch="false"/>
							</lines>
						</method>
						<method name="getAbsolutePath" signature="(Ljava/lang/String;)Ljava/lang/String;" line-rate="1.0" branch-rate="1.0">
							<lines>
								<line number="20" hits="1657" branch="true" condition-coverage="100% (2/2)">
									<conditions>
										<condition number="0" type="jump" coverage="100%"/>
									</conditions>
								</line>
								<line number="21" hits="1" branch="false"/>
								<line number="23" hits="1656" branch="false"/>
							</lines>
						</method>
						<method name="getRelativePath" signature="(Ljava/lang/String;)Ljava/lang/String;" line-rate="1.0" branch-rate="1.0">
							<lines>
								<line number="26" hits="5" branch="true" condition-coverage="100% (2/2)">
									<conditions>
										<condition number="0" type="jump" coverage="100%"/>
									</conditions>
								</line>
								<line number="27" hits="1" branch="false"/>
								<line number="30" hits="4" branch="false"/>
							</lines>
						</method>
						<method name="isAbsolute" signature="(Ljava/lang/String;)Z" line-rate="1.0" branch-rate="1.0">
							<lines>
								<line number="34" hits="1666" branch="false"/>
							</lines>
						</method>
						<method name="isExist" signature="(Ljava/lang/String;)Z" line-rate="1.0" branch-rate="1.0">
							<lines>
								<line number="12" hits="2" branch="false"/>
								<line number="13" hits="2" branch="false"/>
							</lines>
						</method>
						<method name="isFile" signature="(Ljava/lang/String;)Z" line-rate="1.0" branch-rate="1.0">
							<lines>
								<line number="16" hits="2" branch="false"/>
								<line number="17" hits="2" branch="false"/>
							</lines>
						</method>
						<method name="readFile" signature="(Ljava/lang/String;)Ljava/lang/String;" line-rate="0.8095238095238095" branch-rate="1.0">
							<lines>
								<line number="102" hits="11" branch="false"/>
								<line number="104" hits="11" branch="false"/>
								<line number="105" hits="11" branch="false"/>
								<line number="106" hits="11" branch="false"/>
								<line number="108" hits="11" branch="false"/>
								<line number="109" hits="10" branch="false"/>
								<line number="110" hits="20" branch="true" condition-coverage="100% (2/2)">
									<conditions>
										<condition number="0" type="jump" coverage="100%"/>
									</conditions>
								</line>
								<line number="111" hits="10" branch="false"/>
								<line number="114" hits="1" branch="false"/>
								<line number="115" hits="1" branch="false"/>
								<line number="118" hits="11" branch="true" condition-coverage="100% (2/2)">
									<conditions>
										<condition number="0" type="jump" coverage="100%"/>
									</conditions>
								</line>
								<line number="120" hits="10" branch="false"/>
								<line number="122" hits="0" branch="false"/>
								<line number="123" hits="0" branch="false"/>
								<line number="124" hits="10" branch="false"/>
								<line number="126" hits="11" branch="true" condition-coverage="100% (2/2)">
									<conditions>
										<condition number="0" type="jump" coverage="100%"/>
									</conditions>
								</line>
								<line number="128" hits="10" branch="false"/>
								<line number="130" hits="0" branch="false"/>
								<line number="131" hits="0" branch="false"/>
								<line number="132" hits="10" branch="false"/>
								<line number="135" hits="11" branch="false"/>
							</lines>
						</method>
						<method name="writeToEndOfFile" signature="(Ljava/lang/String;Ljava/lang/String;)V" line-rate="0.6923076923076923" branch-rate="0.5">
							<lines>
								<line number="78" hits="1630" branch="false"/>
								<line number="79" hits="1629" branch="false"/>
								<line number="80" hits="1633" branch="false"/>
								<line number="83" hits="1633" branch="false"/>
								<line number="84" hits="1633" branch="false"/>
								<line number="86" hits="0" branch="false"/>
								<line number="87" hits="0" branch="false"/>
								<line number="90" hits="1629" branch="true" condition-coverage="50% (1/2)">
									<conditions>
										<condition number="0" type="jump" coverage="50%"/>
									</conditions>
								</line>
								<line number="92" hits="1633" branch="false"/>
								<line number="94" hits="0" branch="false"/>
								<line number="95" hits="0" branch="false"/>
								<line number="96" hits="1633" branch="false"/>
								<line number="99" hits="1629" branch="false"/>
							</lines>
						</method>
						<method name="writeToFile" signature="(Ljava/lang/String;Ljava/lang/String;)V" line-rate="0.8571428571428571" branch-rate="1.0">
							<lines>
								<line number="56" hits="13" branch="false"/>
								<line number="57" hits="13" branch="false"/>
								<line number="59" hits="13" branch="false"/>
								<line number="60" hits="13" branch="false"/>
								<line number="61" hits="13" branch="false"/>
								<line number="62" hits="10" branch="false"/>
								<line number="63" hits="3" branch="false"/>
								<line number="64" hits="3" branch="false"/>
								<line number="67" hits="13" branch="true" condition-coverage="100% (2/2)">
									<conditions>
										<condition number="0" type="jump" coverage="100%"/>
									</conditions>
								</line>
								<line number="69" hits="10" branch="false"/>
								<line number="71" hits="0" branch="false"/>
								<line number="72" hits="0" branch="false"/>
								<line number="73" hits="10" branch="false"/>
								<line number="76" hits="13" branch="false"/>
							</lines>
						</method>
					</methods>
					<lines>
						<line number="8" hits="0" branch="false"/>
						<line number="9" hits="1" branch="false"/>
						<line number="12" hits="2" branch="false"/>
						<line number="13" hits="2" branch="false"/>
						<line number="16" hits="2" branch="false"/>
						<line number="17" hits="2" branch="false"/>
						<line number="20" hits="1657" branch="true" condition-coverage="100% (2/2)">
							<conditions>
								<condition number="0" type="jump" coverage="100%"/>
							</conditions>
						</line>
						<line number="21" hits="1" branch="false"/>
						<line number="23" hits="1656" branch="false"/>
						<line number="26" hits="5" branch="true" condition-coverage="100% (2/2)">
							<conditions>
								<condition number="0" type="jump" coverage="100%"/>
							</conditions>
						</line>
						<line number="27" hits="1" branch="false"/>
						<line number="30" hits="4" branch="false"/>
						<line number="34" hits="1666" branch="false"/>
						<line number="37" hits="2" branch="false"/>
						<line number="38" hits="2" branch="false"/>
						<line number="40" hits="2" branch="false"/>
						<line number="41" hits="2" branch="false"/>
						<line number="42" hits="2" branch="false"/>
						<line number="43" hits="9" branch="true" condition-coverage="100% (2/2)">
							<conditions>
								<condition number="0" type="jump" coverage="100%"/>
							</conditions>
						</line>
						<line number="44" hits="7" branch="false"/>
						<line number="45" hits="7" branch="true" condition-coverage="100% (2/2)">
							<conditions>
								<condition number="0" type="jump" coverage="100%"/>
							</conditions>
						</line>
						<line number="46" hits="2" branch="false"/>
						<line number="47" hits="7" branch="true" condition-coverage="100% (2/2)">
							<conditions>
								<condition number="0" type="jump" coverage="100%"/>
							</conditions>
						</line>
						<line number="48" hits="5" branch="false"/>
						<line number="51" hits="5" branch="false"/>
						<line number="53" hits="2" branch="false"/>
						<line number="56" hits="13" branch="false"/>
						<line number="57" hits="13" branch="false"/>
						<line number="59" hits="13" branch="false"/>
						<line number="60" hits="13" branch="false"/>
						<line number="61" hits="13" branch="false"/>
						<line number="62" hits="10" branch="false"/>
						<line number="63" hits="3" branch="false"/>
						<line number="64" hits="3" branch="false"/>
						<line number="67" hits="13" branch="true" condition-coverage="100% (2/2)">
							<conditions>
								<condition number="0" type="jump" coverage="100%"/>
							</conditions>
						</line>
						<line number="69" hits="10" branch="false"/>
						<line number="71" hits="0" branch="false"/>
						<line number="72" hits="0" branch="false"/>
						<line number="73" hits="10" branch="false"/>
						<line number="76" hits="13" branch="false"/>
						<line number="78" hits="1630" branch="false"/>
						<line number="79" hits="1629" branch="false"/>
						<line number="80" hits="1633" branch="false"/>
						<line number="83" hits="1633" branch="false"/>
						<line number="84" hits="1633" branch="false"/>
						<line number="86" hits="0" branch="false"/>
						<line number="87" hits="0" branch="false"/>
						<line number="90" hits="1629" branch="true" condition-coverage="50% (1/2)">
							<conditions>
								<condition number="0" type="jump" coverage="50%"/>
							</conditions>
						</line>
						<line number="92" hits="1633" branch="false"/>
						<line number="94" hits="0" branch="false"/>
						<line number="95" hits="0" branch="false"/>
						<line number="96" hits="1633" branch="false"/>
						<line number="99" hits="1629" branch="false"/>
						<line number="102" hits="11" branch="false"/>
						<line number="104" hits="11" branch="false"/>
						<line number="105" hits="11" branch="false"/>
						<line number="106" hits="11" branch="false"/>
						<line number="108" hits="11" branch="false"/>
						<line number="109" hits="10" branch="false"/>
						<line number="110" hits="20" branch="true" condition-coverage="100% (2/2)">
							<conditions>
								<condition number="0" type="jump" coverage="100%"/>
							</conditions>
						</line>
						<line number="111" hits="10" branch="false"/>
						<line number="114" hits="1" branch="false"/>
						<line number="115" hits="1" branch="false"/>
						<line number="118" hits="11" branch="true" condition-coverage="100% (2/2)">
							<conditions>
								<condition number="0" type="jump" coverage="100%"/>
							</conditions>
						</line>
						<line number="120" hits="10" branch="false"/>
						<line number="122" hits="0" branch="false"/>
						<line number="123" hits="0" branch="false"/>
						<line number="124" hits="10" branch="false"/>
						<line number="126" hits="11" branch="true" condition-coverage="100% (2/2)">
							<conditions>
								<condition number="0" type="jump" coverage="100%"/>
							</conditions>
						</line>
						<line number="128" hits="10" branch="false"/>
						<line number="130" hits="0" branch="false"/>
						<line number="131" hits="0" branch="false"/>
						<line number="132" hits="10" branch="false"/>
						<line number="135" hits="11" branch="false"/>
					</lines>
				</class>
			</classes>
		</package>
	</packages>
</coverage>
