<?xml version="1.0" encoding="UTF-8"?>
<!-- Generated by org.testng.reporters.JUnitXMLReporter -->
<testsuite hostname="Alexandr-PC" name="Command line test" tests="98" failures="2" timestamp="10 Apr 2014 14:11:50 GMT" time="5.839" errors="0">
  <testcase name="testGetAddressByName" time="0.005" classname="messageSystem.AddressServiceImplTest"/>
  <testcase name="testField" time="0.001" classname="gameClasses.FieldTest"/>
  <testcase name="testCheckStroke" time="0.014" classname="gameMechanic.GameMechanicImplTest"/>
  <testcase name="testCheckStrokeLose" time="0.024" classname="gameMechanic.GameMechanicImplTest"/>
  <testcase name="testCreateGames" time="0.003" classname="gameMechanic.GameMechanicImplTest"/>
  <testcase name="testCheckStroke" time="0.023" classname="gameMechanic.GameSessionTest"/>
  <testcase name="testGetFields" time="0.005" classname="gameMechanic.GameSessionTest"/>
  <testcase name="testGetNext" time="0.001" classname="gameMechanic.GameSessionTest"/>
  <testcase name="testGetSnapshot" time="0.001" classname="gameMechanic.GameSessionTest"/>
  <testcase name="testGetWinnerId" time="0.001" classname="gameMechanic.GameSessionTest"/>
  <testcase name="testExec" time="0.061" classname="frontend.newOrLoginUser.MsgAddUserTest"/>
  <testcase name="testExec" time="0.001" classname="messageSystem.MsgToGameChatTest"/>
  <testcase name="testExec" time="0.001" classname="messageSystem.MsgToGameMechanicTest"/>
  <testcase name="testExec" time="0.16" classname="messageSystem.MsgToUserDataTest"/>
  <testcase name="testExec" time="0.001" classname="messageSystem.MsgToWebSocketTest">
    <failure type="java.lang.NullPointerException">
      <![CDATA[java.lang.NullPointerException
	at gameClasses.Snapshot.<init>(Snapshot.java:16)
	at messageSystem.MsgToWebSocketTest.testExec(MsgToWebSocketTest.java:36)
... Removed 34 stack frames]]>
    </failure>
  </testcase> <!-- testExec -->
  <testcase name="testCreateInstance" time="0.01" classname="utils.ReflectionHelperTest"/>
  <testcase name="testSetFieldValue" time="0.0" classname="utils.ReflectionHelperTest"/>
  <testcase name="testGetResource" time="0.006" classname="resource.ResourceFactoryTest"/>
  <testcase name="testToString" time="0.001" classname="gameClasses.SnapshotTest"/>
  <testcase name="testToStringTest" time="0.0" classname="gameClasses.SnapshotTest"/>
  <testcase name="testInstance" time="0.0" classname="gameClasses.StrokeTest"/>
  <testcase name="testGetStat" time="0.003" classname="utils.SysInfoTest"/>
  <testcase name="testRun" time="0.015" classname="utils.SysInfoTest"/>
  <testcase name="testAddExistsUDS" time="0.004" classname="dbService.TestDBServiceImpl"/>
  <testcase name="testAddUDS" time="0.008" classname="dbService.TestDBServiceImpl"/>
  <testcase name="testDeleteNoneExistsUDS" time="0.002" classname="dbService.TestDBServiceImpl"/>
  <testcase name="testGetNoneExistUDS" time="0.024" classname="dbService.TestDBServiceImpl"/>
  <testcase name="testRun" time="0.503" classname="dbService.TestDBServiceImpl"/>
  <testcase name="testUpdateUDS" time="0.008" classname="dbService.TestDBServiceImpl"/>
  <testcase name="test" time="0.001" classname="chat.TestNewChatWSImpl"/>
  <testcase name="testOnWebSocketTextAddMessageUserIsNull" time="0.017" classname="chat.TestNewChatWSImpl"/>
  <testcase name="testOnWebSocketTextConnectIsTrue" time="0.008" classname="chat.TestNewChatWSImpl"/>
  <testcase name="testOnWebSocketTextSessionIdIsNull" time="0.005" classname="chat.TestNewChatWSImpl"/>
  <testcase name="testOnWebSocketTextStartServerTimeIsIncorrectAndTextIsNull" time="0.005" classname="chat.TestNewChatWSImpl"/>
  <testcase name="testOnWebSocketTextStartServerTimeIsNull" time="0.005" classname="chat.TestNewChatWSImpl"/>
  <testcase name="testOnWebSocketTextTextIsEmpty" time="0.002" classname="chat.TestNewChatWSImpl"/>
  <testcase name="testOnWebSocketTextTextIsNull" time="0.007" classname="chat.TestNewChatWSImpl"/>
  <testcase name="testOnWebSocketTextThereAreNoChatForThisSessionId" time="0.003" classname="chat.TestNewChatWSImpl"/>
  <testcase name="testOnWebSocketTextThereAreNoConnect" time="0.001" classname="chat.TestNewChatWSImpl"/>
  <testcase name="testNUTarget404" time="0.185" classname="frontend.handler.TestRegUserTargetRegPost"/>
  <testcase name="testNUTargetAdmin" time="0.02" classname="frontend.handler.TestRegUserTargetRegPost"/>
  <testcase name="testNUTargetGame" time="0.009" classname="frontend.handler.TestRegUserTargetRegPost"/>
  <testcase name="testNickAndPasswordAreNotNull" time="0.006" classname="frontend.handler.TestRegUserTargetRegPost"/>
  <testcase name="testRegNickAndPasswdAreNull" time="0.214" classname="frontend.handler.TestRegUserTargetRegPost"/>
  <testcase name="testRegNickAndPasswordAreNotNull" time="0.012" classname="frontend.handler.TestRegUserTargetRegPost"/>
  <testcase name="testRegNickAndPasswordAreNull" time="0.208" classname="frontend.handler.TestRegUserTargetRegPost"/>
  <testcase name="testStatusReadyTargetGame" time="0.02" classname="frontend.handler.TestRegUserTargetRegPost">
    <failure type="java.lang.AssertionError" message="expected [true] but found [false]">
      <![CDATA[java.lang.AssertionError: expected [true] but found [false]
	at frontend.handler.TestRegUserTargetRegPost.testStatusReadyTargetGame(TestRegUserTargetRegPost.java:612)
... Removed 38 stack frames]]>
    </failure>
  </testcase> <!-- testStatusReadyTargetGame -->
  <testcase name="testStatusReadyTargetLogout" time="0.008" classname="frontend.handler.TestRegUserTargetRegPost"/>
  <testcase name="testStatusReadyTargetMainPage" time="0.213" classname="frontend.handler.TestRegUserTargetRegPost"/>
  <testcase name="testStatusReadyTargetProfile" time="0.211" classname="frontend.handler.TestRegUserTargetRegPost"/>
  <testcase name="testStatusReadyTargetReg" time="0.007" classname="frontend.handler.TestRegUserTargetRegPost"/>
  <testcase name="testTargetWait" time="0.213" classname="frontend.handler.TestRegUserTargetRegPost"/>
  <testcase name="testTargetWaitAndPostStatusZero" time="0.008" classname="frontend.handler.TestRegUserTargetRegPost"/>
  <testcase name="testFindUser" time="0.007" classname="dbService.TestTExecutor"/>
  <testcase name="test" time="0.001" classname="userDataImpl.TestUserDataImpl"/>
  <testcase name="testCheckServerTime" time="0.0" classname="userDataImpl.TestUserDataImpl"/>
  <testcase name="testCheckUsers" time="0.002" classname="userDataImpl.TestUserDataImpl"/>
  <testcase name="testCheckUsersKeepAliveEqualsOne" time="0.005" classname="userDataImpl.TestUserDataImpl"/>
  <testcase name="testCreateGames" time="0.502" classname="userDataImpl.TestUserDataImpl"/>
  <testcase name="testCreateGamesNoUsersWantToPlay" time="0.503" classname="userDataImpl.TestUserDataImpl"/>
  <testcase name="testGetChatWSBySessionId" time="0.002" classname="userDataImpl.TestUserDataImpl"/>
  <testcase name="testGetLogInUserBySessionId" time="0.001" classname="userDataImpl.TestUserDataImpl"/>
  <testcase name="testGetSessionIdByUserId" time="0.0" classname="userDataImpl.TestUserDataImpl"/>
  <testcase name="testGetWSBySessionId" time="0.002" classname="userDataImpl.TestUserDataImpl"/>
  <testcase name="testKeepAliveWSIsNull" time="0.001" classname="userDataImpl.TestUserDataImpl"/>
  <testcase name="testPartyEnd" time="0.003" classname="userDataImpl.TestUserDataImpl"/>
  <testcase name="testPartyEndAllIsNull" time="0.001" classname="userDataImpl.TestUserDataImpl"/>
  <testcase name="testPartyEndFirstIsNull" time="0.002" classname="userDataImpl.TestUserDataImpl"/>
  <testcase name="testPartyEndSecondIsNull" time="0.003" classname="userDataImpl.TestUserDataImpl"/>
  <testcase name="testPutSessionIdAndChatWS" time="0.001" classname="userDataImpl.TestUserDataImpl"/>
  <testcase name="testUpUpdateUserIdNewUserIsNull" time="0.0" classname="userDataImpl.TestUserDataImpl"/>
  <testcase name="testUpdateUserId" time="0.002" classname="userDataImpl.TestUserDataImpl"/>
  <testcase name="testUpdateUserIdOldUserIsNull" time="0.001" classname="userDataImpl.TestUserDataImpl"/>
  <testcase name="test" time="0.0" classname="frontend.handler.TestWebSocketImpl"/>
  <testcase name="testOnWebSocketText" time="0.001" classname="frontend.handler.TestWebSocketImpl"/>
  <testcase name="testOnWebSocketTextAddNewWebSocket" time="0.002" classname="frontend.handler.TestWebSocketImpl"/>
  <testcase name="testOnWebSocketTextCoordinatesAreIncorrect1" time="0.0" classname="frontend.handler.TestWebSocketImpl"/>
  <testcase name="testOnWebSocketTextCoordinatesAreIncorrect2" time="0.001" classname="frontend.handler.TestWebSocketImpl"/>
  <testcase name="testOnWebSocketTextCoordinatesAreIncorrect3" time="0.001" classname="frontend.handler.TestWebSocketImpl"/>
  <testcase name="testOnWebSocketTextCoordinatesAreIncorrect4" time="0.001" classname="frontend.handler.TestWebSocketImpl"/>
  <testcase name="testOnWebSocketTextCoordinatesAreIncorrectAndSessionIdIsNull" time="0.001" classname="frontend.handler.TestWebSocketImpl"/>
  <testcase name="testOnWebSocketTextCoordinatesAreIncorrectButServerTimeIsOk" time="0.0" classname="frontend.handler.TestWebSocketImpl"/>
  <testcase name="testOnWebSocketTextCoordinatesAreOk" time="0.003" classname="frontend.handler.TestWebSocketImpl"/>
  <testcase name="testOnWebSocketTextCoordinatesAreOkSessionIdIsNull" time="0.001" classname="frontend.handler.TestWebSocketImpl"/>
  <testcase name="testOnWebSocketTextThereAreNoConnection" time="0.001" classname="frontend.handler.TestWebSocketImpl"/>
  <testcase name="testUpdateUsersColor" time="0.002" classname="frontend.handler.TestWebSocketImpl"/>
  <testcase name="testWebSocketImpl" time="0.001" classname="frontend.handler.TestWebSocketImpl"/>
  <testcase name="testBfs" time="0.001" classname="utils.VFSTest"/>
  <testcase name="testGetAbsolutePath" time="0.0" classname="utils.VFSTest"/>
  <testcase name="testGetRelativePath" time="0.0" classname="utils.VFSTest"/>
  <testcase name="testIsExist" time="0.001" classname="utils.VFSTest"/>
  <testcase name="testIsFile" time="0.0" classname="utils.VFSTest"/>
  <testcase name="testReadFile" time="0.004" classname="utils.VFSTest"/>
  <testcase name="testWriteToEndOfFile" time="0.002" classname="utils.VFSTest"/>
  <testcase name="testWriteToFile" time="0.004" classname="utils.VFSTest"/>
  <testcase name="testSaveAILog" time="0.002" classname="gameMechanic.GameSessionTest"/>
  <testcase name="testSaveLog" time="0.027" classname="gameMechanic.GameSessionTest"/>
  <testcase name="testRating" time="0.001" classname="resource.ResourceFactoryTest"/>
</testsuite> <!-- Command line test -->
