<?xml version="1.0" encoding="UTF-8" ?>
<testsuite failures="8" time="2.893" errors="0" skipped="0" tests="105" name="TestSuite">
  <properties>
[...]
</properties>
  <testcase time="0.006" classname="messageSystem.AddressServiceImplTest" name="testGetAddressByName"/>
  <testcase time="0.064" classname="gameMechanic.GameSessionTest" name="testCheckStroke"/>
  <testcase time="0.005" classname="gameMechanic.GameSessionTest" name="testGetFields"/>
  <testcase time="0.001" classname="gameMechanic.GameSessionTest" name="testGetNext"/>
  <testcase time="0.003" classname="gameMechanic.GameSessionTest" name="testGetSnapshot"/>
  <testcase time="0.001" classname="gameMechanic.GameSessionTest" name="testGetWinnerId"/>
  <testcase time="0.062" classname="frontend.newOrLoginUser.MsgAddUserTest" name="testExec"/>
  <testcase time="0.053" classname="messageSystem.MsgToGameChatTest" name="testExec"/>
  <testcase time="0.052" classname="messageSystem.MsgToGameMechanicTest" name="testExec"/>
  <testcase time="0" classname="messageSystem.MsgToUserDataTest" name="testExec"/>
  <testcase time="0.023" classname="utils.ReflectionHelperTest" name="testCreateInstance"/>
  <testcase time="0" classname="utils.ReflectionHelperTest" name="testSetFieldValue"/>
  <testcase time="0" classname="resource.ResourceFactoryTest" name="testGetResource"/>
  <testcase time="0.057" classname="utils.SysInfoTest" name="testRunCall"/>
  <testcase time="0.501" classname="dbService.TestDBServiceImpl" name="testRun"/>
  <testcase time="0.002" classname="dbService.TestDBServiceImpl" name="testAddExistsUDS"/>
  <testcase time="0.006" classname="dbService.TestDBServiceImpl" name="testAddUDS"/>
  <testcase time="0.002" classname="dbService.TestDBServiceImpl" name="testDeleteNoneExistsUDS"/>
  <testcase time="0.001" classname="dbService.TestDBServiceImpl" name="testGetNoneExistUDS"/>
  <testcase time="0.003" classname="dbService.TestDBServiceImpl" name="testUpdateUDS"/>
  <testcase time="0.015" classname="chat.TestChatWSIpml" name="testAddMessageToChat"/>
  <testcase time="0" classname="chat.TestChatWSIpml" name="testConstructor"/>
  <testcase time="0.027" classname="chat.TestChatWSIpml" name="testOnWebSocketText"/>
  <testcase time="0.246" classname="frontend.handler.TestNUTargetAdmin" name="testHandleNewUserTargeAdmin">
    <failure message="expected [true] but found [false]" type="java.lang.AssertionError">java.lang.AssertionError: expected [true] but found [false]
	at org.testng.Assert.fail(Assert.java:94)
	at org.testng.Assert.failNotEquals(Assert.java:494)
	at org.testng.Assert.assertTrue(Assert.java:42)
	at org.testng.Assert.assertTrue(Assert.java:52)
	at frontend.handler.TestNUTargetAdmin.testHandleNewUserTargeAdmin(TestNUTargetAdmin.java:85)
</failure>
    <system-out>After Method
</system-out>
  </testcase>
  <testcase time="0.01" classname="frontend.handler.TestNUTargetMainPage" name="testHandleNewUserTargetMainPage"/>
  <testcase time="0.007" classname="frontend.handler.TestRegUserTargetAdmin" name="testHandleNewUserTargetRules">
    <failure message="expected [true] but found [false]" type="java.lang.AssertionError">java.lang.AssertionError: expected [true] but found [false]
	at org.testng.Assert.fail(Assert.java:94)
	at org.testng.Assert.failNotEquals(Assert.java:494)
	at org.testng.Assert.assertTrue(Assert.java:42)
	at org.testng.Assert.assertTrue(Assert.java:52)
	at frontend.handler.TestRegUserTargetAdmin.testHandleNewUserTargetRules(TestRegUserTargetAdmin.java:84)
</failure>
  </testcase>
  <testcase time="0.01" classname="frontend.handler.TestRegUserTargetReg" name="testHandleNotNewUserTargetRules"/>
  <testcase time="0.022" classname="frontend.handler.TestRegUserTargetRegPost" name="testNickAndPasswordAreNotNull"/>
  <testcase time="0.005" classname="frontend.handler.TestRegUserTargetRegPost" name="testRegNickAndPasswdAreNull"/>
  <testcase time="0.01" classname="frontend.handler.TestRegUserTargetRegPost" name="testRegNickAndPasswordAreNotNull"/>
  <testcase time="0.006" classname="frontend.handler.TestRegUserTargetRegPost" name="testRegNickAndPasswordAreNull"/>
  <testcase time="0.013" classname="frontend.handler.TestRegUserTargetRegPost" name="testStatusReadyTargetGame">
    <failure message="expected [true] but found [false]" type="java.lang.AssertionError">java.lang.AssertionError: expected [true] but found [false]
	at org.testng.Assert.fail(Assert.java:94)
	at org.testng.Assert.failNotEquals(Assert.java:494)
	at org.testng.Assert.assertTrue(Assert.java:42)
	at org.testng.Assert.assertTrue(Assert.java:52)
	at frontend.handler.TestRegUserTargetRegPost.testStatusReadyTargetGame(TestRegUserTargetRegPost.java:400)
</failure>
  </testcase>
  <testcase time="0.002" classname="frontend.handler.TestRegUserTargetRegPost" name="testStatusReadyTargetLogout"/>
  <testcase time="0.007" classname="frontend.handler.TestRegUserTargetRegPost" name="testStatusReadyTargetMainPage"/>
  <testcase time="0.005" classname="frontend.handler.TestRegUserTargetRegPost" name="testStatusReadyTargetProfile"/>
  <testcase time="0.003" classname="frontend.handler.TestRegUserTargetRegPost" name="testStatusReadyTargetReg"/>
  <testcase time="0.029" classname="frontend.handler.TestRegUserTargetRegPost" name="testTargetWait"/>
  <testcase time="0.004" classname="frontend.handler.TestRegUserTargetRegPost" name="testTargetWaitAndPostStatusZero"/>
  <testcase time="0.011" classname="frontend.handler.TestRegUserTargetRules" name="testHandleNotNewUserTargetRules"/>
  <testcase time="0" classname="frontend.handler.TestWebSocketImpl" name="test"/>
  <testcase time="0.003" classname="frontend.handler.TestWebSocketImpl" name="testOnWebSocketText"/>
  <testcase time="0.004" classname="frontend.handler.TestWebSocketImpl" name="testOnWebSocketTextAddNewWebSocket"/>
  <testcase time="0" classname="frontend.handler.TestWebSocketImpl" name="testOnWebSocketTextCoordinatesAreIncorrect1"/>
  <testcase time="0" classname="frontend.handler.TestWebSocketImpl" name="testOnWebSocketTextCoordinatesAreIncorrect2"/>
  <testcase time="0" classname="frontend.handler.TestWebSocketImpl" name="testOnWebSocketTextCoordinatesAreIncorrect3"/>
  <testcase time="0.001" classname="frontend.handler.TestWebSocketImpl" name="testOnWebSocketTextCoordinatesAreIncorrect4"/>
  <testcase time="0.001" classname="frontend.handler.TestWebSocketImpl" name="testOnWebSocketTextCoordinatesAreIncorrectAndSessionIdIsNull"/>
  <testcase time="0.001" classname="frontend.handler.TestWebSocketImpl" name="testOnWebSocketTextCoordinatesAreIncorrectButServerTimeIsOk"/>
  <testcase time="0" classname="frontend.handler.TestWebSocketImpl" name="testOnWebSocketTextCoordinatesAreOk"/>
  <testcase time="0.001" classname="frontend.handler.TestWebSocketImpl" name="testOnWebSocketTextCoordinatesAreOkSessionIdIsNull"/>
  <testcase time="0.001" classname="frontend.handler.TestWebSocketImpl" name="testOnWebSocketTextThereAreNoConnection"/>
  <testcase time="0.003" classname="frontend.handler.TestWebSocketImpl" name="testUpdateUsersColor"/>
  <testcase time="0.001" classname="frontend.handler.TestWebSocketImpl" name="testWebSocketImpl"/>
  <testcase time="0.001" classname="utils.VFSTest" name="testBfs"/>
  <testcase time="0.001" classname="utils.VFSTest" name="testGetAbsolutePath"/>
  <testcase time="0" classname="utils.VFSTest" name="testGetRelativePath"/>
  <testcase time="0" classname="utils.VFSTest" name="testIsExist"/>
  <testcase time="0.001" classname="utils.VFSTest" name="testIsFile"/>
  <testcase time="0.008" classname="utils.VFSTest" name="testReadFile"/>
  <testcase time="0" classname="utils.VFSTest" name="testWriteToEndOfFile"/>
  <testcase time="0.005" classname="utils.VFSTest" name="testWriteToFile"/>
  <testcase time="0" classname="userDataImpl.TestUserDataImpl" name="testCheckServerTime"/>
  <testcase time="0.501" classname="userDataImpl.TestUserDataImpl" name="testCreateGames"/>
  <testcase time="0" classname="userDataImpl.TestUserDataImpl" name="testPartyEndSecondIsNull"/>
  <testcase time="0" classname="userDataImpl.TestUserDataImpl" name="testPartyEndFirstIsNull"/>
  <testcase time="0" classname="userDataImpl.TestUserDataImpl" name="testGetSessionIdByUserId"/>
  <testcase time="0.001" classname="userDataImpl.TestUserDataImpl" name="testCheckUsers"/>
  <testcase time="0.002" classname="userDataImpl.TestUserDataImpl" name="testUpdateUserId"/>
  <testcase time="0.001" classname="userDataImpl.TestUserDataImpl" name="testKeepAliveWSIsNull"/>
  <testcase time="0" classname="userDataImpl.TestUserDataImpl" name="testPartyEnd"/>
  <testcase time="0.007" classname="userDataImpl.TestUserDataImpl" name="testPutSessionIdAndChatWS">
    <failure message="
userDataSet.visit();
Never wanted here:
-&gt; at userDataImpl.TestUserDataImpl.testPutSessionIdAndChatWS(TestUserDataImpl.java:293)
But invoked here:
-&gt; at frontend.UserDataImpl.putSessionIdAndChatWS(UserDataImpl.java:129)
" type="org.mockito.exceptions.verification.NeverWantedButInvoked">org.mockito.exceptions.verification.NeverWantedButInvoked: 
userDataSet.visit();
Never wanted here:
-&gt; at userDataImpl.TestUserDataImpl.testPutSessionIdAndChatWS(TestUserDataImpl.java:293)
But invoked here:
-&gt; at frontend.UserDataImpl.putSessionIdAndChatWS(UserDataImpl.java:129)

	at userDataImpl.TestUserDataImpl.testPutSessionIdAndChatWS(TestUserDataImpl.java:293)
</failure>
  </testcase>
  <testcase time="0.001" classname="userDataImpl.TestUserDataImpl" name="testCheckUsersKeepAliveEqualsOne"/>
  <testcase time="0" classname="userDataImpl.TestUserDataImpl" name="test"/>
  <testcase time="0.001" classname="userDataImpl.TestUserDataImpl" name="testUpdateUserIdOldUserIsNull"/>
  <testcase time="0" classname="userDataImpl.TestUserDataImpl" name="testUpUpdateUserIdNewUserIsNull"/>
  <testcase time="0.001" classname="userDataImpl.TestUserDataImpl" name="testPartyEndAllIsNull"/>
  <testcase time="0.501" classname="userDataImpl.TestUserDataImpl" name="testCreateGamesNoUsersWantToPlay"/>
  <testcase time="0.002" classname="userDataImpl.TestUserDataImpl" name="testGetChatWSBySessionId"/>
  <testcase time="0.001" classname="userDataImpl.TestUserDataImpl" name="testGetWSBySessionId"/>
  <testcase time="0.001" classname="userDataImpl.TestUserDataImpl" name="testGetLogInUserBySessionId"/>
  <testcase time="0.008" classname="frontend.handler.TestRegUserTargetGame" name="test"/>
  <testcase time="0.006" classname="frontend.handler.TestRegUserTarget404" name="testHandleNewUserTarget404"/>
  <testcase time="0" classname="chat.TestNewWSImpl" name="testOnWebSocketTextThereAreNoConnect"/>
  <testcase time="0" classname="chat.TestNewWSImpl" name="test"/>
  <testcase time="0.003" classname="frontend.handler.TestNUTargetGame" name="testHandleNewUserTargetMainPage">
    <failure type="java.lang.NullPointerException">java.lang.NullPointerException
	at frontend.FrontendImpl.getStatus(FrontendImpl.java:68)
	at frontend.FrontendImpl.handle(FrontendImpl.java:237)
	at frontend.handler.TestNUTargetGame.testHandleNewUserTargetMainPage(TestNUTargetGame.java:77)
</failure>
  </testcase>
  <testcase time="0" classname="gameClasses.SnapshotTest" name="testToStringTest"/>
  <testcase time="0" classname="gameClasses.SnapshotTest" name="testToString"/>
  <testcase time="0.005" classname="dbService.TestTExecutor" name="testFindUser"/>
  <testcase time="0" classname="gameClasses.StrokeTest" name="testInstance"/>
  <testcase time="0" classname="chat.TestGameChatImpl" name="testGetAddress"/>
  <testcase time="0.501" classname="chat.TestGameChatImpl" name="testRun"/>
  <testcase time="0" classname="chat.TestGameChatImpl" name="testGetMessageSystem"/>
  <testcase time="0.004" classname="frontend.handler.TestNUTargetRules" name="testHandleNewUserTargetRules">
    <failure type="java.lang.NullPointerException">java.lang.NullPointerException
	at frontend.FrontendImpl.getStatus(FrontendImpl.java:68)
	at frontend.FrontendImpl.handle(FrontendImpl.java:237)
	at frontend.handler.TestNUTargetRules.testHandleNewUserTargetRules(TestNUTargetRules.java:72)
</failure>
  </testcase>
  <testcase time="0.005" classname="frontend.handler.TestNUTargetRules" name="tearDownHandleNewUserTargetRules">
    <failure type="java.lang.NullPointerException">java.lang.NullPointerException
	at frontend.handler.TestNUTargetRules.tearDownHandleNewUserTargetRules(TestNUTargetRules.java:87)
</failure>
  </testcase>
  <testcase time="0.005" classname="frontend.handler.TestNUTarget404" name="testHandleNewUserTarget404">
    <failure message="expected object to not be null" type="java.lang.AssertionError">java.lang.AssertionError: expected object to not be null
	at org.testng.Assert.fail(Assert.java:94)
	at org.testng.Assert.assertNotNull(Assert.java:404)
	at org.testng.Assert.assertNotNull(Assert.java:389)
	at frontend.handler.TestNUTarget404.testHandleNewUserTarget404(TestNUTarget404.java:83)
</failure>
  </testcase>
  <testcase time="0.001" classname="gameMechanic.GameMechanicImplTest" name="testCheckStroke"/>
  <testcase time="0.026" classname="gameMechanic.GameMechanicImplTest" name="testCheckStrokeLose"/>
  <testcase time="0" classname="gameMechanic.GameMechanicImplTest" name="testCreateGames"/>
  <testcase time="0" classname="gameClasses.FieldTest" name="testField"/>
  <testcase time="0" classname="frontend.handler.TestRegUserTargetMainPage" name="testHandleNotNewUserTargetRules"/>
  <testcase time="0" classname="gameMechanic.GameSessionTest" name="testSaveAILog"/>
  <testcase time="0.003" classname="gameMechanic.GameSessionTest" name="testSaveLog"/>
  <testcase time="0" classname="resource.ResourceFactoryTest" name="testRating"/>
  <testcase time="0" classname="utils.SysInfoTest" name="testRunAfterCall"/>
  <testcase time="0" classname="utils.SysInfoTest" name="testGetStat"/>
</testsuite>