<?xml version="1.0" encoding="UTF-8" ?>
<testsuite failures="0" time="6.541" errors="0" skipped="0" tests="101" name="TestSuite">
  <properties>
[...]
</properties>
  <testcase time="0.005" classname="messageSystem.AddressServiceImplTest" name="testGetAddressByName"/>
  <testcase time="0" classname="gameClasses.FieldTest" name="testField"/>
  <testcase time="0.013" classname="gameMechanic.GameMechanicImplTest" name="testCheckStroke"/>
  <testcase time="0.01" classname="gameMechanic.GameMechanicImplTest" name="testCheckStrokeLose"/>
  <testcase time="0.003" classname="gameMechanic.GameMechanicImplTest" name="testCreateGames"/>
  <testcase time="0.027" classname="gameMechanic.GameSessionTest" name="testCheckStroke"/>
  <testcase time="0.005" classname="gameMechanic.GameSessionTest" name="testGetFields"/>
  <testcase time="0.001" classname="gameMechanic.GameSessionTest" name="testGetNext"/>
  <testcase time="0.001" classname="gameMechanic.GameSessionTest" name="testGetSnapshot"/>
  <testcase time="0.001" classname="gameMechanic.GameSessionTest" name="testGetWinnerId"/>
  <testcase time="0.062" classname="frontend.newOrLoginUser.MsgAddUserTest" name="testExec"/>
  <testcase time="0" classname="messageSystem.MsgToGameChatTest" name="testExec"/>
  <testcase time="0.002" classname="messageSystem.MsgToGameMechanicTest" name="testExec"/>
  <testcase time="0.001" classname="messageSystem.MsgToUserDataTest" name="testExec"/>
  <testcase time="0.009" classname="utils.ReflectionHelperTest" name="testCreateInstance"/>
  <testcase time="0" classname="utils.ReflectionHelperTest" name="testSetFieldValue"/>
  <testcase time="0.002" classname="resource.ResourceFactoryTest" name="testGetResource"/>
  <testcase time="0" classname="gameClasses.SnapshotTest" name="testToString"/>
  <testcase time="0" classname="gameClasses.SnapshotTest" name="testToStringTest"/>
  <testcase time="0" classname="gameClasses.StrokeTest" name="testInstance"/>
  <testcase time="0.001" classname="utils.SysInfoTest" name="testGetStat"/>
  <testcase time="0.006" classname="utils.SysInfoTest" name="testRun"/>
  <testcase time="0.001" classname="dbService.TestDBServiceImpl" name="testAddExistsUDS"/>
  <testcase time="0" classname="dbService.TestDBServiceImpl" name="testAddUDS"/>
  <testcase time="0" classname="dbService.TestDBServiceImpl" name="testDeleteNoneExistsUDS"/>
  <testcase time="0" classname="dbService.TestDBServiceImpl" name="testGetNoneExistUDS"/>
  <testcase time="0.502" classname="dbService.TestDBServiceImpl" name="testRun"/>
  <testcase time="0.001" classname="dbService.TestDBServiceImpl" name="testUpdateUDS"/>
  <testcase time="0.011" classname="messageSystem.TestMsgAddUser" name="testAddUser"/>
  <testcase time="0.188" classname="frontend.handler.TestRegUserTargetRegPost" name="testNUTarget404"/>
  <testcase time="0.007" classname="frontend.handler.TestRegUserTargetRegPost" name="testNUTargetGame"/>
  <testcase time="0.011" classname="frontend.handler.TestRegUserTargetRegPost" name="testNUTargetMainPage"/>
  <testcase time="0.011" classname="frontend.handler.TestRegUserTargetRegPost" name="testNickAndPasswordAreNotNull"/>
  <testcase time="0.215" classname="frontend.handler.TestRegUserTargetRegPost" name="testRegNickAndPasswdAreNull"/>
  <testcase time="0.008" classname="frontend.handler.TestRegUserTargetRegPost" name="testRegNickAndPasswordAreNotNull"/>
  <testcase time="0.212" classname="frontend.handler.TestRegUserTargetRegPost" name="testRegNickAndPasswordAreNull"/>
  <testcase time="0.005" classname="frontend.handler.TestRegUserTargetRegPost" name="testRegUserTarget404"/>
  <testcase time="0.003" classname="frontend.handler.TestRegUserTargetRegPost" name="testRegUserTargetGame"/>
  <testcase time="0.002" classname="frontend.handler.TestRegUserTargetRegPost" name="testRegUserTargetMainPage"/>
  <testcase time="0.008" classname="frontend.handler.TestRegUserTargetRegPost" name="testStatusReadyTargetGame"/>
  <testcase time="0.003" classname="frontend.handler.TestRegUserTargetRegPost" name="testStatusReadyTargetLogout"/>
  <testcase time="0.205" classname="frontend.handler.TestRegUserTargetRegPost" name="testStatusReadyTargetMainPage"/>
  <testcase time="0.008" classname="frontend.handler.TestRegUserTargetRegPost" name="testStatusReadyTargetProfile"/>
  <testcase time="0.004" classname="frontend.handler.TestRegUserTargetRegPost" name="testStatusReadyTargetReg"/>
  <testcase time="0.209" classname="frontend.handler.TestRegUserTargetRegPost" name="testTargetWait"/>
  <testcase time="0.004" classname="frontend.handler.TestRegUserTargetRegPost" name="testTargetWaitAndPostStatusZero"/>
  <testcase time="0.003" classname="dbService.TestTExecutor" name="testFindUser"/>
  <testcase time="0" classname="userDataImpl.TestUserDataImpl" name="test"/>
  <testcase time="0" classname="userDataImpl.TestUserDataImpl" name="testCheckServerTime"/>
  <testcase time="0.001" classname="userDataImpl.TestUserDataImpl" name="testCheckUsers"/>
  <testcase time="0.007" classname="userDataImpl.TestUserDataImpl" name="testCheckUsersKeepAliveEqualsOne"/>
  <testcase time="0.502" classname="userDataImpl.TestUserDataImpl" name="testCreateGames"/>
  <testcase time="0.503" classname="userDataImpl.TestUserDataImpl" name="testCreateGamesNoUsersWantToPlay"/>
  <testcase time="0.002" classname="userDataImpl.TestUserDataImpl" name="testGetChatWSBySessionId"/>
  <testcase time="0" classname="userDataImpl.TestUserDataImpl" name="testGetLogInUserBySessionId"/>
  <testcase time="0.001" classname="userDataImpl.TestUserDataImpl" name="testGetSessionIdByUserId"/>
  <testcase time="0.001" classname="userDataImpl.TestUserDataImpl" name="testGetWSBySessionId"/>
  <testcase time="0" classname="userDataImpl.TestUserDataImpl" name="testKeepAliveWSIsNull"/>
  <testcase time="0.003" classname="userDataImpl.TestUserDataImpl" name="testPartyEnd"/>
  <testcase time="0.014" classname="userDataImpl.TestUserDataImpl" name="testPartyEndAllIsNull"/>
  <testcase time="0.002" classname="userDataImpl.TestUserDataImpl" name="testPartyEndFirstIsNull"/>
  <testcase time="0.001" classname="userDataImpl.TestUserDataImpl" name="testPartyEndSecondIsNull"/>
  <testcase time="0.001" classname="userDataImpl.TestUserDataImpl" name="testPutSessionIdAndChatWS"/>
  <testcase time="0" classname="userDataImpl.TestUserDataImpl" name="testUpUpdateUserIdNewUserIsNull"/>
  <testcase time="0.002" classname="userDataImpl.TestUserDataImpl" name="testUpdateUserId"/>
  <testcase time="0.002" classname="userDataImpl.TestUserDataImpl" name="testUpdateUserIdOldUserIsNull"/>
  <testcase time="0" classname="utils.VFSTest" name="testBfs"/>
  <testcase time="0" classname="utils.VFSTest" name="testGetAbsolutePath"/>
  <testcase time="0.001" classname="utils.VFSTest" name="testGetRelativePath"/>
  <testcase time="0" classname="utils.VFSTest" name="testIsExist"/>
  <testcase time="0" classname="utils.VFSTest" name="testIsFile"/>
  <testcase time="0.011" classname="utils.VFSTest" name="testReadFile"/>
  <testcase time="0.08" classname="utils.VFSTest" name="testWriteToEndOfFile"/>
  <testcase time="0.002" classname="utils.VFSTest" name="testWriteToFile"/>
  <testcase time="0" classname="frontend.handler.TestWebSocketImpl" name="testOnWebSocketTextThereAreNoConnection"/>
  <testcase time="0.009" classname="frontend.handler.TestWebSocketImpl" name="testOnWebSocketTextCoordinatesAreOkSessionIdIsNull"/>
  <testcase time="0.001" classname="frontend.handler.TestWebSocketImpl" name="testOnWebSocketTextCoordinatesAreIncorrect2"/>
  <testcase time="0.001" classname="frontend.handler.TestWebSocketImpl" name="testOnWebSocketTextCoordinatesAreIncorrect1"/>
  <testcase time="0.001" classname="frontend.handler.TestWebSocketImpl" name="testOnWebSocketTextCoordinatesAreIncorrect4"/>
  <testcase time="0" classname="frontend.handler.TestWebSocketImpl" name="testOnWebSocketTextCoordinatesAreIncorrect3"/>
  <testcase time="0" classname="frontend.handler.TestWebSocketImpl" name="testOnWebSocketText"/>
  <testcase time="0" classname="frontend.handler.TestWebSocketImpl" name="test"/>
  <testcase time="0.001" classname="frontend.handler.TestWebSocketImpl" name="testOnWebSocketTextCoordinatesAreIncorrectButServerTimeIsOk"/>
  <testcase time="0.004" classname="frontend.handler.TestWebSocketImpl" name="testOnWebSocketTextCoordinatesAreOk"/>
  <testcase time="0.001" classname="frontend.handler.TestWebSocketImpl" name="testWebSocketImpl"/>
  <testcase time="0.001" classname="frontend.handler.TestWebSocketImpl" name="testOnWebSocketTextAddNewWebSocket"/>
  <testcase time="0.003" classname="frontend.handler.TestWebSocketImpl" name="testUpdateUsersColor"/>
  <testcase time="0" classname="frontend.handler.TestWebSocketImpl" name="testOnWebSocketTextCoordinatesAreIncorrectAndSessionIdIsNull"/>
  <testcase time="0.001" classname="chat.TestNewChatWSImpl" name="testOnWebSocketTextThereAreNoConnect"/>
  <testcase time="0.003" classname="chat.TestNewChatWSImpl" name="testOnWebSocketTextConnectIsTrue"/>
  <testcase time="0.01" classname="chat.TestNewChatWSImpl" name="testOnWebSocketTextStartServerTimeIsIncorrectAndTextIsNull"/>
  <testcase time="0.001" classname="chat.TestNewChatWSImpl" name="testOnWebSocketTextThereAreNoChatForThisSessionId"/>
  <testcase time="0.01" classname="chat.TestNewChatWSImpl" name="testOnWebSocketTextTextIsNull"/>
  <testcase time="0" classname="chat.TestNewChatWSImpl" name="test"/>
  <testcase time="0.005" classname="chat.TestNewChatWSImpl" name="testOnWebSocketTextSessionIdIsNull"/>
  <testcase time="0.001" classname="chat.TestNewChatWSImpl" name="testOnWebSocketTextTextIsEmpty"/>
  <testcase time="0.004" classname="chat.TestNewChatWSImpl" name="testOnWebSocketTextStartServerTimeIsNull"/>
  <testcase time="0.001" classname="chat.TestNewChatWSImpl" name="testOnWebSocketTextAddMessageUserIsNull"/>
  <testcase time="0" classname="gameMechanic.GameSessionTest" name="testSaveAILog"/>
  <testcase time="0.002" classname="gameMechanic.GameSessionTest" name="testSaveLog"/>
  <testcase time="0" classname="resource.ResourceFactoryTest" name="testRating"/>
</testsuite>