<?xml version="1.0" encoding="UTF-8"?>
<testng-results skipped="0" failed="0" total="101" passed="101">
  <reporter-output>
  </reporter-output>
  <suite name="Command line suite" duration-ms="4087" started-at="2014-04-14T14:00:31Z" finished-at="2014-04-14T14:00:35Z">
    <groups>
      <group name="">
        <method signature="TestNewChatWSImpl.test()[pri:0, instance:chat.TestNewChatWSImpl@1785f0d]" name="test" class="chat.TestNewChatWSImpl"/>
        <method signature="TestUserDataImpl.test()[pri:0, instance:userDataImpl.TestUserDataImpl@2dec0883]" name="test" class="userDataImpl.TestUserDataImpl"/>
        <method signature="TestWebSocketImpl.test()[pri:0, instance:frontend.handler.TestWebSocketImpl@1d51a1a1]" name="test" class="frontend.handler.TestWebSocketImpl"/>
      </group> <!--  -->
      <group name="OnWebSocketTextCoordinatesAreIncorrect4">
        <method signature="TestWebSocketImpl.testOnWebSocketTextCoordinatesAreIncorrect4()[pri:0, instance:frontend.handler.TestWebSocketImpl@1d51a1a1]" name="testOnWebSocketTextCoordinatesAreIncorrect4" class="frontend.handler.TestWebSocketImpl"/>
      </group> <!-- OnWebSocketTextCoordinatesAreIncorrect4 -->
      <group name="OnWebSocketTextCoordinatesAreIncorrect3">
        <method signature="TestWebSocketImpl.testOnWebSocketTextCoordinatesAreIncorrect3()[pri:0, instance:frontend.handler.TestWebSocketImpl@1d51a1a1]" name="testOnWebSocketTextCoordinatesAreIncorrect3" class="frontend.handler.TestWebSocketImpl"/>
      </group> <!-- OnWebSocketTextCoordinatesAreIncorrect3 -->
      <group name="TargetWaitAndPostStatusZero">
        <method signature="TestRegUserTargetRegPost.testTargetWaitAndPostStatusZero()[pri:0, instance:frontend.handler.TestRegUserTargetRegPost@6d9c705e]" name="testTargetWaitAndPostStatusZero" class="frontend.handler.TestRegUserTargetRegPost"/>
      </group> <!-- TargetWaitAndPostStatusZero -->
      <group name="KeepAliveWSIsNull">
        <method signature="TestUserDataImpl.testKeepAliveWSIsNull()[pri:0, instance:userDataImpl.TestUserDataImpl@2dec0883]" name="testKeepAliveWSIsNull" class="userDataImpl.TestUserDataImpl"/>
      </group> <!-- KeepAliveWSIsNull -->
      <group name="NUTargetMainPage">
        <method signature="TestRegUserTargetRegPost.testNUTargetMainPage()[pri:0, instance:frontend.handler.TestRegUserTargetRegPost@6d9c705e]" name="testNUTargetMainPage" class="frontend.handler.TestRegUserTargetRegPost"/>
      </group> <!-- NUTargetMainPage -->
      <group name="OnWebSocketTextCoordinatesAreIncorrect2">
        <method signature="TestWebSocketImpl.testOnWebSocketTextCoordinatesAreIncorrect2()[pri:0, instance:frontend.handler.TestWebSocketImpl@1d51a1a1]" name="testOnWebSocketTextCoordinatesAreIncorrect2" class="frontend.handler.TestWebSocketImpl"/>
      </group> <!-- OnWebSocketTextCoordinatesAreIncorrect2 -->
      <group name="OnWebSocketTextCoordinatesAreIncorrect1">
        <method signature="TestWebSocketImpl.testOnWebSocketTextCoordinatesAreIncorrect1()[pri:0, instance:frontend.handler.TestWebSocketImpl@1d51a1a1]" name="testOnWebSocketTextCoordinatesAreIncorrect1" class="frontend.handler.TestWebSocketImpl"/>
      </group> <!-- OnWebSocketTextCoordinatesAreIncorrect1 -->
      <group name="CheckUsersKeepAliveEqualsOne">
        <method signature="TestUserDataImpl.testCheckUsersKeepAliveEqualsOne()[pri:0, instance:userDataImpl.TestUserDataImpl@2dec0883]" name="testCheckUsersKeepAliveEqualsOne" class="userDataImpl.TestUserDataImpl"/>
      </group> <!-- CheckUsersKeepAliveEqualsOne -->
      <group name="OnWebSocketTextStartServerTimeIsIncorrectAndTextIsNull">
        <method signature="TestNewChatWSImpl.testOnWebSocketTextStartServerTimeIsIncorrectAndTextIsNull()[pri:0, instance:chat.TestNewChatWSImpl@1785f0d]" name="testOnWebSocketTextStartServerTimeIsIncorrectAndTextIsNull" class="chat.TestNewChatWSImpl"/>
      </group> <!-- OnWebSocketTextStartServerTimeIsIncorrectAndTextIsNull -->
      <group name="OnWebSocketTextCoordinatesAreIncorrectAndSessionIdIsNull">
        <method signature="TestWebSocketImpl.testOnWebSocketTextCoordinatesAreIncorrectAndSessionIdIsNull()[pri:0, instance:frontend.handler.TestWebSocketImpl@1d51a1a1]" name="testOnWebSocketTextCoordinatesAreIncorrectAndSessionIdIsNull" class="frontend.handler.TestWebSocketImpl"/>
      </group> <!-- OnWebSocketTextCoordinatesAreIncorrectAndSessionIdIsNull -->
      <group name="testUpdateUsers">
        <method signature="TestDBServiceImpl.testUpdateUDS()[pri:0, instance:dbService.TestDBServiceImpl@5a4a6010]" name="testUpdateUDS" class="dbService.TestDBServiceImpl"/>
      </group> <!-- testUpdateUsers -->
      <group name="PartyEndFirstIsNull">
        <method signature="TestUserDataImpl.testPartyEndFirstIsNull()[pri:0, instance:userDataImpl.TestUserDataImpl@2dec0883]" name="testPartyEndFirstIsNull" class="userDataImpl.TestUserDataImpl"/>
      </group> <!-- PartyEndFirstIsNull -->
      <group name="StatusReadyTargetGame">
        <method signature="TestRegUserTargetRegPost.testStatusReadyTargetGame()[pri:0, instance:frontend.handler.TestRegUserTargetRegPost@6d9c705e]" name="testStatusReadyTargetGame" class="frontend.handler.TestRegUserTargetRegPost"/>
      </group> <!-- StatusReadyTargetGame -->
      <group name="testAddExistsUDS">
        <method signature="TestDBServiceImpl.testAddExistsUDS()[pri:0, instance:dbService.TestDBServiceImpl@5a4a6010]" name="testAddExistsUDS" class="dbService.TestDBServiceImpl"/>
      </group> <!-- testAddExistsUDS -->
      <group name="AddUser">
        <method signature="TestMsgAddUser.testAddUser()[pri:0, instance:messageSystem.TestMsgAddUser@1723a349]" name="testAddUser" class="messageSystem.TestMsgAddUser"/>
      </group> <!-- AddUser -->
      <group name="RegUserTargetReg">
        <method signature="TestRegUserTargetRegPost.testRegUserTargetMainPage()[pri:0, instance:frontend.handler.TestRegUserTargetRegPost@6d9c705e]" name="testRegUserTargetMainPage" class="frontend.handler.TestRegUserTargetRegPost"/>
      </group> <!-- RegUserTargetReg -->
      <group name="PutSessionIdAndChatWS">
        <method signature="TestUserDataImpl.testPutSessionIdAndChatWS()[pri:0, instance:userDataImpl.TestUserDataImpl@2dec0883]" name="testPutSessionIdAndChatWS" class="userDataImpl.TestUserDataImpl"/>
      </group> <!-- PutSessionIdAndChatWS -->
      <group name="StatusReadyTargetMainPage">
        <method signature="TestRegUserTargetRegPost.testStatusReadyTargetMainPage()[pri:0, instance:frontend.handler.TestRegUserTargetRegPost@6d9c705e]" name="testStatusReadyTargetMainPage" class="frontend.handler.TestRegUserTargetRegPost"/>
      </group> <!-- StatusReadyTargetMainPage -->
      <group name="OnWebSocketTextCoordinatesAreOk">
        <method signature="TestWebSocketImpl.testOnWebSocketTextCoordinatesAreOk()[pri:0, instance:frontend.handler.TestWebSocketImpl@1d51a1a1]" name="testOnWebSocketTextCoordinatesAreOk" class="frontend.handler.TestWebSocketImpl"/>
      </group> <!-- OnWebSocketTextCoordinatesAreOk -->
      <group name="PartyEndSecondIsNull">
        <method signature="TestUserDataImpl.testPartyEndSecondIsNull()[pri:0, instance:userDataImpl.TestUserDataImpl@2dec0883]" name="testPartyEndSecondIsNull" class="userDataImpl.TestUserDataImpl"/>
      </group> <!-- PartyEndSecondIsNull -->
      <group name="testGetNoneExistUDS">
        <method signature="TestDBServiceImpl.testGetNoneExistUDS()[pri:0, instance:dbService.TestDBServiceImpl@5a4a6010]" name="testGetNoneExistUDS" class="dbService.TestDBServiceImpl"/>
      </group> <!-- testGetNoneExistUDS -->
      <group name="NickAndPasswordAreNotNull">
        <method signature="TestRegUserTargetRegPost.testNickAndPasswordAreNotNull()[pri:0, instance:frontend.handler.TestRegUserTargetRegPost@6d9c705e]" name="testNickAndPasswordAreNotNull" class="frontend.handler.TestRegUserTargetRegPost"/>
      </group> <!-- NickAndPasswordAreNotNull -->
      <group name="OnWebSocketTextSessionIdIsNull">
        <method signature="TestNewChatWSImpl.testOnWebSocketTextSessionIdIsNull()[pri:0, instance:chat.TestNewChatWSImpl@1785f0d]" name="testOnWebSocketTextSessionIdIsNull" class="chat.TestNewChatWSImpl"/>
      </group> <!-- OnWebSocketTextSessionIdIsNull -->
      <group name="GetWSBySessionId">
        <method signature="TestUserDataImpl.testGetWSBySessionId()[pri:0, instance:userDataImpl.TestUserDataImpl@2dec0883]" name="testGetWSBySessionId" class="userDataImpl.TestUserDataImpl"/>
      </group> <!-- GetWSBySessionId -->
      <group name="OnWebSocketTextAddNewWebSocket">
        <method signature="TestWebSocketImpl.testOnWebSocketTextAddNewWebSocket()[pri:0, instance:frontend.handler.TestWebSocketImpl@1d51a1a1]" name="testOnWebSocketTextAddNewWebSocket" class="frontend.handler.TestWebSocketImpl"/>
      </group> <!-- OnWebSocketTextAddNewWebSocket -->
      <group name="testDeleteNoneExistsUDS">
        <method signature="TestDBServiceImpl.testDeleteNoneExistsUDS()[pri:0, instance:dbService.TestDBServiceImpl@5a4a6010]" name="testDeleteNoneExistsUDS" class="dbService.TestDBServiceImpl"/>
      </group> <!-- testDeleteNoneExistsUDS -->
      <group name="PartyEnd">
        <method signature="TestUserDataImpl.testPartyEnd()[pri:0, instance:userDataImpl.TestUserDataImpl@2dec0883]" name="testPartyEnd" class="userDataImpl.TestUserDataImpl"/>
      </group> <!-- PartyEnd -->
      <group name="CheckUsers">
        <method signature="TestUserDataImpl.testCheckUsers()[pri:0, instance:userDataImpl.TestUserDataImpl@2dec0883]" name="testCheckUsers" class="userDataImpl.TestUserDataImpl"/>
      </group> <!-- CheckUsers -->
      <group name="readResource">
        <method signature="ResourceFactoryTest.testGetResource()[pri:0, instance:resource.ResourceFactoryTest@fc3d7e7]" name="testGetResource" class="resource.ResourceFactoryTest"/>
      </group> <!-- readResource -->
      <group name="OnWebSocketTextThereAreNoConnect">
        <method signature="TestNewChatWSImpl.testOnWebSocketTextThereAreNoConnect()[pri:0, instance:chat.TestNewChatWSImpl@1785f0d]" name="testOnWebSocketTextThereAreNoConnect" class="chat.TestNewChatWSImpl"/>
      </group> <!-- OnWebSocketTextThereAreNoConnect -->
      <group name="OnWebSocketTextCoordinatesAreOkSessionIdIsNull">
        <method signature="TestWebSocketImpl.testOnWebSocketTextCoordinatesAreOkSessionIdIsNull()[pri:0, instance:frontend.handler.TestWebSocketImpl@1d51a1a1]" name="testOnWebSocketTextCoordinatesAreOkSessionIdIsNull" class="frontend.handler.TestWebSocketImpl"/>
      </group> <!-- OnWebSocketTextCoordinatesAreOkSessionIdIsNull -->
      <group name="OnWebSocketTextTextIsNull">
        <method signature="TestNewChatWSImpl.testOnWebSocketTextTextIsNull()[pri:0, instance:chat.TestNewChatWSImpl@1785f0d]" name="testOnWebSocketTextTextIsNull" class="chat.TestNewChatWSImpl"/>
      </group> <!-- OnWebSocketTextTextIsNull -->
      <group name="testSteps">
        <method signature="GameSessionTest.testCheckStroke()[pri:0, instance:gameMechanic.GameSessionTest@57d37013]" name="testCheckStroke" class="gameMechanic.GameSessionTest"/>
      </group> <!-- testSteps -->
      <group name="FindUser">
        <method signature="TestTExecutor.testFindUser()[pri:0, instance:dbService.TestTExecutor@724cb162]" name="testFindUser" class="dbService.TestTExecutor"/>
      </group> <!-- FindUser -->
      <group name="GetChatWSBySessionId">
        <method signature="TestUserDataImpl.testGetChatWSBySessionId()[pri:0, instance:userDataImpl.TestUserDataImpl@2dec0883]" name="testGetChatWSBySessionId" class="userDataImpl.TestUserDataImpl"/>
      </group> <!-- GetChatWSBySessionId -->
      <group name="OnWebSocketTextStartServerTimeIsNull">
        <method signature="TestNewChatWSImpl.testOnWebSocketTextStartServerTimeIsNull()[pri:0, instance:chat.TestNewChatWSImpl@1785f0d]" name="testOnWebSocketTextStartServerTimeIsNull" class="chat.TestNewChatWSImpl"/>
      </group> <!-- OnWebSocketTextStartServerTimeIsNull -->
      <group name="OnWebSocketTextServerTimeIsNotCorrect">
        <method signature="TestWebSocketImpl.testOnWebSocketText()[pri:0, instance:frontend.handler.TestWebSocketImpl@1d51a1a1]" name="testOnWebSocketText" class="frontend.handler.TestWebSocketImpl"/>
      </group> <!-- OnWebSocketTextServerTimeIsNotCorrect -->
      <group name="UpdateUsersColor">
        <method signature="TestWebSocketImpl.testUpdateUsersColor()[pri:0, instance:frontend.handler.TestWebSocketImpl@1d51a1a1]" name="testUpdateUsersColor" class="frontend.handler.TestWebSocketImpl"/>
      </group> <!-- UpdateUsersColor -->
      <group name="OnWebSocketTextCoordinatesAreIncorrectButServerTimeIsOk">
        <method signature="TestWebSocketImpl.testOnWebSocketTextCoordinatesAreIncorrectButServerTimeIsOk()[pri:0, instance:frontend.handler.TestWebSocketImpl@1d51a1a1]" name="testOnWebSocketTextCoordinatesAreIncorrectButServerTimeIsOk" class="frontend.handler.TestWebSocketImpl"/>
      </group> <!-- OnWebSocketTextCoordinatesAreIncorrectButServerTimeIsOk -->
      <group name="PartyEndAllIsNull">
        <method signature="TestUserDataImpl.testPartyEndAllIsNull()[pri:0, instance:userDataImpl.TestUserDataImpl@2dec0883]" name="testPartyEndAllIsNull" class="userDataImpl.TestUserDataImpl"/>
      </group> <!-- PartyEndAllIsNull -->
      <group name="UpdateUserId">
        <method signature="TestUserDataImpl.testUpdateUserId()[pri:0, instance:userDataImpl.TestUserDataImpl@2dec0883]" name="testUpdateUserId" class="userDataImpl.TestUserDataImpl"/>
      </group> <!-- UpdateUserId -->
      <group name="NickAndPasswd=null">
        <method signature="TestRegUserTargetRegPost.testRegNickAndPasswdAreNull()[pri:0, instance:frontend.handler.TestRegUserTargetRegPost@6d9c705e]" name="testRegNickAndPasswdAreNull" class="frontend.handler.TestRegUserTargetRegPost"/>
      </group> <!-- NickAndPasswd=null -->
      <group name="OnWebSocketTextConnectIsTrue">
        <method signature="TestNewChatWSImpl.testOnWebSocketTextConnectIsTrue()[pri:0, instance:chat.TestNewChatWSImpl@1785f0d]" name="testOnWebSocketTextConnectIsTrue" class="chat.TestNewChatWSImpl"/>
      </group> <!-- OnWebSocketTextConnectIsTrue -->
      <group name="CheckServerTime">
        <method signature="TestUserDataImpl.testCheckServerTime()[pri:0, instance:userDataImpl.TestUserDataImpl@2dec0883]" name="testCheckServerTime" class="userDataImpl.TestUserDataImpl"/>
      </group> <!-- CheckServerTime -->
      <group name="NUTargetGame">
        <method signature="TestRegUserTargetRegPost.testNUTargetGame()[pri:0, instance:frontend.handler.TestRegUserTargetRegPost@6d9c705e]" name="testNUTargetGame" class="frontend.handler.TestRegUserTargetRegPost"/>
      </group> <!-- NUTargetGame -->
      <group name="testRun">
        <method signature="TestDBServiceImpl.testRun()[pri:0, instance:dbService.TestDBServiceImpl@5a4a6010]" name="testRun" class="dbService.TestDBServiceImpl"/>
      </group> <!-- testRun -->
      <group name="OnWebSocketTextThereAreNoConnection">
        <method signature="TestWebSocketImpl.testOnWebSocketTextThereAreNoConnection()[pri:0, instance:frontend.handler.TestWebSocketImpl@1d51a1a1]" name="testOnWebSocketTextThereAreNoConnection" class="frontend.handler.TestWebSocketImpl"/>
      </group> <!-- OnWebSocketTextThereAreNoConnection -->
      <group name="WebSocketImpl">
        <method signature="TestWebSocketImpl.testWebSocketImpl()[pri:0, instance:frontend.handler.TestWebSocketImpl@1d51a1a1]" name="testWebSocketImpl" class="frontend.handler.TestWebSocketImpl"/>
      </group> <!-- WebSocketImpl -->
      <group name="StatusReadyTargetProfile">
        <method signature="TestRegUserTargetRegPost.testStatusReadyTargetProfile()[pri:0, instance:frontend.handler.TestRegUserTargetRegPost@6d9c705e]" name="testStatusReadyTargetProfile" class="frontend.handler.TestRegUserTargetRegPost"/>
      </group> <!-- StatusReadyTargetProfile -->
      <group name="OnWebSocketTextThereAreNoChatForThisSessionId">
        <method signature="TestNewChatWSImpl.testOnWebSocketTextThereAreNoChatForThisSessionId()[pri:0, instance:chat.TestNewChatWSImpl@1785f0d]" name="testOnWebSocketTextThereAreNoChatForThisSessionId" class="chat.TestNewChatWSImpl"/>
      </group> <!-- OnWebSocketTextThereAreNoChatForThisSessionId -->
      <group name="RegNickAndPasswordAreNull">
        <method signature="TestRegUserTargetRegPost.testRegNickAndPasswordAreNull()[pri:0, instance:frontend.handler.TestRegUserTargetRegPost@6d9c705e]" name="testRegNickAndPasswordAreNull" class="frontend.handler.TestRegUserTargetRegPost"/>
      </group> <!-- RegNickAndPasswordAreNull -->
      <group name="UpdateUserIdNewUserIsNull">
        <method signature="TestUserDataImpl.testUpUpdateUserIdNewUserIsNull()[pri:0, instance:userDataImpl.TestUserDataImpl@2dec0883]" name="testUpUpdateUserIdNewUserIsNull" class="userDataImpl.TestUserDataImpl"/>
      </group> <!-- UpdateUserIdNewUserIsNull -->
      <group name="StatusReadyTargetLogout">
        <method signature="TestRegUserTargetRegPost.testStatusReadyTargetLogout()[pri:0, instance:frontend.handler.TestRegUserTargetRegPost@6d9c705e]" name="testStatusReadyTargetLogout" class="frontend.handler.TestRegUserTargetRegPost"/>
      </group> <!-- StatusReadyTargetLogout -->
      <group name="GetSessionIdByUserId">
        <method signature="TestUserDataImpl.testGetSessionIdByUserId()[pri:0, instance:userDataImpl.TestUserDataImpl@2dec0883]" name="testGetSessionIdByUserId" class="userDataImpl.TestUserDataImpl"/>
      </group> <!-- GetSessionIdByUserId -->
      <group name="NUTarget404">
        <method signature="TestRegUserTargetRegPost.testNUTarget404()[pri:0, instance:frontend.handler.TestRegUserTargetRegPost@6d9c705e]" name="testNUTarget404" class="frontend.handler.TestRegUserTargetRegPost"/>
      </group> <!-- NUTarget404 -->
      <group name="GetLogInUserBySessionId">
        <method signature="TestUserDataImpl.testGetLogInUserBySessionId()[pri:0, instance:userDataImpl.TestUserDataImpl@2dec0883]" name="testGetLogInUserBySessionId" class="userDataImpl.TestUserDataImpl"/>
      </group> <!-- GetLogInUserBySessionId -->
      <group name="RegNickAndPasswordAreNotNull">
        <method signature="TestRegUserTargetRegPost.testRegNickAndPasswordAreNotNull()[pri:0, instance:frontend.handler.TestRegUserTargetRegPost@6d9c705e]" name="testRegNickAndPasswordAreNotNull" class="frontend.handler.TestRegUserTargetRegPost"/>
      </group> <!-- RegNickAndPasswordAreNotNull -->
      <group name="RegUserTarget404">
        <method signature="TestRegUserTargetRegPost.testRegUserTarget404()[pri:0, instance:frontend.handler.TestRegUserTargetRegPost@6d9c705e]" name="testRegUserTarget404" class="frontend.handler.TestRegUserTargetRegPost"/>
      </group> <!-- RegUserTarget404 -->
      <group name="CreateGames">
        <method signature="TestUserDataImpl.testCreateGames()[pri:0, instance:userDataImpl.TestUserDataImpl@2dec0883]" name="testCreateGames" class="userDataImpl.TestUserDataImpl"/>
      </group> <!-- CreateGames -->
      <group name="OnWebSocketTextTextIsEmpty">
        <method signature="TestNewChatWSImpl.testOnWebSocketTextTextIsEmpty()[pri:0, instance:chat.TestNewChatWSImpl@1785f0d]" name="testOnWebSocketTextTextIsEmpty" class="chat.TestNewChatWSImpl"/>
      </group> <!-- OnWebSocketTextTextIsEmpty -->
      <group name="StatusReadyTargetReg">
        <method signature="TestRegUserTargetRegPost.testStatusReadyTargetReg()[pri:0, instance:frontend.handler.TestRegUserTargetRegPost@6d9c705e]" name="testStatusReadyTargetReg" class="frontend.handler.TestRegUserTargetRegPost"/>
      </group> <!-- StatusReadyTargetReg -->
      <group name="RegUserTargetGame">
        <method signature="TestRegUserTargetRegPost.testRegUserTargetGame()[pri:0, instance:frontend.handler.TestRegUserTargetRegPost@6d9c705e]" name="testRegUserTargetGame" class="frontend.handler.TestRegUserTargetRegPost"/>
      </group> <!-- RegUserTargetGame -->
      <group name="OnWebSocketTextAddMessageUserIsNull">
        <method signature="TestNewChatWSImpl.testOnWebSocketTextAddMessageUserIsNull()[pri:0, instance:chat.TestNewChatWSImpl@1785f0d]" name="testOnWebSocketTextAddMessageUserIsNull" class="chat.TestNewChatWSImpl"/>
      </group> <!-- OnWebSocketTextAddMessageUserIsNull -->
      <group name="CreateGamesNoUsersWantToPlay">
        <method signature="TestUserDataImpl.testCreateGamesNoUsersWantToPlay()[pri:0, instance:userDataImpl.TestUserDataImpl@2dec0883]" name="testCreateGamesNoUsersWantToPlay" class="userDataImpl.TestUserDataImpl"/>
      </group> <!-- CreateGamesNoUsersWantToPlay -->
      <group name="UpdateUserIdOldUserIsNull">
        <method signature="TestUserDataImpl.testUpdateUserIdOldUserIsNull()[pri:0, instance:userDataImpl.TestUserDataImpl@2dec0883]" name="testUpdateUserIdOldUserIsNull" class="userDataImpl.TestUserDataImpl"/>
      </group> <!-- UpdateUserIdOldUserIsNull -->
      <group name="testAddUDS">
        <method signature="TestDBServiceImpl.testAddUDS()[pri:0, instance:dbService.TestDBServiceImpl@5a4a6010]" name="testAddUDS" class="dbService.TestDBServiceImpl"/>
      </group> <!-- testAddUDS -->
      <group name="TargetWait">
        <method signature="TestRegUserTargetRegPost.testTargetWait()[pri:0, instance:frontend.handler.TestRegUserTargetRegPost@6d9c705e]" name="testTargetWait" class="frontend.handler.TestRegUserTargetRegPost"/>
      </group> <!-- TargetWait -->
    </groups>
    <test name="Command line test" duration-ms="4087" started-at="2014-04-14T14:00:31Z" finished-at="2014-04-14T14:00:35Z">
      <class name="utils.VFSTest">
        <test-method status="PASS" signature="testBfs()[pri:0, instance:utils.VFSTest@7a631c70]" name="testBfs" duration-ms="0" started-at="2014-04-14T18:00:35Z" finished-at="2014-04-14T18:00:35Z">
          <reporter-output>
          </reporter-output>
        </test-method> <!-- testBfs -->
        <test-method status="PASS" signature="testGetRelativePath()[pri:0, instance:utils.VFSTest@7a631c70]" name="testGetRelativePath" duration-ms="1" started-at="2014-04-14T18:00:35Z" finished-at="2014-04-14T18:00:35Z">
          <reporter-output>
          </reporter-output>
        </test-method> <!-- testGetRelativePath -->
        <test-method status="PASS" signature="testGetAbsolutePath()[pri:0, instance:utils.VFSTest@7a631c70]" name="testGetAbsolutePath" duration-ms="0" started-at="2014-04-14T18:00:35Z" finished-at="2014-04-14T18:00:35Z">
          <reporter-output>
          </reporter-output>
        </test-method> <!-- testGetAbsolutePath -->
        <test-method status="PASS" signature="testIsExist()[pri:0, instance:utils.VFSTest@7a631c70]" name="testIsExist" duration-ms="0" started-at="2014-04-14T18:00:35Z" finished-at="2014-04-14T18:00:35Z">
          <reporter-output>
          </reporter-output>
        </test-method> <!-- testIsExist -->
        <test-method status="PASS" signature="testReadFile()[pri:0, instance:utils.VFSTest@7a631c70]" name="testReadFile" duration-ms="19" started-at="2014-04-14T18:00:35Z" finished-at="2014-04-14T18:00:35Z">
          <reporter-output>
          </reporter-output>
        </test-method> <!-- testReadFile -->
        <test-method status="PASS" signature="testIsFile()[pri:0, instance:utils.VFSTest@7a631c70]" name="testIsFile" duration-ms="0" started-at="2014-04-14T18:00:35Z" finished-at="2014-04-14T18:00:35Z">
          <reporter-output>
          </reporter-output>
        </test-method> <!-- testIsFile -->
        <test-method status="PASS" signature="testWriteToEndOfFile()[pri:0, instance:utils.VFSTest@7a631c70]" name="testWriteToEndOfFile" duration-ms="1" started-at="2014-04-14T18:00:35Z" finished-at="2014-04-14T18:00:35Z">
          <reporter-output>
          </reporter-output>
        </test-method> <!-- testWriteToEndOfFile -->
        <test-method status="PASS" signature="testWriteToFile()[pri:0, instance:utils.VFSTest@7a631c70]" name="testWriteToFile" duration-ms="2" started-at="2014-04-14T18:00:35Z" finished-at="2014-04-14T18:00:35Z">
          <reporter-output>
          </reporter-output>
        </test-method> <!-- testWriteToFile -->
      </class> <!-- utils.VFSTest -->
      <class name="gameMechanic.GameSessionTest">
        <test-method status="PASS" signature="setUpBeforeTest()[pri:0, instance:gameMechanic.GameSessionTest@57d37013]" name="setUpBeforeTest" is-config="true" duration-ms="77" started-at="2014-04-14T18:00:31Z" finished-at="2014-04-14T18:00:31Z">
          <reporter-output>
          </reporter-output>
        </test-method> <!-- setUpBeforeTest -->
        <test-method status="PASS" signature="setUp()[pri:0, instance:resource.ResourceFactoryTest@fc3d7e7]" name="setUp" is-config="true" duration-ms="1" started-at="2014-04-14T18:00:31Z" finished-at="2014-04-14T18:00:31Z">
          <reporter-output>
          </reporter-output>
        </test-method> <!-- setUp -->
        <test-method status="PASS" signature="setUp()[pri:0, instance:utils.ReflectionHelperTest@3932f2b2]" name="setUp" is-config="true" duration-ms="0" started-at="2014-04-14T18:00:31Z" finished-at="2014-04-14T18:00:31Z">
          <reporter-output>
          </reporter-output>
        </test-method> <!-- setUp -->
        <test-method status="PASS" signature="setUpBeforeTest()[pri:0, instance:utils.SysInfoTest@1fb59afc]" name="setUpBeforeTest" is-config="true" duration-ms="1" started-at="2014-04-14T18:00:31Z" finished-at="2014-04-14T18:00:31Z">
          <reporter-output>
          </reporter-output>
        </test-method> <!-- setUpBeforeTest -->
        <test-method status="PASS" signature="setUp()[pri:0, instance:gameClasses.SnapshotTest@4bd226a7]" name="setUp" is-config="true" duration-ms="0" started-at="2014-04-14T18:00:31Z" finished-at="2014-04-14T18:00:31Z">
          <reporter-output>
          </reporter-output>
        </test-method> <!-- setUp -->
        <test-method status="PASS" signature="setUp()[pri:0, instance:utils.VFSTest@7a631c70]" name="setUp" is-config="true" duration-ms="1" started-at="2014-04-14T18:00:31Z" finished-at="2014-04-14T18:00:31Z">
          <reporter-output>
          </reporter-output>
        </test-method> <!-- setUp -->
        <test-method status="PASS" signature="testCheckStroke()[pri:0, instance:gameMechanic.GameSessionTest@57d37013]" name="testCheckStroke" duration-ms="27" started-at="2014-04-14T18:00:31Z" finished-at="2014-04-14T18:00:31Z">
          <reporter-output>
          </reporter-output>
        </test-method> <!-- testCheckStroke -->
        <test-method status="PASS" signature="testGetFields()[pri:0, instance:gameMechanic.GameSessionTest@57d37013]" name="testGetFields" duration-ms="4" started-at="2014-04-14T18:00:31Z" finished-at="2014-04-14T18:00:31Z">
          <reporter-output>
          </reporter-output>
        </test-method> <!-- testGetFields -->
        <test-method status="PASS" signature="testGetNext()[pri:0, instance:gameMechanic.GameSessionTest@57d37013]" name="testGetNext" duration-ms="1" started-at="2014-04-14T18:00:31Z" finished-at="2014-04-14T18:00:31Z">
          <reporter-output>
          </reporter-output>
        </test-method> <!-- testGetNext -->
        <test-method status="PASS" signature="testGetSnapshot()[pri:0, instance:gameMechanic.GameSessionTest@57d37013]" name="testGetSnapshot" duration-ms="1" started-at="2014-04-14T18:00:31Z" finished-at="2014-04-14T18:00:31Z">
          <reporter-output>
          </reporter-output>
        </test-method> <!-- testGetSnapshot -->
        <test-method status="PASS" signature="testGetWinnerId()[pri:0, instance:gameMechanic.GameSessionTest@57d37013]" name="testGetWinnerId" duration-ms="0" started-at="2014-04-14T18:00:31Z" finished-at="2014-04-14T18:00:31Z">
          <reporter-output>
          </reporter-output>
        </test-method> <!-- testGetWinnerId -->
        <test-method status="PASS" signature="testSaveAILog()[pri:0, instance:gameMechanic.GameSessionTest@57d37013]" name="testSaveAILog" duration-ms="1" depends-on-groups="testSteps" started-at="2014-04-14T18:00:35Z" finished-at="2014-04-14T18:00:35Z">
          <reporter-output>
          </reporter-output>
        </test-method> <!-- testSaveAILog -->
        <test-method status="PASS" signature="testSaveLog()[pri:0, instance:gameMechanic.GameSessionTest@57d37013]" name="testSaveLog" duration-ms="2" depends-on-groups="testSteps" started-at="2014-04-14T18:00:35Z" finished-at="2014-04-14T18:00:35Z">
          <reporter-output>
          </reporter-output>
        </test-method> <!-- testSaveLog -->
        <test-method status="PASS" signature="tearDown()[pri:0, instance:gameMechanic.GameSessionTest@57d37013]" name="tearDown" is-config="true" duration-ms="1" started-at="2014-04-14T18:00:35Z" finished-at="2014-04-14T18:00:35Z">
          <reporter-output>
          </reporter-output>
        </test-method> <!-- tearDown -->
        <test-method status="PASS" signature="tearDown()[pri:0, instance:resource.ResourceFactoryTest@fc3d7e7]" name="tearDown" is-config="true" duration-ms="0" started-at="2014-04-14T18:00:35Z" finished-at="2014-04-14T18:00:35Z">
          <reporter-output>
          </reporter-output>
        </test-method> <!-- tearDown -->
        <test-method status="PASS" signature="tearDown()[pri:0, instance:utils.VFSTest@7a631c70]" name="tearDown" is-config="true" duration-ms="1" started-at="2014-04-14T18:00:35Z" finished-at="2014-04-14T18:00:35Z">
          <reporter-output>
          </reporter-output>
        </test-method> <!-- tearDown -->
      </class> <!-- gameMechanic.GameSessionTest -->
      <class name="messageSystem.TestMsgAddUser">
        <test-method status="PASS" signature="setUpAddUser()[pri:0, instance:messageSystem.TestMsgAddUser@1723a349]" name="setUpAddUser" is-config="true" duration-ms="18" started-at="2014-04-14T18:00:32Z" finished-at="2014-04-14T18:00:32Z">
          <reporter-output>
          </reporter-output>
        </test-method> <!-- setUpAddUser -->
        <test-method status="PASS" signature="testAddUser()[pri:0, instance:messageSystem.TestMsgAddUser@1723a349]" name="testAddUser" duration-ms="7" started-at="2014-04-14T18:00:32Z" finished-at="2014-04-14T18:00:32Z">
          <reporter-output>
          </reporter-output>
        </test-method> <!-- testAddUser -->
        <test-method status="PASS" signature="tearDown()[pri:0, instance:messageSystem.TestMsgAddUser@1723a349]" name="tearDown" is-config="true" duration-ms="1" started-at="2014-04-14T18:00:32Z" finished-at="2014-04-14T18:00:32Z">
          <reporter-output>
          </reporter-output>
        </test-method> <!-- tearDown -->
      </class> <!-- messageSystem.TestMsgAddUser -->
      <class name="dbService.TestTExecutor">
        <test-method status="PASS" signature="setUpFindUser()[pri:0, instance:dbService.TestTExecutor@724cb162]" name="setUpFindUser" is-config="true" duration-ms="26" started-at="2014-04-14T18:00:34Z" finished-at="2014-04-14T18:00:34Z">
          <reporter-output>
          </reporter-output>
        </test-method> <!-- setUpFindUser -->
        <test-method status="PASS" signature="testFindUser()[pri:0, instance:dbService.TestTExecutor@724cb162]" name="testFindUser" duration-ms="3" started-at="2014-04-14T18:00:34Z" finished-at="2014-04-14T18:00:34Z">
          <reporter-output>
          </reporter-output>
        </test-method> <!-- testFindUser -->
        <test-method status="PASS" signature="tearDown()[pri:0, instance:dbService.TestTExecutor@724cb162]" name="tearDown" is-config="true" duration-ms="0" started-at="2014-04-14T18:00:34Z" finished-at="2014-04-14T18:00:34Z">
          <reporter-output>
          </reporter-output>
        </test-method> <!-- tearDown -->
      </class> <!-- dbService.TestTExecutor -->
      <class name="gameClasses.StrokeTest">
        <test-method status="PASS" signature="setUp()[pri:0, instance:gameClasses.StrokeTest@51e7c4d4]" name="setUp" is-config="true" duration-ms="0" started-at="2014-04-14T18:00:32Z" finished-at="2014-04-14T18:00:32Z">
          <reporter-output>
          </reporter-output>
        </test-method> <!-- setUp -->
        <test-method status="PASS" signature="testInstance()[pri:0, instance:gameClasses.StrokeTest@51e7c4d4]" name="testInstance" duration-ms="1" started-at="2014-04-14T18:00:32Z" finished-at="2014-04-14T18:00:32Z">
          <reporter-output>
          </reporter-output>
        </test-method> <!-- testInstance -->
        <test-method status="PASS" signature="tearDown()[pri:0, instance:gameClasses.StrokeTest@51e7c4d4]" name="tearDown" is-config="true" duration-ms="0" started-at="2014-04-14T18:00:32Z" finished-at="2014-04-14T18:00:32Z">
          <reporter-output>
          </reporter-output>
        </test-method> <!-- tearDown -->
      </class> <!-- gameClasses.StrokeTest -->
      <class name="messageSystem.MsgToGameMechanicTest">
        <test-method status="PASS" signature="setUp()[pri:0, instance:messageSystem.MsgToGameMechanicTest@2083fc73]" name="setUp" is-config="true" duration-ms="0" started-at="2014-04-14T18:00:32Z" finished-at="2014-04-14T18:00:32Z">
          <reporter-output>
          </reporter-output>
        </test-method> <!-- setUp -->
        <test-method status="PASS" signature="testExec()[pri:0, instance:messageSystem.MsgToGameMechanicTest@2083fc73]" name="testExec" duration-ms="0" started-at="2014-04-14T18:00:32Z" finished-at="2014-04-14T18:00:32Z">
          <reporter-output>
          </reporter-output>
        </test-method> <!-- testExec -->
      </class> <!-- messageSystem.MsgToGameMechanicTest -->
      <class name="dbService.TestDBServiceImpl">
        <test-method status="PASS" signature="setUp()[pri:0, instance:dbService.TestDBServiceImpl@5a4a6010]" name="setUp" is-config="true" duration-ms="14" started-at="2014-04-14T18:00:32Z" finished-at="2014-04-14T18:00:32Z">
          <reporter-output>
          </reporter-output>
        </test-method> <!-- setUp -->
        <test-method status="PASS" signature="tearDownAddExistsUDS()[pri:0, instance:dbService.TestDBServiceImpl@5a4a6010]" name="tearDownAddExistsUDS" is-config="true" duration-ms="1" started-at="2014-04-14T18:00:32Z" finished-at="2014-04-14T18:00:32Z">
          <reporter-output>
          </reporter-output>
        </test-method> <!-- tearDownAddExistsUDS -->
        <test-method status="PASS" signature="testAddExistsUDS()[pri:0, instance:dbService.TestDBServiceImpl@5a4a6010]" name="testAddExistsUDS" duration-ms="0" started-at="2014-04-14T18:00:32Z" finished-at="2014-04-14T18:00:32Z">
          <reporter-output>
          </reporter-output>
        </test-method> <!-- testAddExistsUDS -->
        <test-method status="PASS" signature="setUpAddExistsUDS()[pri:0, instance:dbService.TestDBServiceImpl@5a4a6010]" name="setUpAddExistsUDS" is-config="true" duration-ms="0" started-at="2014-04-14T18:00:32Z" finished-at="2014-04-14T18:00:32Z">
          <reporter-output>
          </reporter-output>
        </test-method> <!-- setUpAddExistsUDS -->
        <test-method status="PASS" signature="setUpAddUDS()[pri:0, instance:dbService.TestDBServiceImpl@5a4a6010]" name="setUpAddUDS" is-config="true" duration-ms="0" started-at="2014-04-14T18:00:32Z" finished-at="2014-04-14T18:00:32Z">
          <reporter-output>
          </reporter-output>
        </test-method> <!-- setUpAddUDS -->
        <test-method status="PASS" signature="testAddUDS()[pri:0, instance:dbService.TestDBServiceImpl@5a4a6010]" name="testAddUDS" duration-ms="1" started-at="2014-04-14T18:00:32Z" finished-at="2014-04-14T18:00:32Z">
          <reporter-output>
          </reporter-output>
        </test-method> <!-- testAddUDS -->
        <test-method status="PASS" signature="testDeleteNoneExistsUDS()[pri:0, instance:dbService.TestDBServiceImpl@5a4a6010]" name="testDeleteNoneExistsUDS" duration-ms="1" started-at="2014-04-14T18:00:32Z" finished-at="2014-04-14T18:00:32Z">
          <reporter-output>
          </reporter-output>
        </test-method> <!-- testDeleteNoneExistsUDS -->
        <test-method status="PASS" signature="tearDownAddUDS()[pri:0, instance:dbService.TestDBServiceImpl@5a4a6010]" name="tearDownAddUDS" is-config="true" duration-ms="0" started-at="2014-04-14T18:00:32Z" finished-at="2014-04-14T18:00:32Z">
          <reporter-output>
          </reporter-output>
        </test-method> <!-- tearDownAddUDS -->
        <test-method status="PASS" signature="setUpDeleteNoneExistsUDS()[pri:0, instance:dbService.TestDBServiceImpl@5a4a6010]" name="setUpDeleteNoneExistsUDS" is-config="true" duration-ms="0" started-at="2014-04-14T18:00:32Z" finished-at="2014-04-14T18:00:32Z">
          <reporter-output>
          </reporter-output>
        </test-method> <!-- setUpDeleteNoneExistsUDS -->
        <test-method status="PASS" signature="tearDownDeleteNoneExistsUDS()[pri:0, instance:dbService.TestDBServiceImpl@5a4a6010]" name="tearDownDeleteNoneExistsUDS" is-config="true" duration-ms="0" started-at="2014-04-14T18:00:32Z" finished-at="2014-04-14T18:00:32Z">
          <reporter-output>
          </reporter-output>
        </test-method> <!-- tearDownDeleteNoneExistsUDS -->
        <test-method status="PASS" signature="setUpGEtNoneExistUDS()[pri:0, instance:dbService.TestDBServiceImpl@5a4a6010]" name="setUpGEtNoneExistUDS" is-config="true" duration-ms="0" started-at="2014-04-14T18:00:32Z" finished-at="2014-04-14T18:00:32Z">
          <reporter-output>
          </reporter-output>
        </test-method> <!-- setUpGEtNoneExistUDS -->
        <test-method status="PASS" signature="testGetNoneExistUDS()[pri:0, instance:dbService.TestDBServiceImpl@5a4a6010]" name="testGetNoneExistUDS" duration-ms="1" started-at="2014-04-14T18:00:32Z" finished-at="2014-04-14T18:00:32Z">
          <reporter-output>
          </reporter-output>
        </test-method> <!-- testGetNoneExistUDS -->
        <test-method status="PASS" signature="tearDownGetNoneExistUDS()[pri:0, instance:dbService.TestDBServiceImpl@5a4a6010]" name="tearDownGetNoneExistUDS" is-config="true" duration-ms="0" started-at="2014-04-14T18:00:32Z" finished-at="2014-04-14T18:00:32Z">
          <reporter-output>
          </reporter-output>
        </test-method> <!-- tearDownGetNoneExistUDS -->
        <test-method status="PASS" signature="setUpRun()[pri:0, instance:dbService.TestDBServiceImpl@5a4a6010]" name="setUpRun" is-config="true" duration-ms="0" started-at="2014-04-14T18:00:32Z" finished-at="2014-04-14T18:00:32Z">
          <reporter-output>
          </reporter-output>
        </test-method> <!-- setUpRun -->
        <test-method status="PASS" signature="testRun()[pri:0, instance:dbService.TestDBServiceImpl@5a4a6010]" name="testRun" duration-ms="501" started-at="2014-04-14T18:00:32Z" finished-at="2014-04-14T18:00:32Z">
          <exception class="org.testng.internal.thread.ThreadTimeoutException">
            <message>
              <![CDATA[Method org.testng.internal.TestNGMethod.testRun() didn't finish within the time-out 500]]>
            </message>
            <full-stacktrace>
              <![CDATA[org.testng.internal.thread.ThreadTimeoutException: Method org.testng.internal.TestNGMethod.testRun() didn't finish within the time-out 500
	at java.lang.String.intern(Native Method)
	at java.lang.Class.searchFields(Class.java:2693)
	at java.lang.Class.getDeclaredField(Class.java:1936)
	at org.mockito.internal.creation.cglib.CGLIBHacker.reflectOnCreateInfo(CGLIBHacker.java:44)
	at org.mockito.internal.creation.cglib.CGLIBHacker.setMockitoNamingPolicy(CGLIBHacker.java:20)
	at org.mockito.internal.creation.MethodInterceptorFilter.intercept(MethodInterceptorFilter.java:41)
	at base.MessageSystem$$EnhancerByMockitoWithCGLIB$$2bcaa732.execForAbonent(<generated>)
	at dbService.DBServiceImpl.methodRun(DBServiceImpl.java:86)
	at dbService.DBServiceImpl.run(DBServiceImpl.java:91)
	at dbService.TestDBServiceImpl.testRun(TestDBServiceImpl.java:133)
	at sun.reflect.NativeMethodAccessorImpl.invoke0(Native Method)
	at sun.reflect.NativeMethodAccessorImpl.invoke(NativeMethodAccessorImpl.java:57)
	at sun.reflect.DelegatingMethodAccessorImpl.invoke(DelegatingMethodAccessorImpl.java:43)
	at java.lang.reflect.Method.invoke(Method.java:606)
	at org.testng.internal.MethodInvocationHelper.invokeMethod(MethodInvocationHelper.java:84)
	at org.testng.internal.InvokeMethodRunnable.runOne(InvokeMethodRunnable.java:46)
	at org.testng.internal.InvokeMethodRunnable.run(InvokeMethodRunnable.java:37)
	at java.util.concurrent.Executors$RunnableAdapter.call(Executors.java:471)
	at java.util.concurrent.FutureTask$Sync.innerRun(FutureTask.java:334)
	at java.util.concurrent.FutureTask.run(FutureTask.java:166)
	at java.util.concurrent.ThreadPoolExecutor.runWorker(ThreadPoolExecutor.java:1145)
	at java.util.concurrent.ThreadPoolExecutor$Worker.run(ThreadPoolExecutor.java:615)
	at java.lang.Thread.run(Thread.java:724)
]]>
            </full-stacktrace>
          </exception> <!-- org.testng.internal.thread.ThreadTimeoutException -->
          <reporter-output>
          </reporter-output>
        </test-method> <!-- testRun -->
        <test-method status="PASS" signature="setUpUpdateUDS()[pri:0, instance:dbService.TestDBServiceImpl@5a4a6010]" name="setUpUpdateUDS" is-config="true" duration-ms="1" started-at="2014-04-14T18:00:32Z" finished-at="2014-04-14T18:00:32Z">
          <reporter-output>
          </reporter-output>
        </test-method> <!-- setUpUpdateUDS -->
        <test-method status="PASS" signature="tearDownRun()[pri:0, instance:dbService.TestDBServiceImpl@5a4a6010]" name="tearDownRun" is-config="true" duration-ms="0" started-at="2014-04-14T18:00:32Z" finished-at="2014-04-14T18:00:32Z">
          <reporter-output>
          </reporter-output>
        </test-method> <!-- tearDownRun -->
        <test-method status="PASS" signature="testUpdateUDS()[pri:0, instance:dbService.TestDBServiceImpl@5a4a6010]" name="testUpdateUDS" duration-ms="0" started-at="2014-04-14T18:00:32Z" finished-at="2014-04-14T18:00:32Z">
          <reporter-output>
          </reporter-output>
        </test-method> <!-- testUpdateUDS -->
        <test-method status="PASS" signature="tearDownUpdateUDS()[pri:0, instance:dbService.TestDBServiceImpl@5a4a6010]" name="tearDownUpdateUDS" is-config="true" duration-ms="1" started-at="2014-04-14T18:00:32Z" finished-at="2014-04-14T18:00:32Z">
          <reporter-output>
          </reporter-output>
        </test-method> <!-- tearDownUpdateUDS -->
      </class> <!-- dbService.TestDBServiceImpl -->
      <class name="resource.ResourceFactoryTest">
        <test-method status="PASS" signature="testGetResource()[pri:0, instance:resource.ResourceFactoryTest@fc3d7e7]" name="testGetResource" duration-ms="2" started-at="2014-04-14T18:00:32Z" finished-at="2014-04-14T18:00:32Z">
          <reporter-output>
          </reporter-output>
        </test-method> <!-- testGetResource -->
        <test-method status="PASS" signature="testRating()[pri:0, instance:resource.ResourceFactoryTest@fc3d7e7]" name="testRating" duration-ms="1" depends-on-groups="readResource" started-at="2014-04-14T18:00:35Z" finished-at="2014-04-14T18:00:35Z">
          <reporter-output>
          </reporter-output>
        </test-method> <!-- testRating -->
      </class> <!-- resource.ResourceFactoryTest -->
      <class name="utils.ReflectionHelperTest">
        <test-method status="PASS" signature="testCreateInstance()[pri:0, instance:utils.ReflectionHelperTest@3932f2b2]" name="testCreateInstance" duration-ms="9" started-at="2014-04-14T18:00:32Z" finished-at="2014-04-14T18:00:32Z">
          <reporter-output>
          </reporter-output>
        </test-method> <!-- testCreateInstance -->
        <test-method status="PASS" signature="tearDown()[pri:0, instance:utils.ReflectionHelperTest@3932f2b2]" name="tearDown" is-config="true" duration-ms="0" started-at="2014-04-14T18:00:32Z" finished-at="2014-04-14T18:00:32Z">
          <reporter-output>
          </reporter-output>
        </test-method> <!-- tearDown -->
        <test-method status="PASS" signature="testSetFieldValue()[pri:0, instance:utils.ReflectionHelperTest@3932f2b2]" name="testSetFieldValue" duration-ms="1" started-at="2014-04-14T18:00:32Z" finished-at="2014-04-14T18:00:32Z">
          <reporter-output>
          </reporter-output>
        </test-method> <!-- testSetFieldValue -->
        <test-method status="PASS" signature="tearDown()[pri:0, instance:utils.ReflectionHelperTest@3932f2b2]" name="tearDown" is-config="true" duration-ms="0" started-at="2014-04-14T18:00:32Z" finished-at="2014-04-14T18:00:32Z">
          <reporter-output>
          </reporter-output>
        </test-method> <!-- tearDown -->
      </class> <!-- utils.ReflectionHelperTest -->
      <class name="chat.TestNewChatWSImpl">
        <test-method status="PASS" signature="setUpOnWebSocketTextAddMessageUserIsNull()[pri:0, instance:chat.TestNewChatWSImpl@1785f0d]" name="setUpOnWebSocketTextAddMessageUserIsNull" is-config="true" duration-ms="62" started-at="2014-04-14T18:00:32Z" finished-at="2014-04-14T18:00:32Z">
          <reporter-output>
          </reporter-output>
        </test-method> <!-- setUpOnWebSocketTextAddMessageUserIsNull -->
        <test-method status="PASS" signature="test()[pri:0, instance:chat.TestNewChatWSImpl@1785f0d]" name="test" duration-ms="0" started-at="2014-04-14T18:00:32Z" finished-at="2014-04-14T18:00:32Z">
          <reporter-output>
          </reporter-output>
        </test-method> <!-- test -->
        <test-method status="PASS" signature="testOnWebSocketTextAddMessageUserIsNull()[pri:0, instance:chat.TestNewChatWSImpl@1785f0d]" name="testOnWebSocketTextAddMessageUserIsNull" duration-ms="8" started-at="2014-04-14T18:00:32Z" finished-at="2014-04-14T18:00:32Z">
          <reporter-output>
          </reporter-output>
        </test-method> <!-- testOnWebSocketTextAddMessageUserIsNull -->
        <test-method status="PASS" signature="tearDownOnWebSocketTextAddMessageUserIsNull()[pri:0, instance:chat.TestNewChatWSImpl@1785f0d]" name="tearDownOnWebSocketTextAddMessageUserIsNull" is-config="true" duration-ms="0" started-at="2014-04-14T18:00:32Z" finished-at="2014-04-14T18:00:32Z">
          <reporter-output>
          </reporter-output>
        </test-method> <!-- tearDownOnWebSocketTextAddMessageUserIsNull -->
        <test-method status="PASS" signature="setUpOnWebSocketTextConnectIsTrue()[pri:0, instance:chat.TestNewChatWSImpl@1785f0d]" name="setUpOnWebSocketTextConnectIsTrue" is-config="true" duration-ms="3" started-at="2014-04-14T18:00:32Z" finished-at="2014-04-14T18:00:32Z">
          <reporter-output>
          </reporter-output>
        </test-method> <!-- setUpOnWebSocketTextConnectIsTrue -->
        <test-method status="PASS" signature="testOnWebSocketTextConnectIsTrue()[pri:0, instance:chat.TestNewChatWSImpl@1785f0d]" name="testOnWebSocketTextConnectIsTrue" duration-ms="6" started-at="2014-04-14T18:00:32Z" finished-at="2014-04-14T18:00:32Z">
          <reporter-output>
          </reporter-output>
        </test-method> <!-- testOnWebSocketTextConnectIsTrue -->
        <test-method status="PASS" signature="tearDownOnWebSocketTextConnectIsTrue()[pri:0, instance:chat.TestNewChatWSImpl@1785f0d]" name="tearDownOnWebSocketTextConnectIsTrue" is-config="true" duration-ms="0" started-at="2014-04-14T18:00:32Z" finished-at="2014-04-14T18:00:32Z">
          <reporter-output>
          </reporter-output>
        </test-method> <!-- tearDownOnWebSocketTextConnectIsTrue -->
        <test-method status="PASS" signature="setUpOnWebSocketTextSessionIdIsNull()[pri:0, instance:chat.TestNewChatWSImpl@1785f0d]" name="setUpOnWebSocketTextSessionIdIsNull" is-config="true" duration-ms="2" started-at="2014-04-14T18:00:32Z" finished-at="2014-04-14T18:00:32Z">
          <reporter-output>
          </reporter-output>
        </test-method> <!-- setUpOnWebSocketTextSessionIdIsNull -->
        <test-method status="PASS" signature="testOnWebSocketTextSessionIdIsNull()[pri:0, instance:chat.TestNewChatWSImpl@1785f0d]" name="testOnWebSocketTextSessionIdIsNull" duration-ms="11" started-at="2014-04-14T18:00:32Z" finished-at="2014-04-14T18:00:32Z">
          <reporter-output>
          </reporter-output>
        </test-method> <!-- testOnWebSocketTextSessionIdIsNull -->
        <test-method status="PASS" signature="tearDownOnWebSocketTextSessionIdIsNull()[pri:0, instance:chat.TestNewChatWSImpl@1785f0d]" name="tearDownOnWebSocketTextSessionIdIsNull" is-config="true" duration-ms="0" started-at="2014-04-14T18:00:32Z" finished-at="2014-04-14T18:00:32Z">
          <reporter-output>
          </reporter-output>
        </test-method> <!-- tearDownOnWebSocketTextSessionIdIsNull -->
        <test-method status="PASS" signature="setUpOnWebSocketTextStartServerTimeIsIncorrectAndTextIsNull()[pri:0, instance:chat.TestNewChatWSImpl@1785f0d]" name="setUpOnWebSocketTextStartServerTimeIsIncorrectAndTextIsNull" is-config="true" duration-ms="3" started-at="2014-04-14T18:00:32Z" finished-at="2014-04-14T18:00:32Z">
          <reporter-output>
          </reporter-output>
        </test-method> <!-- setUpOnWebSocketTextStartServerTimeIsIncorrectAndTextIsNull -->
        <test-method status="PASS" signature="testOnWebSocketTextStartServerTimeIsIncorrectAndTextIsNull()[pri:0, instance:chat.TestNewChatWSImpl@1785f0d]" name="testOnWebSocketTextStartServerTimeIsIncorrectAndTextIsNull" duration-ms="12" started-at="2014-04-14T18:00:32Z" finished-at="2014-04-14T18:00:32Z">
          <reporter-output>
          </reporter-output>
        </test-method> <!-- testOnWebSocketTextStartServerTimeIsIncorrectAndTextIsNull -->
        <test-method status="PASS" signature="tearDownOnWebSocketTextStartServerTimeIsIncorrectAndTextIsNull()[pri:0, instance:chat.TestNewChatWSImpl@1785f0d]" name="tearDownOnWebSocketTextStartServerTimeIsIncorrectAndTextIsNull" is-config="true" duration-ms="0" started-at="2014-04-14T18:00:32Z" finished-at="2014-04-14T18:00:32Z">
          <reporter-output>
          </reporter-output>
        </test-method> <!-- tearDownOnWebSocketTextStartServerTimeIsIncorrectAndTextIsNull -->
        <test-method status="PASS" signature="setUpOnWebSocketTextStartServerTimeIsNull()[pri:0, instance:chat.TestNewChatWSImpl@1785f0d]" name="setUpOnWebSocketTextStartServerTimeIsNull" is-config="true" duration-ms="3" started-at="2014-04-14T18:00:32Z" finished-at="2014-04-14T18:00:32Z">
          <reporter-output>
          </reporter-output>
        </test-method> <!-- setUpOnWebSocketTextStartServerTimeIsNull -->
        <test-method status="PASS" signature="testOnWebSocketTextStartServerTimeIsNull()[pri:0, instance:chat.TestNewChatWSImpl@1785f0d]" name="testOnWebSocketTextStartServerTimeIsNull" duration-ms="28" started-at="2014-04-14T18:00:32Z" finished-at="2014-04-14T18:00:32Z">
          <reporter-output>
          </reporter-output>
        </test-method> <!-- testOnWebSocketTextStartServerTimeIsNull -->
        <test-method status="PASS" signature="setUpOnWebSocketTextTextIsEmpty()[pri:0, instance:chat.TestNewChatWSImpl@1785f0d]" name="setUpOnWebSocketTextTextIsEmpty" is-config="true" duration-ms="3" started-at="2014-04-14T18:00:32Z" finished-at="2014-04-14T18:00:32Z">
          <reporter-output>
          </reporter-output>
        </test-method> <!-- setUpOnWebSocketTextTextIsEmpty -->
        <test-method status="PASS" signature="tearDownOnWebSocketTextStartServerTimeIsNull()[pri:0, instance:chat.TestNewChatWSImpl@1785f0d]" name="tearDownOnWebSocketTextStartServerTimeIsNull" is-config="true" duration-ms="0" started-at="2014-04-14T18:00:32Z" finished-at="2014-04-14T18:00:32Z">
          <reporter-output>
          </reporter-output>
        </test-method> <!-- tearDownOnWebSocketTextStartServerTimeIsNull -->
        <test-method status="PASS" signature="testOnWebSocketTextTextIsEmpty()[pri:0, instance:chat.TestNewChatWSImpl@1785f0d]" name="testOnWebSocketTextTextIsEmpty" duration-ms="3" started-at="2014-04-14T18:00:32Z" finished-at="2014-04-14T18:00:32Z">
          <reporter-output>
          </reporter-output>
        </test-method> <!-- testOnWebSocketTextTextIsEmpty -->
        <test-method status="PASS" signature="tearDownOnWebSocketTextTextIsEmpty()[pri:0, instance:chat.TestNewChatWSImpl@1785f0d]" name="tearDownOnWebSocketTextTextIsEmpty" is-config="true" duration-ms="1" started-at="2014-04-14T18:00:32Z" finished-at="2014-04-14T18:00:32Z">
          <reporter-output>
          </reporter-output>
        </test-method> <!-- tearDownOnWebSocketTextTextIsEmpty -->
        <test-method status="PASS" signature="setUpOnWebSocketTextTextIsNull()[pri:0, instance:chat.TestNewChatWSImpl@1785f0d]" name="setUpOnWebSocketTextTextIsNull" is-config="true" duration-ms="7" started-at="2014-04-14T18:00:32Z" finished-at="2014-04-14T18:00:32Z">
          <reporter-output>
          </reporter-output>
        </test-method> <!-- setUpOnWebSocketTextTextIsNull -->
        <test-method status="PASS" signature="testOnWebSocketTextTextIsNull()[pri:0, instance:chat.TestNewChatWSImpl@1785f0d]" name="testOnWebSocketTextTextIsNull" duration-ms="12" started-at="2014-04-14T18:00:32Z" finished-at="2014-04-14T18:00:32Z">
          <reporter-output>
          </reporter-output>
        </test-method> <!-- testOnWebSocketTextTextIsNull -->
        <test-method status="PASS" signature="tearDownOnWebSocketTextTextIsNull()[pri:0, instance:chat.TestNewChatWSImpl@1785f0d]" name="tearDownOnWebSocketTextTextIsNull" is-config="true" duration-ms="1" started-at="2014-04-14T18:00:32Z" finished-at="2014-04-14T18:00:32Z">
          <reporter-output>
          </reporter-output>
        </test-method> <!-- tearDownOnWebSocketTextTextIsNull -->
        <test-method status="PASS" signature="setUpOnWebSocketTextThereAreNoChatForThisSessionId()[pri:0, instance:chat.TestNewChatWSImpl@1785f0d]" name="setUpOnWebSocketTextThereAreNoChatForThisSessionId" is-config="true" duration-ms="4" started-at="2014-04-14T18:00:32Z" finished-at="2014-04-14T18:00:32Z">
          <reporter-output>
          </reporter-output>
        </test-method> <!-- setUpOnWebSocketTextThereAreNoChatForThisSessionId -->
        <test-method status="PASS" signature="testOnWebSocketTextThereAreNoChatForThisSessionId()[pri:0, instance:chat.TestNewChatWSImpl@1785f0d]" name="testOnWebSocketTextThereAreNoChatForThisSessionId" duration-ms="4" started-at="2014-04-14T18:00:32Z" finished-at="2014-04-14T18:00:32Z">
          <reporter-output>
          </reporter-output>
        </test-method> <!-- testOnWebSocketTextThereAreNoChatForThisSessionId -->
        <test-method status="PASS" signature="setUpOnWebSocketTextThereAreNoConnect()[pri:0, instance:chat.TestNewChatWSImpl@1785f0d]" name="setUpOnWebSocketTextThereAreNoConnect" is-config="true" duration-ms="14" started-at="2014-04-14T18:00:32Z" finished-at="2014-04-14T18:00:32Z">
          <reporter-output>
          </reporter-output>
        </test-method> <!-- setUpOnWebSocketTextThereAreNoConnect -->
        <test-method status="PASS" signature="tearDownOnWebSocketTextThereAreNoChatForThisSessionId()[pri:0, instance:chat.TestNewChatWSImpl@1785f0d]" name="tearDownOnWebSocketTextThereAreNoChatForThisSessionId" is-config="true" duration-ms="0" started-at="2014-04-14T18:00:32Z" finished-at="2014-04-14T18:00:32Z">
          <reporter-output>
          </reporter-output>
        </test-method> <!-- tearDownOnWebSocketTextThereAreNoChatForThisSessionId -->
        <test-method status="PASS" signature="testOnWebSocketTextThereAreNoConnect()[pri:0, instance:chat.TestNewChatWSImpl@1785f0d]" name="testOnWebSocketTextThereAreNoConnect" duration-ms="1" started-at="2014-04-14T18:00:32Z" finished-at="2014-04-14T18:00:32Z">
          <reporter-output>
          </reporter-output>
        </test-method> <!-- testOnWebSocketTextThereAreNoConnect -->
        <test-method status="PASS" signature="tearDownOnWebSocketTextThereAreNoConnect()[pri:0, instance:chat.TestNewChatWSImpl@1785f0d]" name="tearDownOnWebSocketTextThereAreNoConnect" is-config="true" duration-ms="0" started-at="2014-04-14T18:00:32Z" finished-at="2014-04-14T18:00:32Z">
          <reporter-output>
          </reporter-output>
        </test-method> <!-- tearDownOnWebSocketTextThereAreNoConnect -->
        <test-method status="PASS" signature="tearDown()[pri:0, instance:chat.TestNewChatWSImpl@1785f0d]" name="tearDown" is-config="true" duration-ms="1" started-at="2014-04-14T18:00:35Z" finished-at="2014-04-14T18:00:35Z">
          <reporter-output>
          </reporter-output>
        </test-method> <!-- tearDown -->
        <test-method status="PASS" signature="tearDown()[pri:0, instance:frontend.handler.TestWebSocketImpl@1d51a1a1]" name="tearDown" is-config="true" duration-ms="0" started-at="2014-04-14T18:00:35Z" finished-at="2014-04-14T18:00:35Z">
          <reporter-output>
          </reporter-output>
        </test-method> <!-- tearDown -->
        <test-method status="PASS" signature="tearDown()[pri:0, instance:userDataImpl.TestUserDataImpl@2dec0883]" name="tearDown" is-config="true" duration-ms="0" started-at="2014-04-14T18:00:35Z" finished-at="2014-04-14T18:00:35Z">
          <reporter-output>
          </reporter-output>
        </test-method> <!-- tearDown -->
      </class> <!-- chat.TestNewChatWSImpl -->
      <class name="gameMechanic.GameMechanicImplTest">
        <test-method status="PASS" signature="setUp()[pri:0, instance:gameMechanic.GameMechanicImplTest@6ce9ef0a]" name="setUp" is-config="true" duration-ms="22" started-at="2014-04-14T18:00:31Z" finished-at="2014-04-14T18:00:31Z">
          <reporter-output>
          </reporter-output>
        </test-method> <!-- setUp -->
        <test-method status="PASS" signature="testCheckStroke()[pri:0, instance:gameMechanic.GameMechanicImplTest@6ce9ef0a]" name="testCheckStroke" duration-ms="11" started-at="2014-04-14T18:00:31Z" finished-at="2014-04-14T18:00:31Z">
          <reporter-output>
          </reporter-output>
        </test-method> <!-- testCheckStroke -->
        <test-method status="PASS" signature="setUp()[pri:0, instance:gameMechanic.GameMechanicImplTest@6ce9ef0a]" name="setUp" is-config="true" duration-ms="6" started-at="2014-04-14T18:00:31Z" finished-at="2014-04-14T18:00:31Z">
          <reporter-output>
          </reporter-output>
        </test-method> <!-- setUp -->
        <test-method status="PASS" signature="testCheckStrokeLose()[pri:0, instance:gameMechanic.GameMechanicImplTest@6ce9ef0a]" name="testCheckStrokeLose" duration-ms="11" started-at="2014-04-14T18:00:31Z" finished-at="2014-04-14T18:00:31Z">
          <reporter-output>
          </reporter-output>
        </test-method> <!-- testCheckStrokeLose -->
        <test-method status="PASS" signature="setUp()[pri:0, instance:gameMechanic.GameMechanicImplTest@6ce9ef0a]" name="setUp" is-config="true" duration-ms="2" started-at="2014-04-14T18:00:31Z" finished-at="2014-04-14T18:00:31Z">
          <reporter-output>
          </reporter-output>
        </test-method> <!-- setUp -->
        <test-method status="PASS" signature="testCreateGames()[pri:0, instance:gameMechanic.GameMechanicImplTest@6ce9ef0a]" name="testCreateGames" duration-ms="3" started-at="2014-04-14T18:00:31Z" finished-at="2014-04-14T18:00:31Z">
          <reporter-output>
          </reporter-output>
        </test-method> <!-- testCreateGames -->
      </class> <!-- gameMechanic.GameMechanicImplTest -->
      <class name="frontend.newOrLoginUser.MsgAddUserTest">
        <test-method status="PASS" signature="setUp()[pri:0, instance:frontend.newOrLoginUser.MsgAddUserTest@e03bd6]" name="setUp" is-config="true" duration-ms="252" started-at="2014-04-14T18:00:31Z" finished-at="2014-04-14T18:00:31Z">
          <reporter-output>
          </reporter-output>
        </test-method> <!-- setUp -->
        <test-method status="PASS" signature="testExec()[pri:0, instance:frontend.newOrLoginUser.MsgAddUserTest@e03bd6]" name="testExec" duration-ms="57" started-at="2014-04-14T18:00:31Z" finished-at="2014-04-14T18:00:32Z">
          <exception class="org.testng.internal.thread.ThreadTimeoutException">
            <message>
              <![CDATA[Method org.testng.internal.TestNGMethod.testExec() didn't finish within the time-out 50]]>
            </message>
            <full-stacktrace>
              <![CDATA[org.testng.internal.thread.ThreadTimeoutException: Method org.testng.internal.TestNGMethod.testExec() didn't finish within the time-out 50
	at java.lang.Thread.sleep(Native Method)
	at utils.TimeHelper.sleep(TimeHelper.java:14)
	at dbService.DBServiceImpl.methodRun(DBServiceImpl.java:87)
	at dbService.DBServiceImpl.run(DBServiceImpl.java:91)
	at frontend.newOrLoginUser.MsgAddUserTest.testExec(MsgAddUserTest.java:46)
	at sun.reflect.NativeMethodAccessorImpl.invoke0(Native Method)
	at sun.reflect.NativeMethodAccessorImpl.invoke(NativeMethodAccessorImpl.java:57)
	at sun.reflect.DelegatingMethodAccessorImpl.invoke(DelegatingMethodAccessorImpl.java:43)
	at java.lang.reflect.Method.invoke(Method.java:606)
	at org.testng.internal.MethodInvocationHelper.invokeMethod(MethodInvocationHelper.java:84)
	at org.testng.internal.InvokeMethodRunnable.runOne(InvokeMethodRunnable.java:46)
	at org.testng.internal.InvokeMethodRunnable.run(InvokeMethodRunnable.java:37)
	at java.util.concurrent.Executors$RunnableAdapter.call(Executors.java:471)
	at java.util.concurrent.FutureTask$Sync.innerRun(FutureTask.java:334)
	at java.util.concurrent.FutureTask.run(FutureTask.java:166)
	at java.util.concurrent.ThreadPoolExecutor.runWorker(ThreadPoolExecutor.java:1145)
	at java.util.concurrent.ThreadPoolExecutor$Worker.run(ThreadPoolExecutor.java:615)
	at java.lang.Thread.run(Thread.java:724)
]]>
            </full-stacktrace>
          </exception> <!-- org.testng.internal.thread.ThreadTimeoutException -->
          <reporter-output>
          </reporter-output>
        </test-method> <!-- testExec -->
        <test-method status="PASS" signature="tearDown()[pri:0, instance:frontend.newOrLoginUser.MsgAddUserTest@e03bd6]" name="tearDown" is-config="true" duration-ms="1" started-at="2014-04-14T18:00:32Z" finished-at="2014-04-14T18:00:32Z">
          <reporter-output>
          </reporter-output>
        </test-method> <!-- tearDown -->
      </class> <!-- frontend.newOrLoginUser.MsgAddUserTest -->
      <class name="frontend.handler.TestWebSocketImpl">
        <test-method status="PASS" signature="test()[pri:0, instance:frontend.handler.TestWebSocketImpl@1d51a1a1]" name="test" duration-ms="0" started-at="2014-04-14T18:00:35Z" finished-at="2014-04-14T18:00:35Z">
          <reporter-output>
          </reporter-output>
        </test-method> <!-- test -->
        <test-method status="PASS" signature="setUpOnWebSocketTextServerTimeIsNotCorrect()[pri:0, instance:frontend.handler.TestWebSocketImpl@1d51a1a1]" name="setUpOnWebSocketTextServerTimeIsNotCorrect" is-config="true" duration-ms="2" started-at="2014-04-14T18:00:35Z" finished-at="2014-04-14T18:00:35Z">
          <reporter-output>
          </reporter-output>
        </test-method> <!-- setUpOnWebSocketTextServerTimeIsNotCorrect -->
        <test-method status="PASS" signature="testOnWebSocketText()[pri:0, instance:frontend.handler.TestWebSocketImpl@1d51a1a1]" name="testOnWebSocketText" duration-ms="1" started-at="2014-04-14T18:00:35Z" finished-at="2014-04-14T18:00:35Z">
          <reporter-output>
          </reporter-output>
        </test-method> <!-- testOnWebSocketText -->
        <test-method status="PASS" signature="tearDownOnWebSocketTextServerTimeIsNotCorrect()[pri:0, instance:frontend.handler.TestWebSocketImpl@1d51a1a1]" name="tearDownOnWebSocketTextServerTimeIsNotCorrect" is-config="true" duration-ms="0" started-at="2014-04-14T18:00:35Z" finished-at="2014-04-14T18:00:35Z">
          <reporter-output>
          </reporter-output>
        </test-method> <!-- tearDownOnWebSocketTextServerTimeIsNotCorrect -->
        <test-method status="PASS" signature="setUpOnWebSocketTextAddNewWebSocket()[pri:0, instance:frontend.handler.TestWebSocketImpl@1d51a1a1]" name="setUpOnWebSocketTextAddNewWebSocket" is-config="true" duration-ms="1" started-at="2014-04-14T18:00:35Z" finished-at="2014-04-14T18:00:35Z">
          <reporter-output>
          </reporter-output>
        </test-method> <!-- setUpOnWebSocketTextAddNewWebSocket -->
        <test-method status="PASS" signature="testOnWebSocketTextAddNewWebSocket()[pri:0, instance:frontend.handler.TestWebSocketImpl@1d51a1a1]" name="testOnWebSocketTextAddNewWebSocket" duration-ms="2" started-at="2014-04-14T18:00:35Z" finished-at="2014-04-14T18:00:35Z">
          <reporter-output>
          </reporter-output>
        </test-method> <!-- testOnWebSocketTextAddNewWebSocket -->
        <test-method status="PASS" signature="tearDownOnWebSocketTextAddNewWebSocket()[pri:0, instance:frontend.handler.TestWebSocketImpl@1d51a1a1]" name="tearDownOnWebSocketTextAddNewWebSocket" is-config="true" duration-ms="0" started-at="2014-04-14T18:00:35Z" finished-at="2014-04-14T18:00:35Z">
          <reporter-output>
          </reporter-output>
        </test-method> <!-- tearDownOnWebSocketTextAddNewWebSocket -->
        <test-method status="PASS" signature="setUpOnWebSocketTextCoordinatesAreIncorrect1()[pri:0, instance:frontend.handler.TestWebSocketImpl@1d51a1a1]" name="setUpOnWebSocketTextCoordinatesAreIncorrect1" is-config="true" duration-ms="2" started-at="2014-04-14T18:00:35Z" finished-at="2014-04-14T18:00:35Z">
          <reporter-output>
          </reporter-output>
        </test-method> <!-- setUpOnWebSocketTextCoordinatesAreIncorrect1 -->
        <test-method status="PASS" signature="testOnWebSocketTextCoordinatesAreIncorrect1()[pri:0, instance:frontend.handler.TestWebSocketImpl@1d51a1a1]" name="testOnWebSocketTextCoordinatesAreIncorrect1" duration-ms="1" started-at="2014-04-14T18:00:35Z" finished-at="2014-04-14T18:00:35Z">
          <reporter-output>
          </reporter-output>
        </test-method> <!-- testOnWebSocketTextCoordinatesAreIncorrect1 -->
        <test-method status="PASS" signature="setUpOnWebSocketTextCoordinatesAreIncorrect2()[pri:0, instance:frontend.handler.TestWebSocketImpl@1d51a1a1]" name="setUpOnWebSocketTextCoordinatesAreIncorrect2" is-config="true" duration-ms="2" started-at="2014-04-14T18:00:35Z" finished-at="2014-04-14T18:00:35Z">
          <reporter-output>
          </reporter-output>
        </test-method> <!-- setUpOnWebSocketTextCoordinatesAreIncorrect2 -->
        <test-method status="PASS" signature="tearDownOnWebSocketTextCoordinatesAreIncorrect1()[pri:0, instance:frontend.handler.TestWebSocketImpl@1d51a1a1]" name="tearDownOnWebSocketTextCoordinatesAreIncorrect1" is-config="true" duration-ms="0" started-at="2014-04-14T18:00:35Z" finished-at="2014-04-14T18:00:35Z">
          <reporter-output>
          </reporter-output>
        </test-method> <!-- tearDownOnWebSocketTextCoordinatesAreIncorrect1 -->
        <test-method status="PASS" signature="testOnWebSocketTextCoordinatesAreIncorrect2()[pri:0, instance:frontend.handler.TestWebSocketImpl@1d51a1a1]" name="testOnWebSocketTextCoordinatesAreIncorrect2" duration-ms="0" started-at="2014-04-14T18:00:35Z" finished-at="2014-04-14T18:00:35Z">
          <reporter-output>
          </reporter-output>
        </test-method> <!-- testOnWebSocketTextCoordinatesAreIncorrect2 -->
        <test-method status="PASS" signature="tearDownOnWebSocketTextCoordinatesAreIncorrect2()[pri:0, instance:frontend.handler.TestWebSocketImpl@1d51a1a1]" name="tearDownOnWebSocketTextCoordinatesAreIncorrect2" is-config="true" duration-ms="0" started-at="2014-04-14T18:00:35Z" finished-at="2014-04-14T18:00:35Z">
          <reporter-output>
          </reporter-output>
        </test-method> <!-- tearDownOnWebSocketTextCoordinatesAreIncorrect2 -->
        <test-method status="PASS" signature="setUpOnWebSocketTextCoordinatesAreIncorrect3()[pri:0, instance:frontend.handler.TestWebSocketImpl@1d51a1a1]" name="setUpOnWebSocketTextCoordinatesAreIncorrect3" is-config="true" duration-ms="1" started-at="2014-04-14T18:00:35Z" finished-at="2014-04-14T18:00:35Z">
          <reporter-output>
          </reporter-output>
        </test-method> <!-- setUpOnWebSocketTextCoordinatesAreIncorrect3 -->
        <test-method status="PASS" signature="testOnWebSocketTextCoordinatesAreIncorrect3()[pri:0, instance:frontend.handler.TestWebSocketImpl@1d51a1a1]" name="testOnWebSocketTextCoordinatesAreIncorrect3" duration-ms="1" started-at="2014-04-14T18:00:35Z" finished-at="2014-04-14T18:00:35Z">
          <reporter-output>
          </reporter-output>
        </test-method> <!-- testOnWebSocketTextCoordinatesAreIncorrect3 -->
        <test-method status="PASS" signature="tearDownOnWebSocketTextCoordinatesAreIncorrect3()[pri:0, instance:frontend.handler.TestWebSocketImpl@1d51a1a1]" name="tearDownOnWebSocketTextCoordinatesAreIncorrect3" is-config="true" duration-ms="0" started-at="2014-04-14T18:00:35Z" finished-at="2014-04-14T18:00:35Z">
          <reporter-output>
          </reporter-output>
        </test-method> <!-- tearDownOnWebSocketTextCoordinatesAreIncorrect3 -->
        <test-method status="PASS" signature="setUpOnWebSocketTextCoordinatesAreIncorrect4()[pri:0, instance:frontend.handler.TestWebSocketImpl@1d51a1a1]" name="setUpOnWebSocketTextCoordinatesAreIncorrect4" is-config="true" duration-ms="1" started-at="2014-04-14T18:00:35Z" finished-at="2014-04-14T18:00:35Z">
          <reporter-output>
          </reporter-output>
        </test-method> <!-- setUpOnWebSocketTextCoordinatesAreIncorrect4 -->
        <test-method status="PASS" signature="testOnWebSocketTextCoordinatesAreIncorrect4()[pri:0, instance:frontend.handler.TestWebSocketImpl@1d51a1a1]" name="testOnWebSocketTextCoordinatesAreIncorrect4" duration-ms="1" started-at="2014-04-14T18:00:35Z" finished-at="2014-04-14T18:00:35Z">
          <reporter-output>
          </reporter-output>
        </test-method> <!-- testOnWebSocketTextCoordinatesAreIncorrect4 -->
        <test-method status="PASS" signature="setUpOnWebSocketTextCoordinatesAreIncorrectAndSessionIdIsNull()[pri:0, instance:frontend.handler.TestWebSocketImpl@1d51a1a1]" name="setUpOnWebSocketTextCoordinatesAreIncorrectAndSessionIdIsNull" is-config="true" duration-ms="2" started-at="2014-04-14T18:00:35Z" finished-at="2014-04-14T18:00:35Z">
          <reporter-output>
          </reporter-output>
        </test-method> <!-- setUpOnWebSocketTextCoordinatesAreIncorrectAndSessionIdIsNull -->
        <test-method status="PASS" signature="tearDownOnWebSocketTextCoordinatesAreIncorrect4()[pri:0, instance:frontend.handler.TestWebSocketImpl@1d51a1a1]" name="tearDownOnWebSocketTextCoordinatesAreIncorrect4" is-config="true" duration-ms="0" started-at="2014-04-14T18:00:35Z" finished-at="2014-04-14T18:00:35Z">
          <reporter-output>
          </reporter-output>
        </test-method> <!-- tearDownOnWebSocketTextCoordinatesAreIncorrect4 -->
        <test-method status="PASS" signature="testOnWebSocketTextCoordinatesAreIncorrectAndSessionIdIsNull()[pri:0, instance:frontend.handler.TestWebSocketImpl@1d51a1a1]" name="testOnWebSocketTextCoordinatesAreIncorrectAndSessionIdIsNull" duration-ms="0" started-at="2014-04-14T18:00:35Z" finished-at="2014-04-14T18:00:35Z">
          <reporter-output>
          </reporter-output>
        </test-method> <!-- testOnWebSocketTextCoordinatesAreIncorrectAndSessionIdIsNull -->
        <test-method status="PASS" signature="tearDownOnWebSocketTextCoordinatesAreIncorrectAndSessionIdIsNull()[pri:0, instance:frontend.handler.TestWebSocketImpl@1d51a1a1]" name="tearDownOnWebSocketTextCoordinatesAreIncorrectAndSessionIdIsNull" is-config="true" duration-ms="0" started-at="2014-04-14T18:00:35Z" finished-at="2014-04-14T18:00:35Z">
          <reporter-output>
          </reporter-output>
        </test-method> <!-- tearDownOnWebSocketTextCoordinatesAreIncorrectAndSessionIdIsNull -->
        <test-method status="PASS" signature="setUpOnWebSocketTextCoordinatesAreIncorrectButServerTimeIsOk()[pri:0, instance:frontend.handler.TestWebSocketImpl@1d51a1a1]" name="setUpOnWebSocketTextCoordinatesAreIncorrectButServerTimeIsOk" is-config="true" duration-ms="1" started-at="2014-04-14T18:00:35Z" finished-at="2014-04-14T18:00:35Z">
          <reporter-output>
          </reporter-output>
        </test-method> <!-- setUpOnWebSocketTextCoordinatesAreIncorrectButServerTimeIsOk -->
        <test-method status="PASS" signature="testOnWebSocketTextCoordinatesAreIncorrectButServerTimeIsOk()[pri:0, instance:frontend.handler.TestWebSocketImpl@1d51a1a1]" name="testOnWebSocketTextCoordinatesAreIncorrectButServerTimeIsOk" duration-ms="1" started-at="2014-04-14T18:00:35Z" finished-at="2014-04-14T18:00:35Z">
          <reporter-output>
          </reporter-output>
        </test-method> <!-- testOnWebSocketTextCoordinatesAreIncorrectButServerTimeIsOk -->
        <test-method status="PASS" signature="tearDownOnWebSocketTextCoordinatesAreIncorrectButServerTimeIsOk()[pri:0, instance:frontend.handler.TestWebSocketImpl@1d51a1a1]" name="tearDownOnWebSocketTextCoordinatesAreIncorrectButServerTimeIsOk" is-config="true" duration-ms="0" started-at="2014-04-14T18:00:35Z" finished-at="2014-04-14T18:00:35Z">
          <reporter-output>
          </reporter-output>
        </test-method> <!-- tearDownOnWebSocketTextCoordinatesAreIncorrectButServerTimeIsOk -->
        <test-method status="PASS" signature="setUpOnWebSocketTextCoordinatesAreOk()[pri:0, instance:frontend.handler.TestWebSocketImpl@1d51a1a1]" name="setUpOnWebSocketTextCoordinatesAreOk" is-config="true" duration-ms="2" started-at="2014-04-14T18:00:35Z" finished-at="2014-04-14T18:00:35Z">
          <reporter-output>
          </reporter-output>
        </test-method> <!-- setUpOnWebSocketTextCoordinatesAreOk -->
        <test-method status="PASS" signature="testOnWebSocketTextCoordinatesAreOk()[pri:0, instance:frontend.handler.TestWebSocketImpl@1d51a1a1]" name="testOnWebSocketTextCoordinatesAreOk" duration-ms="2" started-at="2014-04-14T18:00:35Z" finished-at="2014-04-14T18:00:35Z">
          <reporter-output>
          </reporter-output>
        </test-method> <!-- testOnWebSocketTextCoordinatesAreOk -->
        <test-method status="PASS" signature="tearDownOnWebSocketTextCoordinatesAreOk()[pri:0, instance:frontend.handler.TestWebSocketImpl@1d51a1a1]" name="tearDownOnWebSocketTextCoordinatesAreOk" is-config="true" duration-ms="0" started-at="2014-04-14T18:00:35Z" finished-at="2014-04-14T18:00:35Z">
          <reporter-output>
          </reporter-output>
        </test-method> <!-- tearDownOnWebSocketTextCoordinatesAreOk -->
        <test-method status="PASS" signature="setUpOnWebSocketTextCoordinatesAreOkSessionIdIsNull()[pri:0, instance:frontend.handler.TestWebSocketImpl@1d51a1a1]" name="setUpOnWebSocketTextCoordinatesAreOkSessionIdIsNull" is-config="true" duration-ms="2" started-at="2014-04-14T18:00:35Z" finished-at="2014-04-14T18:00:35Z">
          <reporter-output>
          </reporter-output>
        </test-method> <!-- setUpOnWebSocketTextCoordinatesAreOkSessionIdIsNull -->
        <test-method status="PASS" signature="testOnWebSocketTextCoordinatesAreOkSessionIdIsNull()[pri:0, instance:frontend.handler.TestWebSocketImpl@1d51a1a1]" name="testOnWebSocketTextCoordinatesAreOkSessionIdIsNull" duration-ms="1" started-at="2014-04-14T18:00:35Z" finished-at="2014-04-14T18:00:35Z">
          <reporter-output>
          </reporter-output>
        </test-method> <!-- testOnWebSocketTextCoordinatesAreOkSessionIdIsNull -->
        <test-method status="PASS" signature="tearDownOnWebSocketTextCoordinatesAreOkSessionIdIsNull()[pri:0, instance:frontend.handler.TestWebSocketImpl@1d51a1a1]" name="tearDownOnWebSocketTextCoordinatesAreOkSessionIdIsNull" is-config="true" duration-ms="1" started-at="2014-04-14T18:00:35Z" finished-at="2014-04-14T18:00:35Z">
          <reporter-output>
          </reporter-output>
        </test-method> <!-- tearDownOnWebSocketTextCoordinatesAreOkSessionIdIsNull -->
        <test-method status="PASS" signature="setUpOnWebSocketTextThereAreNoConnection()[pri:0, instance:frontend.handler.TestWebSocketImpl@1d51a1a1]" name="setUpOnWebSocketTextThereAreNoConnection" is-config="true" duration-ms="1" started-at="2014-04-14T18:00:35Z" finished-at="2014-04-14T18:00:35Z">
          <reporter-output>
          </reporter-output>
        </test-method> <!-- setUpOnWebSocketTextThereAreNoConnection -->
        <test-method status="PASS" signature="testOnWebSocketTextThereAreNoConnection()[pri:0, instance:frontend.handler.TestWebSocketImpl@1d51a1a1]" name="testOnWebSocketTextThereAreNoConnection" duration-ms="1" started-at="2014-04-14T18:00:35Z" finished-at="2014-04-14T18:00:35Z">
          <reporter-output>
          </reporter-output>
        </test-method> <!-- testOnWebSocketTextThereAreNoConnection -->
        <test-method status="PASS" signature="setUpUpdateUsersColor()[pri:0, instance:frontend.handler.TestWebSocketImpl@1d51a1a1]" name="setUpUpdateUsersColor" is-config="true" duration-ms="2" started-at="2014-04-14T18:00:35Z" finished-at="2014-04-14T18:00:35Z">
          <reporter-output>
          </reporter-output>
        </test-method> <!-- setUpUpdateUsersColor -->
        <test-method status="PASS" signature="tearDownOnWebSocketTextThereAreNoConnection()[pri:0, instance:frontend.handler.TestWebSocketImpl@1d51a1a1]" name="tearDownOnWebSocketTextThereAreNoConnection" is-config="true" duration-ms="0" started-at="2014-04-14T18:00:35Z" finished-at="2014-04-14T18:00:35Z">
          <reporter-output>
          </reporter-output>
        </test-method> <!-- tearDownOnWebSocketTextThereAreNoConnection -->
        <test-method status="PASS" signature="testUpdateUsersColor()[pri:0, instance:frontend.handler.TestWebSocketImpl@1d51a1a1]" name="testUpdateUsersColor" duration-ms="3" started-at="2014-04-14T18:00:35Z" finished-at="2014-04-14T18:00:35Z">
          <reporter-output>
          </reporter-output>
        </test-method> <!-- testUpdateUsersColor -->
        <test-method status="PASS" signature="tearDownUpdateUsersColor()[pri:0, instance:frontend.handler.TestWebSocketImpl@1d51a1a1]" name="tearDownUpdateUsersColor" is-config="true" duration-ms="1" started-at="2014-04-14T18:00:35Z" finished-at="2014-04-14T18:00:35Z">
          <reporter-output>
          </reporter-output>
        </test-method> <!-- tearDownUpdateUsersColor -->
        <test-method status="PASS" signature="testWebSocketImpl()[pri:0, instance:frontend.handler.TestWebSocketImpl@1d51a1a1]" name="testWebSocketImpl" duration-ms="1" started-at="2014-04-14T18:00:35Z" finished-at="2014-04-14T18:00:35Z">
          <reporter-output>
          </reporter-output>
        </test-method> <!-- testWebSocketImpl -->
        <test-method status="PASS" signature="setUpWebSocketImpl()[pri:0, instance:frontend.handler.TestWebSocketImpl@1d51a1a1]" name="setUpWebSocketImpl" is-config="true" duration-ms="0" started-at="2014-04-14T18:00:35Z" finished-at="2014-04-14T18:00:35Z">
          <reporter-output>
          </reporter-output>
        </test-method> <!-- setUpWebSocketImpl -->
        <test-method status="PASS" signature="tearDownWebSocketImpl()[pri:0, instance:frontend.handler.TestWebSocketImpl@1d51a1a1]" name="tearDownWebSocketImpl" is-config="true" duration-ms="0" started-at="2014-04-14T18:00:35Z" finished-at="2014-04-14T18:00:35Z">
          <reporter-output>
          </reporter-output>
        </test-method> <!-- tearDownWebSocketImpl -->
      </class> <!-- frontend.handler.TestWebSocketImpl -->
      <class name="utils.SysInfoTest">
        <test-method status="PASS" signature="testGetStat()[pri:0, instance:utils.SysInfoTest@1fb59afc]" name="testGetStat" duration-ms="2" started-at="2014-04-14T18:00:32Z" finished-at="2014-04-14T18:00:32Z">
          <reporter-output>
          </reporter-output>
        </test-method> <!-- testGetStat -->
[...]
          <reporter-output>
          </reporter-output>
        </test-method> <!-- testNUTargetGame -->
        <test-method status="PASS" signature="tearDownNUTargetGame()[pri:0, instance:frontend.handler.TestRegUserTargetRegPost@6d9c705e]" name="tearDownNUTargetGame" is-config="true" duration-ms="0" started-at="2014-04-14T18:00:33Z" finished-at="2014-04-14T18:00:33Z">
          <reporter-output>
          </reporter-output>
        </test-method> <!-- tearDownNUTargetGame -->
        <test-method status="PASS" signature="setUpNUTargetMainPage()[pri:0, instance:frontend.handler.TestRegUserTargetRegPost@6d9c705e]" name="setUpNUTargetMainPage" is-config="true" duration-ms="3" started-at="2014-04-14T18:00:33Z" finished-at="2014-04-14T18:00:33Z">
          <reporter-output>
          </reporter-output>
        </test-method> <!-- setUpNUTargetMainPage -->
        <test-method status="PASS" signature="testNUTargetMainPage()[pri:0, instance:frontend.handler.TestRegUserTargetRegPost@6d9c705e]" name="testNUTargetMainPage" duration-ms="12" started-at="2014-04-14T18:00:33Z" finished-at="2014-04-14T18:00:33Z">
          <reporter-output>
          </reporter-output>
        </test-method> <!-- testNUTargetMainPage -->
        <test-method status="PASS" signature="tearDownNUTargetMainPage()[pri:0, instance:frontend.handler.TestRegUserTargetRegPost@6d9c705e]" name="tearDownNUTargetMainPage" is-config="true" duration-ms="0" started-at="2014-04-14T18:00:33Z" finished-at="2014-04-14T18:00:33Z">
          <reporter-output>
          </reporter-output>
        </test-method> <!-- tearDownNUTargetMainPage -->
        <test-method status="PASS" signature="setUpNickAndPasswordAreNotNull()[pri:0, instance:frontend.handler.TestRegUserTargetRegPost@6d9c705e]" name="setUpNickAndPasswordAreNotNull" is-config="true" duration-ms="6" started-at="2014-04-14T18:00:33Z" finished-at="2014-04-14T18:00:33Z">
          <reporter-output>
          </reporter-output>
        </test-method> <!-- setUpNickAndPasswordAreNotNull -->
        <test-method status="PASS" signature="testNickAndPasswordAreNotNull()[pri:0, instance:frontend.handler.TestRegUserTargetRegPost@6d9c705e]" name="testNickAndPasswordAreNotNull" duration-ms="7" started-at="2014-04-14T18:00:33Z" finished-at="2014-04-14T18:00:33Z">
          <reporter-output>
          </reporter-output>
        </test-method> <!-- testNickAndPasswordAreNotNull -->
        <test-method status="PASS" signature="tearDownNickAndPasswordAreNotNull()[pri:0, instance:frontend.handler.TestRegUserTargetRegPost@6d9c705e]" name="tearDownNickAndPasswordAreNotNull" is-config="true" duration-ms="1" started-at="2014-04-14T18:00:33Z" finished-at="2014-04-14T18:00:33Z">
          <reporter-output>
          </reporter-output>
        </test-method> <!-- tearDownNickAndPasswordAreNotNull -->
        <test-method status="PASS" signature="setUpRegNickAndPasswdAreNull()[pri:0, instance:frontend.handler.TestRegUserTargetRegPost@6d9c705e]" name="setUpRegNickAndPasswdAreNull" is-config="true" duration-ms="6" started-at="2014-04-14T18:00:33Z" finished-at="2014-04-14T18:00:33Z">
          <reporter-output>
          </reporter-output>
        </test-method> <!-- setUpRegNickAndPasswdAreNull -->
        <test-method status="PASS" signature="testRegNickAndPasswdAreNull()[pri:0, instance:frontend.handler.TestRegUserTargetRegPost@6d9c705e]" name="testRegNickAndPasswdAreNull" duration-ms="209" started-at="2014-04-14T18:00:33Z" finished-at="2014-04-14T18:00:33Z">
          <reporter-output>
          </reporter-output>
        </test-method> <!-- testRegNickAndPasswdAreNull -->
        <test-method status="PASS" signature="tearDownRegNickAndPasswdAreNull()[pri:0, instance:frontend.handler.TestRegUserTargetRegPost@6d9c705e]" name="tearDownRegNickAndPasswdAreNull" is-config="true" duration-ms="1" started-at="2014-04-14T18:00:33Z" finished-at="2014-04-14T18:00:33Z">
          <reporter-output>
          </reporter-output>
        </test-method> <!-- tearDownRegNickAndPasswdAreNull -->
        <test-method status="PASS" signature="setUpRegNickAndPasswordAreNotNull()[pri:0, instance:frontend.handler.TestRegUserTargetRegPost@6d9c705e]" name="setUpRegNickAndPasswordAreNotNull" is-config="true" duration-ms="5" started-at="2014-04-14T18:00:33Z" finished-at="2014-04-14T18:00:33Z">
          <reporter-output>
          </reporter-output>
        </test-method> <!-- setUpRegNickAndPasswordAreNotNull -->
        <test-method status="PASS" signature="testRegNickAndPasswordAreNotNull()[pri:0, instance:frontend.handler.TestRegUserTargetRegPost@6d9c705e]" name="testRegNickAndPasswordAreNotNull" duration-ms="4" started-at="2014-04-14T18:00:33Z" finished-at="2014-04-14T18:00:33Z">
          <reporter-output>
          </reporter-output>
        </test-method> <!-- testRegNickAndPasswordAreNotNull -->
        <test-method status="PASS" signature="tearDownRegDownNickAndPasswordAreNotNull()[pri:0, instance:frontend.handler.TestRegUserTargetRegPost@6d9c705e]" name="tearDownRegDownNickAndPasswordAreNotNull" is-config="true" duration-ms="0" started-at="2014-04-14T18:00:33Z" finished-at="2014-04-14T18:00:33Z">
          <reporter-output>
          </reporter-output>
        </test-method> <!-- tearDownRegDownNickAndPasswordAreNotNull -->
        <test-method status="PASS" signature="setUpRegNickAndPasswordAreNull()[pri:0, instance:frontend.handler.TestRegUserTargetRegPost@6d9c705e]" name="setUpRegNickAndPasswordAreNull" is-config="true" duration-ms="4" started-at="2014-04-14T18:00:33Z" finished-at="2014-04-14T18:00:33Z">
          <reporter-output>
          </reporter-output>
        </test-method> <!-- setUpRegNickAndPasswordAreNull -->
        <test-method status="PASS" signature="testRegNickAndPasswordAreNull()[pri:0, instance:frontend.handler.TestRegUserTargetRegPost@6d9c705e]" name="testRegNickAndPasswordAreNull" duration-ms="205" started-at="2014-04-14T18:00:33Z" finished-at="2014-04-14T18:00:33Z">
          <reporter-output>
          </reporter-output>
        </test-method> <!-- testRegNickAndPasswordAreNull -->
        <test-method status="PASS" signature="tearDownRegDownNickAndPasswordAreNull()[pri:0, instance:frontend.handler.TestRegUserTargetRegPost@6d9c705e]" name="tearDownRegDownNickAndPasswordAreNull" is-config="true" duration-ms="0" started-at="2014-04-14T18:00:33Z" finished-at="2014-04-14T18:00:33Z">
          <reporter-output>
          </reporter-output>
        </test-method> <!-- tearDownRegDownNickAndPasswordAreNull -->
        <test-method status="PASS" signature="setUpRegUserTarget404()[pri:0, instance:frontend.handler.TestRegUserTargetRegPost@6d9c705e]" name="setUpRegUserTarget404" is-config="true" duration-ms="3" started-at="2014-04-14T18:00:33Z" finished-at="2014-04-14T18:00:33Z">
          <reporter-output>
          </reporter-output>
        </test-method> <!-- setUpRegUserTarget404 -->
        <test-method status="PASS" signature="testRegUserTarget404()[pri:0, instance:frontend.handler.TestRegUserTargetRegPost@6d9c705e]" name="testRegUserTarget404" duration-ms="3" started-at="2014-04-14T18:00:33Z" finished-at="2014-04-14T18:00:33Z">
          <reporter-output>
          </reporter-output>
        </test-method> <!-- testRegUserTarget404 -->
        <test-method status="PASS" signature="tearDownRegUserTarget404()[pri:0, instance:frontend.handler.TestRegUserTargetRegPost@6d9c705e]" name="tearDownRegUserTarget404" is-config="true" duration-ms="1" started-at="2014-04-14T18:00:33Z" finished-at="2014-04-14T18:00:33Z">
          <reporter-output>
          </reporter-output>
        </test-method> <!-- tearDownRegUserTarget404 -->
        <test-method status="PASS" signature="setUpRegUserTargetGame()[pri:0, instance:frontend.handler.TestRegUserTargetRegPost@6d9c705e]" name="setUpRegUserTargetGame" is-config="true" duration-ms="3" started-at="2014-04-14T18:00:33Z" finished-at="2014-04-14T18:00:33Z">
          <reporter-output>
          </reporter-output>
        </test-method> <!-- setUpRegUserTargetGame -->
        <test-method status="PASS" signature="testRegUserTargetGame()[pri:0, instance:frontend.handler.TestRegUserTargetRegPost@6d9c705e]" name="testRegUserTargetGame" duration-ms="4" started-at="2014-04-14T18:00:33Z" finished-at="2014-04-14T18:00:33Z">
          <reporter-output>
          </reporter-output>
        </test-method> <!-- testRegUserTargetGame -->
        <test-method status="PASS" signature="tearDownRegUserTargetGame()[pri:0, instance:frontend.handler.TestRegUserTargetRegPost@6d9c705e]" name="tearDownRegUserTargetGame" is-config="true" duration-ms="0" started-at="2014-04-14T18:00:33Z" finished-at="2014-04-14T18:00:33Z">
          <reporter-output>
          </reporter-output>
        </test-method> <!-- tearDownRegUserTargetGame -->
        <test-method status="PASS" signature="setUpRegUserTargetMainPage()[pri:0, instance:frontend.handler.TestRegUserTargetRegPost@6d9c705e]" name="setUpRegUserTargetMainPage" is-config="true" duration-ms="3" started-at="2014-04-14T18:00:33Z" finished-at="2014-04-14T18:00:33Z">
          <reporter-output>
          </reporter-output>
        </test-method> <!-- setUpRegUserTargetMainPage -->
        <test-method status="PASS" signature="testRegUserTargetMainPage()[pri:0, instance:frontend.handler.TestRegUserTargetRegPost@6d9c705e]" name="testRegUserTargetMainPage" duration-ms="3" started-at="2014-04-14T18:00:33Z" finished-at="2014-04-14T18:00:33Z">
          <reporter-output>
          </reporter-output>
        </test-method> <!-- testRegUserTargetMainPage -->
        <test-method status="PASS" signature="tearDownRegUserTargetMainPage()[pri:0, instance:frontend.handler.TestRegUserTargetRegPost@6d9c705e]" name="tearDownRegUserTargetMainPage" is-config="true" duration-ms="0" started-at="2014-04-14T18:00:33Z" finished-at="2014-04-14T18:00:33Z">
          <reporter-output>
          </reporter-output>
        </test-method> <!-- tearDownRegUserTargetMainPage -->
        <test-method status="PASS" signature="setUpStatusReadyTargetGame()[pri:0, instance:frontend.handler.TestRegUserTargetRegPost@6d9c705e]" name="setUpStatusReadyTargetGame" is-config="true" duration-ms="3" started-at="2014-04-14T18:00:33Z" finished-at="2014-04-14T18:00:33Z">
          <reporter-output>
          </reporter-output>
        </test-method> <!-- setUpStatusReadyTargetGame -->
        <test-method status="PASS" signature="testStatusReadyTargetGame()[pri:0, instance:frontend.handler.TestRegUserTargetRegPost@6d9c705e]" name="testStatusReadyTargetGame" duration-ms="7" started-at="2014-04-14T18:00:33Z" finished-at="2014-04-14T18:00:33Z">
          <reporter-output>
          </reporter-output>
        </test-method> <!-- testStatusReadyTargetGame -->
        <test-method status="PASS" signature="setUpStatusReadyTargetLogout()[pri:0, instance:frontend.handler.TestRegUserTargetRegPost@6d9c705e]" name="setUpStatusReadyTargetLogout" is-config="true" duration-ms="3" started-at="2014-04-14T18:00:33Z" finished-at="2014-04-14T18:00:33Z">
          <reporter-output>
          </reporter-output>
        </test-method> <!-- setUpStatusReadyTargetLogout -->
        <test-method status="PASS" signature="tearDownStatusReadyTargetGame()[pri:0, instance:frontend.handler.TestRegUserTargetRegPost@6d9c705e]" name="tearDownStatusReadyTargetGame" is-config="true" duration-ms="0" started-at="2014-04-14T18:00:33Z" finished-at="2014-04-14T18:00:33Z">
          <reporter-output>
          </reporter-output>
        </test-method> <!-- tearDownStatusReadyTargetGame -->
        <test-method status="PASS" signature="testStatusReadyTargetLogout()[pri:0, instance:frontend.handler.TestRegUserTargetRegPost@6d9c705e]" name="testStatusReadyTargetLogout" duration-ms="3" started-at="2014-04-14T18:00:33Z" finished-at="2014-04-14T18:00:33Z">
          <reporter-output>
          </reporter-output>
        </test-method> <!-- testStatusReadyTargetLogout -->
        <test-method status="PASS" signature="tearDownStatusReadyTargetLogout()[pri:0, instance:frontend.handler.TestRegUserTargetRegPost@6d9c705e]" name="tearDownStatusReadyTargetLogout" is-config="true" duration-ms="1" started-at="2014-04-14T18:00:33Z" finished-at="2014-04-14T18:00:33Z">
          <reporter-output>
          </reporter-output>
        </test-method> <!-- tearDownStatusReadyTargetLogout -->
        <test-method status="PASS" signature="setUpStatusReadyTargetMainPage()[pri:0, instance:frontend.handler.TestRegUserTargetRegPost@6d9c705e]" name="setUpStatusReadyTargetMainPage" is-config="true" duration-ms="3" started-at="2014-04-14T18:00:33Z" finished-at="2014-04-14T18:00:33Z">
          <reporter-output>
          </reporter-output>
        </test-method> <!-- setUpStatusReadyTargetMainPage -->
        <test-method status="PASS" signature="testStatusReadyTargetMainPage()[pri:0, instance:frontend.handler.TestRegUserTargetRegPost@6d9c705e]" name="testStatusReadyTargetMainPage" duration-ms="204" started-at="2014-04-14T18:00:33Z" finished-at="2014-04-14T18:00:34Z">
          <reporter-output>
          </reporter-output>
        </test-method> <!-- testStatusReadyTargetMainPage -->
        <test-method status="PASS" signature="setUpStatusReadyTargetProfile()[pri:0, instance:frontend.handler.TestRegUserTargetRegPost@6d9c705e]" name="setUpStatusReadyTargetProfile" is-config="true" duration-ms="4" started-at="2014-04-14T18:00:34Z" finished-at="2014-04-14T18:00:34Z">
          <reporter-output>
          </reporter-output>
        </test-method> <!-- setUpStatusReadyTargetProfile -->
        <test-method status="PASS" signature="tearDownStatusReadyTargetMainPage()[pri:0, instance:frontend.handler.TestRegUserTargetRegPost@6d9c705e]" name="tearDownStatusReadyTargetMainPage" is-config="true" duration-ms="0" started-at="2014-04-14T18:00:34Z" finished-at="2014-04-14T18:00:34Z">
          <reporter-output>
          </reporter-output>
        </test-method> <!-- tearDownStatusReadyTargetMainPage -->
        <test-method status="PASS" signature="testStatusReadyTargetProfile()[pri:0, instance:frontend.handler.TestRegUserTargetRegPost@6d9c705e]" name="testStatusReadyTargetProfile" duration-ms="6" started-at="2014-04-14T18:00:34Z" finished-at="2014-04-14T18:00:34Z">
          <reporter-output>
          </reporter-output>
        </test-method> <!-- testStatusReadyTargetProfile -->
        <test-method status="PASS" signature="setUpStatusReadyTargetReg()[pri:0, instance:frontend.handler.TestRegUserTargetRegPost@6d9c705e]" name="setUpStatusReadyTargetReg" is-config="true" duration-ms="3" started-at="2014-04-14T18:00:34Z" finished-at="2014-04-14T18:00:34Z">
          <reporter-output>
          </reporter-output>
        </test-method> <!-- setUpStatusReadyTargetReg -->
        <test-method status="PASS" signature="tearDownStatusReadyTargetProfile()[pri:0, instance:frontend.handler.TestRegUserTargetRegPost@6d9c705e]" name="tearDownStatusReadyTargetProfile" is-config="true" duration-ms="0" started-at="2014-04-14T18:00:34Z" finished-at="2014-04-14T18:00:34Z">
          <reporter-output>
          </reporter-output>
        </test-method> <!-- tearDownStatusReadyTargetProfile -->
        <test-method status="PASS" signature="testStatusReadyTargetReg()[pri:0, instance:frontend.handler.TestRegUserTargetRegPost@6d9c705e]" name="testStatusReadyTargetReg" duration-ms="2" started-at="2014-04-14T18:00:34Z" finished-at="2014-04-14T18:00:34Z">
          <reporter-output>
          </reporter-output>
        </test-method> <!-- testStatusReadyTargetReg -->
        <test-method status="PASS" signature="tearDownStatusReadyTargetReg()[pri:0, instance:frontend.handler.TestRegUserTargetRegPost@6d9c705e]" name="tearDownStatusReadyTargetReg" is-config="true" duration-ms="0" started-at="2014-04-14T18:00:34Z" finished-at="2014-04-14T18:00:34Z">
          <reporter-output>
          </reporter-output>
        </test-method> <!-- tearDownStatusReadyTargetReg -->
        <test-method status="PASS" signature="setUpTargetWait()[pri:0, instance:frontend.handler.TestRegUserTargetRegPost@6d9c705e]" name="setUpTargetWait" is-config="true" duration-ms="3" started-at="2014-04-14T18:00:34Z" finished-at="2014-04-14T18:00:34Z">
          <reporter-output>
          </reporter-output>
        </test-method> <!-- setUpTargetWait -->
        <test-method status="PASS" signature="testTargetWait()[pri:0, instance:frontend.handler.TestRegUserTargetRegPost@6d9c705e]" name="testTargetWait" duration-ms="205" started-at="2014-04-14T18:00:34Z" finished-at="2014-04-14T18:00:34Z">
          <reporter-output>
          </reporter-output>
        </test-method> <!-- testTargetWait -->
        <test-method status="PASS" signature="tearDownTargetWait()[pri:0, instance:frontend.handler.TestRegUserTargetRegPost@6d9c705e]" name="tearDownTargetWait" is-config="true" duration-ms="0" started-at="2014-04-14T18:00:34Z" finished-at="2014-04-14T18:00:34Z">
          <reporter-output>
          </reporter-output>
        </test-method> <!-- tearDownTargetWait -->
        <test-method status="PASS" signature="setUpTargetWaitAndPostStatusZero()[pri:0, instance:frontend.handler.TestRegUserTargetRegPost@6d9c705e]" name="setUpTargetWaitAndPostStatusZero" is-config="true" duration-ms="3" started-at="2014-04-14T18:00:34Z" finished-at="2014-04-14T18:00:34Z">
          <reporter-output>
          </reporter-output>
        </test-method> <!-- setUpTargetWaitAndPostStatusZero -->
        <test-method status="PASS" signature="testTargetWaitAndPostStatusZero()[pri:0, instance:frontend.handler.TestRegUserTargetRegPost@6d9c705e]" name="testTargetWaitAndPostStatusZero" duration-ms="3" started-at="2014-04-14T18:00:34Z" finished-at="2014-04-14T18:00:34Z">
          <reporter-output>
          </reporter-output>
        </test-method> <!-- testTargetWaitAndPostStatusZero -->
        <test-method status="PASS" signature="tearDownTargetWaitAndPostStatusZero()[pri:0, instance:frontend.handler.TestRegUserTargetRegPost@6d9c705e]" name="tearDownTargetWaitAndPostStatusZero" is-config="true" duration-ms="1" started-at="2014-04-14T18:00:34Z" finished-at="2014-04-14T18:00:34Z">
          <reporter-output>
          </reporter-output>
        </test-method> <!-- tearDownTargetWaitAndPostStatusZero -->
      </class> <!-- frontend.handler.TestRegUserTargetRegPost -->
      <class name="gameClasses.FieldTest">
        <test-method status="PASS" signature="testField()[pri:0, instance:gameClasses.FieldTest@472b644e]" name="testField" duration-ms="0" started-at="2014-04-14T18:00:31Z" finished-at="2014-04-14T18:00:31Z">
          <reporter-output>
          </reporter-output>
        </test-method> <!-- testField -->
        <test-method status="PASS" signature="setUp()[pri:0, instance:gameClasses.FieldTest@472b644e]" name="setUp" is-config="true" duration-ms="0" started-at="2014-04-14T18:00:31Z" finished-at="2014-04-14T18:00:31Z">
          <reporter-output>
          </reporter-output>
        </test-method> <!-- setUp -->
        <test-method status="PASS" signature="tearDown()[pri:0, instance:gameClasses.FieldTest@472b644e]" name="tearDown" is-config="true" duration-ms="1" started-at="2014-04-14T18:00:31Z" finished-at="2014-04-14T18:00:31Z">
          <reporter-output>
          </reporter-output>
        </test-method> <!-- tearDown -->
      </class> <!-- gameClasses.FieldTest -->
      <class name="messageSystem.AddressServiceImplTest">
        <test-method status="PASS" signature="testGetAddressByName()[pri:0, instance:messageSystem.AddressServiceImplTest@4b7bd154]" name="testGetAddressByName" duration-ms="7" started-at="2014-04-14T18:00:31Z" finished-at="2014-04-14T18:00:31Z">
          <reporter-output>
          </reporter-output>
        </test-method> <!-- testGetAddressByName -->
      </class> <!-- messageSystem.AddressServiceImplTest -->
    </test> <!-- Command line test -->
  </suite> <!-- Command line suite -->
</testng-results>
