<?xml version="1.0" encoding="UTF-8"?>
<testng-results skipped="0" failed="2" total="98" passed="96">
  <reporter-output>
  </reporter-output>
  <suite name="Command line suite" duration-ms="5839" started-at="2014-04-10T14:11:44Z" finished-at="2014-04-10T14:11:50Z">
    <groups>
      <group name="">
        <method signature="TestNewChatWSImpl.test()[pri:0, instance:chat.TestNewChatWSImpl@44770739]" name="test" class="chat.TestNewChatWSImpl"/>
        <method signature="TestUserDataImpl.test()[pri:0, instance:userDataImpl.TestUserDataImpl@6f092e60]" name="test" class="userDataImpl.TestUserDataImpl"/>
        <method signature="TestWebSocketImpl.test()[pri:0, instance:frontend.handler.TestWebSocketImpl@2842cace]" name="test" class="frontend.handler.TestWebSocketImpl"/>
      </group> <!--  -->
      <group name="OnWebSocketTextCoordinatesAreIncorrect4">
        <method signature="TestWebSocketImpl.testOnWebSocketTextCoordinatesAreIncorrect4()[pri:0, instance:frontend.handler.TestWebSocketImpl@2842cace]" name="testOnWebSocketTextCoordinatesAreIncorrect4" class="frontend.handler.TestWebSocketImpl"/>
      </group> <!-- OnWebSocketTextCoordinatesAreIncorrect4 -->
      <group name="OnWebSocketTextCoordinatesAreIncorrect3">
        <method signature="TestWebSocketImpl.testOnWebSocketTextCoordinatesAreIncorrect3()[pri:0, instance:frontend.handler.TestWebSocketImpl@2842cace]" name="testOnWebSocketTextCoordinatesAreIncorrect3" class="frontend.handler.TestWebSocketImpl"/>
      </group> <!-- OnWebSocketTextCoordinatesAreIncorrect3 -->
      <group name="TargetWaitAndPostStatusZero">
        <method signature="TestRegUserTargetRegPost.testTargetWaitAndPostStatusZero()[pri:0, instance:frontend.handler.TestRegUserTargetRegPost@4f77e2b6]" name="testTargetWaitAndPostStatusZero" class="frontend.handler.TestRegUserTargetRegPost"/>
      </group> <!-- TargetWaitAndPostStatusZero -->
      <group name="KeepAliveWSIsNull">
        <method signature="TestUserDataImpl.testKeepAliveWSIsNull()[pri:0, instance:userDataImpl.TestUserDataImpl@6f092e60]" name="testKeepAliveWSIsNull" class="userDataImpl.TestUserDataImpl"/>
      </group> <!-- KeepAliveWSIsNull -->
      <group name="OnWebSocketTextCoordinatesAreIncorrect2">
        <method signature="TestWebSocketImpl.testOnWebSocketTextCoordinatesAreIncorrect2()[pri:0, instance:frontend.handler.TestWebSocketImpl@2842cace]" name="testOnWebSocketTextCoordinatesAreIncorrect2" class="frontend.handler.TestWebSocketImpl"/>
      </group> <!-- OnWebSocketTextCoordinatesAreIncorrect2 -->
      <group name="OnWebSocketTextCoordinatesAreIncorrect1">
        <method signature="TestWebSocketImpl.testOnWebSocketTextCoordinatesAreIncorrect1()[pri:0, instance:frontend.handler.TestWebSocketImpl@2842cace]" name="testOnWebSocketTextCoordinatesAreIncorrect1" class="frontend.handler.TestWebSocketImpl"/>
      </group> <!-- OnWebSocketTextCoordinatesAreIncorrect1 -->
      <group name="CheckUsersKeepAliveEqualsOne">
        <method signature="TestUserDataImpl.testCheckUsersKeepAliveEqualsOne()[pri:0, instance:userDataImpl.TestUserDataImpl@6f092e60]" name="testCheckUsersKeepAliveEqualsOne" class="userDataImpl.TestUserDataImpl"/>
      </group> <!-- CheckUsersKeepAliveEqualsOne -->
      <group name="OnWebSocketTextStartServerTimeIsIncorrectAndTextIsNull">
        <method signature="TestNewChatWSImpl.testOnWebSocketTextStartServerTimeIsIncorrectAndTextIsNull()[pri:0, instance:chat.TestNewChatWSImpl@44770739]" name="testOnWebSocketTextStartServerTimeIsIncorrectAndTextIsNull" class="chat.TestNewChatWSImpl"/>
      </group> <!-- OnWebSocketTextStartServerTimeIsIncorrectAndTextIsNull -->
      <group name="OnWebSocketTextCoordinatesAreIncorrectAndSessionIdIsNull">
        <method signature="TestWebSocketImpl.testOnWebSocketTextCoordinatesAreIncorrectAndSessionIdIsNull()[pri:0, instance:frontend.handler.TestWebSocketImpl@2842cace]" name="testOnWebSocketTextCoordinatesAreIncorrectAndSessionIdIsNull" class="frontend.handler.TestWebSocketImpl"/>
      </group> <!-- OnWebSocketTextCoordinatesAreIncorrectAndSessionIdIsNull -->
      <group name="testUpdateUsers">
        <method signature="TestDBServiceImpl.testUpdateUDS()[pri:0, instance:dbService.TestDBServiceImpl@283dc831]" name="testUpdateUDS" class="dbService.TestDBServiceImpl"/>
      </group> <!-- testUpdateUsers -->
      <group name="PartyEndFirstIsNull">
        <method signature="TestUserDataImpl.testPartyEndFirstIsNull()[pri:0, instance:userDataImpl.TestUserDataImpl@6f092e60]" name="testPartyEndFirstIsNull" class="userDataImpl.TestUserDataImpl"/>
      </group> <!-- PartyEndFirstIsNull -->
      <group name="StatusReadyTargetGame">
        <method signature="TestRegUserTargetRegPost.testStatusReadyTargetGame()[pri:0, instance:frontend.handler.TestRegUserTargetRegPost@4f77e2b6]" name="testStatusReadyTargetGame" class="frontend.handler.TestRegUserTargetRegPost"/>
      </group> <!-- StatusReadyTargetGame -->
      <group name="testAddExistsUDS">
        <method signature="TestDBServiceImpl.testAddExistsUDS()[pri:0, instance:dbService.TestDBServiceImpl@283dc831]" name="testAddExistsUDS" class="dbService.TestDBServiceImpl"/>
      </group> <!-- testAddExistsUDS -->
      <group name="NUTargetAdmin">
        <method signature="TestRegUserTargetRegPost.testNUTargetAdmin()[pri:0, instance:frontend.handler.TestRegUserTargetRegPost@4f77e2b6]" name="testNUTargetAdmin" class="frontend.handler.TestRegUserTargetRegPost"/>
      </group> <!-- NUTargetAdmin -->
      <group name="StatusReadyTargetMainPage">
        <method signature="TestRegUserTargetRegPost.testStatusReadyTargetMainPage()[pri:0, instance:frontend.handler.TestRegUserTargetRegPost@4f77e2b6]" name="testStatusReadyTargetMainPage" class="frontend.handler.TestRegUserTargetRegPost"/>
      </group> <!-- StatusReadyTargetMainPage -->
      <group name="PutSessionIdAndChatWS">
        <method signature="TestUserDataImpl.testPutSessionIdAndChatWS()[pri:0, instance:userDataImpl.TestUserDataImpl@6f092e60]" name="testPutSessionIdAndChatWS" class="userDataImpl.TestUserDataImpl"/>
      </group> <!-- PutSessionIdAndChatWS -->
      <group name="OnWebSocketTextCoordinatesAreOk">
        <method signature="TestWebSocketImpl.testOnWebSocketTextCoordinatesAreOk()[pri:0, instance:frontend.handler.TestWebSocketImpl@2842cace]" name="testOnWebSocketTextCoordinatesAreOk" class="frontend.handler.TestWebSocketImpl"/>
      </group> <!-- OnWebSocketTextCoordinatesAreOk -->
      <group name="PartyEndSecondIsNull">
        <method signature="TestUserDataImpl.testPartyEndSecondIsNull()[pri:0, instance:userDataImpl.TestUserDataImpl@6f092e60]" name="testPartyEndSecondIsNull" class="userDataImpl.TestUserDataImpl"/>
      </group> <!-- PartyEndSecondIsNull -->
      <group name="testGetNoneExistUDS">
        <method signature="TestDBServiceImpl.testGetNoneExistUDS()[pri:0, instance:dbService.TestDBServiceImpl@283dc831]" name="testGetNoneExistUDS" class="dbService.TestDBServiceImpl"/>
      </group> <!-- testGetNoneExistUDS -->
      <group name="NickAndPasswordAreNotNull">
        <method signature="TestRegUserTargetRegPost.testNickAndPasswordAreNotNull()[pri:0, instance:frontend.handler.TestRegUserTargetRegPost@4f77e2b6]" name="testNickAndPasswordAreNotNull" class="frontend.handler.TestRegUserTargetRegPost"/>
      </group> <!-- NickAndPasswordAreNotNull -->
      <group name="OnWebSocketTextSessionIdIsNull">
        <method signature="TestNewChatWSImpl.testOnWebSocketTextSessionIdIsNull()[pri:0, instance:chat.TestNewChatWSImpl@44770739]" name="testOnWebSocketTextSessionIdIsNull" class="chat.TestNewChatWSImpl"/>
      </group> <!-- OnWebSocketTextSessionIdIsNull -->
      <group name="GetWSBySessionId">
        <method signature="TestUserDataImpl.testGetWSBySessionId()[pri:0, instance:userDataImpl.TestUserDataImpl@6f092e60]" name="testGetWSBySessionId" class="userDataImpl.TestUserDataImpl"/>
      </group> <!-- GetWSBySessionId -->
      <group name="OnWebSocketTextAddNewWebSocket">
        <method signature="TestWebSocketImpl.testOnWebSocketTextAddNewWebSocket()[pri:0, instance:frontend.handler.TestWebSocketImpl@2842cace]" name="testOnWebSocketTextAddNewWebSocket" class="frontend.handler.TestWebSocketImpl"/>
      </group> <!-- OnWebSocketTextAddNewWebSocket -->
      <group name="testDeleteNoneExistsUDS">
        <method signature="TestDBServiceImpl.testDeleteNoneExistsUDS()[pri:0, instance:dbService.TestDBServiceImpl@283dc831]" name="testDeleteNoneExistsUDS" class="dbService.TestDBServiceImpl"/>
      </group> <!-- testDeleteNoneExistsUDS -->
      <group name="PartyEnd">
        <method signature="TestUserDataImpl.testPartyEnd()[pri:0, instance:userDataImpl.TestUserDataImpl@6f092e60]" name="testPartyEnd" class="userDataImpl.TestUserDataImpl"/>
      </group> <!-- PartyEnd -->
      <group name="CheckUsers">
        <method signature="TestUserDataImpl.testCheckUsers()[pri:0, instance:userDataImpl.TestUserDataImpl@6f092e60]" name="testCheckUsers" class="userDataImpl.TestUserDataImpl"/>
      </group> <!-- CheckUsers -->
      <group name="readResource">
        <method signature="ResourceFactoryTest.testGetResource()[pri:0, instance:resource.ResourceFactoryTest@40505fd8]" name="testGetResource" class="resource.ResourceFactoryTest"/>
      </group> <!-- readResource -->
      <group name="OnWebSocketTextThereAreNoConnect">
        <method signature="TestNewChatWSImpl.testOnWebSocketTextThereAreNoConnect()[pri:0, instance:chat.TestNewChatWSImpl@44770739]" name="testOnWebSocketTextThereAreNoConnect" class="chat.TestNewChatWSImpl"/>
      </group> <!-- OnWebSocketTextThereAreNoConnect -->
      <group name="OnWebSocketTextCoordinatesAreOkSessionIdIsNull">
        <method signature="TestWebSocketImpl.testOnWebSocketTextCoordinatesAreOkSessionIdIsNull()[pri:0, instance:frontend.handler.TestWebSocketImpl@2842cace]" name="testOnWebSocketTextCoordinatesAreOkSessionIdIsNull" class="frontend.handler.TestWebSocketImpl"/>
      </group> <!-- OnWebSocketTextCoordinatesAreOkSessionIdIsNull -->
      <group name="OnWebSocketTextTextIsNull">
        <method signature="TestNewChatWSImpl.testOnWebSocketTextTextIsNull()[pri:0, instance:chat.TestNewChatWSImpl@44770739]" name="testOnWebSocketTextTextIsNull" class="chat.TestNewChatWSImpl"/>
      </group> <!-- OnWebSocketTextTextIsNull -->
      <group name="testSteps">
        <method signature="GameSessionTest.testCheckStroke()[pri:0, instance:gameMechanic.GameSessionTest@755ee1ed]" name="testCheckStroke" class="gameMechanic.GameSessionTest"/>
      </group> <!-- testSteps -->
      <group name="FindUser">
        <method signature="TestTExecutor.testFindUser()[pri:0, instance:dbService.TestTExecutor@6f0164a6]" name="testFindUser" class="dbService.TestTExecutor"/>
      </group> <!-- FindUser -->
      <group name="GetChatWSBySessionId">
        <method signature="TestUserDataImpl.testGetChatWSBySessionId()[pri:0, instance:userDataImpl.TestUserDataImpl@6f092e60]" name="testGetChatWSBySessionId" class="userDataImpl.TestUserDataImpl"/>
      </group> <!-- GetChatWSBySessionId -->
      <group name="OnWebSocketTextStartServerTimeIsNull">
        <method signature="TestNewChatWSImpl.testOnWebSocketTextStartServerTimeIsNull()[pri:0, instance:chat.TestNewChatWSImpl@44770739]" name="testOnWebSocketTextStartServerTimeIsNull" class="chat.TestNewChatWSImpl"/>
      </group> <!-- OnWebSocketTextStartServerTimeIsNull -->
      <group name="OnWebSocketTextServerTimeIsNotCorrect">
        <method signature="TestWebSocketImpl.testOnWebSocketText()[pri:0, instance:frontend.handler.TestWebSocketImpl@2842cace]" name="testOnWebSocketText" class="frontend.handler.TestWebSocketImpl"/>
      </group> <!-- OnWebSocketTextServerTimeIsNotCorrect -->
      <group name="UpdateUsersColor">
        <method signature="TestWebSocketImpl.testUpdateUsersColor()[pri:0, instance:frontend.handler.TestWebSocketImpl@2842cace]" name="testUpdateUsersColor" class="frontend.handler.TestWebSocketImpl"/>
      </group> <!-- UpdateUsersColor -->
      <group name="OnWebSocketTextCoordinatesAreIncorrectButServerTimeIsOk">
        <method signature="TestWebSocketImpl.testOnWebSocketTextCoordinatesAreIncorrectButServerTimeIsOk()[pri:0, instance:frontend.handler.TestWebSocketImpl@2842cace]" name="testOnWebSocketTextCoordinatesAreIncorrectButServerTimeIsOk" class="frontend.handler.TestWebSocketImpl"/>
      </group> <!-- OnWebSocketTextCoordinatesAreIncorrectButServerTimeIsOk -->
      <group name="PartyEndAllIsNull">
        <method signature="TestUserDataImpl.testPartyEndAllIsNull()[pri:0, instance:userDataImpl.TestUserDataImpl@6f092e60]" name="testPartyEndAllIsNull" class="userDataImpl.TestUserDataImpl"/>
      </group> <!-- PartyEndAllIsNull -->
      <group name="UpdateUserId">
        <method signature="TestUserDataImpl.testUpdateUserId()[pri:0, instance:userDataImpl.TestUserDataImpl@6f092e60]" name="testUpdateUserId" class="userDataImpl.TestUserDataImpl"/>
      </group> <!-- UpdateUserId -->
      <group name="NickAndPasswd=null">
        <method signature="TestRegUserTargetRegPost.testRegNickAndPasswdAreNull()[pri:0, instance:frontend.handler.TestRegUserTargetRegPost@4f77e2b6]" name="testRegNickAndPasswdAreNull" class="frontend.handler.TestRegUserTargetRegPost"/>
      </group> <!-- NickAndPasswd=null -->
      <group name="OnWebSocketTextConnectIsTrue">
        <method signature="TestNewChatWSImpl.testOnWebSocketTextConnectIsTrue()[pri:0, instance:chat.TestNewChatWSImpl@44770739]" name="testOnWebSocketTextConnectIsTrue" class="chat.TestNewChatWSImpl"/>
      </group> <!-- OnWebSocketTextConnectIsTrue -->
      <group name="CheckServerTime">
        <method signature="TestUserDataImpl.testCheckServerTime()[pri:0, instance:userDataImpl.TestUserDataImpl@6f092e60]" name="testCheckServerTime" class="userDataImpl.TestUserDataImpl"/>
      </group> <!-- CheckServerTime -->
      <group name="NUTargetGame">
        <method signature="TestRegUserTargetRegPost.testNUTargetGame()[pri:0, instance:frontend.handler.TestRegUserTargetRegPost@4f77e2b6]" name="testNUTargetGame" class="frontend.handler.TestRegUserTargetRegPost"/>
      </group> <!-- NUTargetGame -->
      <group name="testRun">
        <method signature="TestDBServiceImpl.testRun()[pri:0, instance:dbService.TestDBServiceImpl@283dc831]" name="testRun" class="dbService.TestDBServiceImpl"/>
      </group> <!-- testRun -->
      <group name="OnWebSocketTextThereAreNoConnection">
        <method signature="TestWebSocketImpl.testOnWebSocketTextThereAreNoConnection()[pri:0, instance:frontend.handler.TestWebSocketImpl@2842cace]" name="testOnWebSocketTextThereAreNoConnection" class="frontend.handler.TestWebSocketImpl"/>
      </group> <!-- OnWebSocketTextThereAreNoConnection -->
      <group name="WebSocketImpl">
        <method signature="TestWebSocketImpl.testWebSocketImpl()[pri:0, instance:frontend.handler.TestWebSocketImpl@2842cace]" name="testWebSocketImpl" class="frontend.handler.TestWebSocketImpl"/>
      </group> <!-- WebSocketImpl -->
      <group name="StatusReadyTargetProfile">
        <method signature="TestRegUserTargetRegPost.testStatusReadyTargetProfile()[pri:0, instance:frontend.handler.TestRegUserTargetRegPost@4f77e2b6]" name="testStatusReadyTargetProfile" class="frontend.handler.TestRegUserTargetRegPost"/>
      </group> <!-- StatusReadyTargetProfile -->
      <group name="OnWebSocketTextThereAreNoChatForThisSessionId">
        <method signature="TestNewChatWSImpl.testOnWebSocketTextThereAreNoChatForThisSessionId()[pri:0, instance:chat.TestNewChatWSImpl@44770739]" name="testOnWebSocketTextThereAreNoChatForThisSessionId" class="chat.TestNewChatWSImpl"/>
      </group> <!-- OnWebSocketTextThereAreNoChatForThisSessionId -->
      <group name="RegNickAndPasswordAreNull">
        <method signature="TestRegUserTargetRegPost.testRegNickAndPasswordAreNull()[pri:0, instance:frontend.handler.TestRegUserTargetRegPost@4f77e2b6]" name="testRegNickAndPasswordAreNull" class="frontend.handler.TestRegUserTargetRegPost"/>
      </group> <!-- RegNickAndPasswordAreNull -->
      <group name="UpdateUserIdNewUserIsNull">
        <method signature="TestUserDataImpl.testUpUpdateUserIdNewUserIsNull()[pri:0, instance:userDataImpl.TestUserDataImpl@6f092e60]" name="testUpUpdateUserIdNewUserIsNull" class="userDataImpl.TestUserDataImpl"/>
      </group> <!-- UpdateUserIdNewUserIsNull -->
      <group name="StatusReadyTargetLogout">
        <method signature="TestRegUserTargetRegPost.testStatusReadyTargetLogout()[pri:0, instance:frontend.handler.TestRegUserTargetRegPost@4f77e2b6]" name="testStatusReadyTargetLogout" class="frontend.handler.TestRegUserTargetRegPost"/>
      </group> <!-- StatusReadyTargetLogout -->
      <group name="GetSessionIdByUserId">
        <method signature="TestUserDataImpl.testGetSessionIdByUserId()[pri:0, instance:userDataImpl.TestUserDataImpl@6f092e60]" name="testGetSessionIdByUserId" class="userDataImpl.TestUserDataImpl"/>
      </group> <!-- GetSessionIdByUserId -->
      <group name="NUTarget404">
        <method signature="TestRegUserTargetRegPost.testNUTarget404()[pri:0, instance:frontend.handler.TestRegUserTargetRegPost@4f77e2b6]" name="testNUTarget404" class="frontend.handler.TestRegUserTargetRegPost"/>
      </group> <!-- NUTarget404 -->
      <group name="GetLogInUserBySessionId">
        <method signature="TestUserDataImpl.testGetLogInUserBySessionId()[pri:0, instance:userDataImpl.TestUserDataImpl@6f092e60]" name="testGetLogInUserBySessionId" class="userDataImpl.TestUserDataImpl"/>
      </group> <!-- GetLogInUserBySessionId -->
      <group name="RegNickAndPasswordAreNotNull">
        <method signature="TestRegUserTargetRegPost.testRegNickAndPasswordAreNotNull()[pri:0, instance:frontend.handler.TestRegUserTargetRegPost@4f77e2b6]" name="testRegNickAndPasswordAreNotNull" class="frontend.handler.TestRegUserTargetRegPost"/>
      </group> <!-- RegNickAndPasswordAreNotNull -->
      <group name="CreateGames">
        <method signature="TestUserDataImpl.testCreateGames()[pri:0, instance:userDataImpl.TestUserDataImpl@6f092e60]" name="testCreateGames" class="userDataImpl.TestUserDataImpl"/>
      </group> <!-- CreateGames -->
      <group name="OnWebSocketTextTextIsEmpty">
        <method signature="TestNewChatWSImpl.testOnWebSocketTextTextIsEmpty()[pri:0, instance:chat.TestNewChatWSImpl@44770739]" name="testOnWebSocketTextTextIsEmpty" class="chat.TestNewChatWSImpl"/>
      </group> <!-- OnWebSocketTextTextIsEmpty -->
      <group name="StatusReadyTargetReg">
        <method signature="TestRegUserTargetRegPost.testStatusReadyTargetReg()[pri:0, instance:frontend.handler.TestRegUserTargetRegPost@4f77e2b6]" name="testStatusReadyTargetReg" class="frontend.handler.TestRegUserTargetRegPost"/>
      </group> <!-- StatusReadyTargetReg -->
      <group name="OnWebSocketTextAddMessageUserIsNull">
        <method signature="TestNewChatWSImpl.testOnWebSocketTextAddMessageUserIsNull()[pri:0, instance:chat.TestNewChatWSImpl@44770739]" name="testOnWebSocketTextAddMessageUserIsNull" class="chat.TestNewChatWSImpl"/>
      </group> <!-- OnWebSocketTextAddMessageUserIsNull -->
      <group name="CreateGamesNoUsersWantToPlay">
        <method signature="TestUserDataImpl.testCreateGamesNoUsersWantToPlay()[pri:0, instance:userDataImpl.TestUserDataImpl@6f092e60]" name="testCreateGamesNoUsersWantToPlay" class="userDataImpl.TestUserDataImpl"/>
      </group> <!-- CreateGamesNoUsersWantToPlay -->
      <group name="UpdateUserIdOldUserIsNull">
        <method signature="TestUserDataImpl.testUpdateUserIdOldUserIsNull()[pri:0, instance:userDataImpl.TestUserDataImpl@6f092e60]" name="testUpdateUserIdOldUserIsNull" class="userDataImpl.TestUserDataImpl"/>
      </group> <!-- UpdateUserIdOldUserIsNull -->
      <group name="testAddUDS">
        <method signature="TestDBServiceImpl.testAddUDS()[pri:0, instance:dbService.TestDBServiceImpl@283dc831]" name="testAddUDS" class="dbService.TestDBServiceImpl"/>
      </group> <!-- testAddUDS -->
      <group name="TargetWait">
        <method signature="TestRegUserTargetRegPost.testTargetWait()[pri:0, instance:frontend.handler.TestRegUserTargetRegPost@4f77e2b6]" name="testTargetWait" class="frontend.handler.TestRegUserTargetRegPost"/>
      </group> <!-- TargetWait -->
    </groups>
    <test name="Command line test" duration-ms="5839" started-at="2014-04-10T14:11:44Z" finished-at="2014-04-10T14:11:50Z">
      <class name="utils.VFSTest">
        <test-method status="PASS" signature="testBfs()[pri:0, instance:utils.VFSTest@65a6bc76]" name="testBfs" duration-ms="1" started-at="2014-04-10T17:11:50Z" finished-at="2014-04-10T17:11:50Z">
          <reporter-output>
          </reporter-output>
        </test-method> <!-- testBfs -->
        <test-method status="PASS" signature="testGetRelativePath()[pri:0, instance:utils.VFSTest@65a6bc76]" name="testGetRelativePath" duration-ms="0" started-at="2014-04-10T17:11:50Z" finished-at="2014-04-10T17:11:50Z">
          <reporter-output>
          </reporter-output>
        </test-method> <!-- testGetRelativePath -->
        <test-method status="PASS" signature="testIsExist()[pri:0, instance:utils.VFSTest@65a6bc76]" name="testIsExist" duration-ms="1" started-at="2014-04-10T17:11:50Z" finished-at="2014-04-10T17:11:50Z">
          <reporter-output>
          </reporter-output>
        </test-method> <!-- testIsExist -->
        <test-method status="PASS" signature="testGetAbsolutePath()[pri:0, instance:utils.VFSTest@65a6bc76]" name="testGetAbsolutePath" duration-ms="0" started-at="2014-04-10T17:11:50Z" finished-at="2014-04-10T17:11:50Z">
          <reporter-output>
          </reporter-output>
        </test-method> <!-- testGetAbsolutePath -->
        <test-method status="PASS" signature="testReadFile()[pri:0, instance:utils.VFSTest@65a6bc76]" name="testReadFile" duration-ms="4" started-at="2014-04-10T17:11:50Z" finished-at="2014-04-10T17:11:50Z">
          <reporter-output>
          </reporter-output>
        </test-method> <!-- testReadFile -->
        <test-method status="PASS" signature="testIsFile()[pri:0, instance:utils.VFSTest@65a6bc76]" name="testIsFile" duration-ms="0" started-at="2014-04-10T17:11:50Z" finished-at="2014-04-10T17:11:50Z">
          <reporter-output>
          </reporter-output>
        </test-method> <!-- testIsFile -->
        <test-method status="PASS" signature="testWriteToEndOfFile()[pri:0, instance:utils.VFSTest@65a6bc76]" name="testWriteToEndOfFile" duration-ms="2" started-at="2014-04-10T17:11:50Z" finished-at="2014-04-10T17:11:50Z">
          <reporter-output>
          </reporter-output>
        </test-method> <!-- testWriteToEndOfFile -->
        <test-method status="PASS" signature="testWriteToFile()[pri:0, instance:utils.VFSTest@65a6bc76]" name="testWriteToFile" duration-ms="4" started-at="2014-04-10T17:11:50Z" finished-at="2014-04-10T17:11:50Z">
          <reporter-output>
          </reporter-output>
        </test-method> <!-- testWriteToFile -->
      </class> <!-- utils.VFSTest -->
      <class name="gameMechanic.GameSessionTest">
        <test-method status="PASS" signature="setUpBeforeTest()[pri:0, instance:gameMechanic.GameSessionTest@755ee1ed]" name="setUpBeforeTest" is-config="true" duration-ms="99" started-at="2014-04-10T17:11:44Z" finished-at="2014-04-10T17:11:44Z">
          <reporter-output>
          </reporter-output>
        </test-method> <!-- setUpBeforeTest -->
        <test-method status="PASS" signature="setUp()[pri:0, instance:utils.ReflectionHelperTest@751dc8af]" name="setUp" is-config="true" duration-ms="1" started-at="2014-04-10T17:11:44Z" finished-at="2014-04-10T17:11:44Z">
          <reporter-output>
          </reporter-output>
        </test-method> <!-- setUp -->
        <test-method status="PASS" signature="setUp()[pri:0, instance:resource.ResourceFactoryTest@40505fd8]" name="setUp" is-config="true" duration-ms="2" started-at="2014-04-10T17:11:44Z" finished-at="2014-04-10T17:11:44Z">
          <reporter-output>
          </reporter-output>
        </test-method> <!-- setUp -->
        <test-method status="PASS" signature="setUpBeforeTest()[pri:0, instance:utils.SysInfoTest@70ad2036]" name="setUpBeforeTest" is-config="true" duration-ms="2" started-at="2014-04-10T17:11:44Z" finished-at="2014-04-10T17:11:44Z">
          <reporter-output>
          </reporter-output>
        </test-method> <!-- setUpBeforeTest -->
        <test-method status="PASS" signature="setUp()[pri:0, instance:gameClasses.SnapshotTest@622f599d]" name="setUp" is-config="true" duration-ms="0" started-at="2014-04-10T17:11:44Z" finished-at="2014-04-10T17:11:44Z">
          <reporter-output>
          </reporter-output>
        </test-method> <!-- setUp -->
        <test-method status="PASS" signature="setUp()[pri:0, instance:utils.VFSTest@65a6bc76]" name="setUp" is-config="true" duration-ms="3" started-at="2014-04-10T17:11:44Z" finished-at="2014-04-10T17:11:44Z">
          <reporter-output>
          </reporter-output>
        </test-method> <!-- setUp -->
        <test-method status="PASS" signature="testCheckStroke()[pri:0, instance:gameMechanic.GameSessionTest@755ee1ed]" name="testCheckStroke" duration-ms="23" started-at="2014-04-10T17:11:44Z" finished-at="2014-04-10T17:11:44Z">
          <reporter-output>
          </reporter-output>
        </test-method> <!-- testCheckStroke -->
        <test-method status="PASS" signature="testGetFields()[pri:0, instance:gameMechanic.GameSessionTest@755ee1ed]" name="testGetFields" duration-ms="5" started-at="2014-04-10T17:11:44Z" finished-at="2014-04-10T17:11:44Z">
          <reporter-output>
          </reporter-output>
        </test-method> <!-- testGetFields -->
        <test-method status="PASS" signature="testGetNext()[pri:0, instance:gameMechanic.GameSessionTest@755ee1ed]" name="testGetNext" duration-ms="1" started-at="2014-04-10T17:11:44Z" finished-at="2014-04-10T17:11:44Z">
          <reporter-output>
          </reporter-output>
        </test-method> <!-- testGetNext -->
        <test-method status="PASS" signature="testGetSnapshot()[pri:0, instance:gameMechanic.GameSessionTest@755ee1ed]" name="testGetSnapshot" duration-ms="1" started-at="2014-04-10T17:11:44Z" finished-at="2014-04-10T17:11:44Z">
          <reporter-output>
          </reporter-output>
        </test-method> <!-- testGetSnapshot -->
        <test-method status="PASS" signature="testGetWinnerId()[pri:0, instance:gameMechanic.GameSessionTest@755ee1ed]" name="testGetWinnerId" duration-ms="1" started-at="2014-04-10T17:11:44Z" finished-at="2014-04-10T17:11:44Z">
          <reporter-output>
          </reporter-output>
        </test-method> <!-- testGetWinnerId -->
        <test-method status="PASS" signature="testSaveAILog()[pri:0, instance:gameMechanic.GameSessionTest@755ee1ed]" name="testSaveAILog" duration-ms="2" depends-on-groups="testSteps" started-at="2014-04-10T17:11:50Z" finished-at="2014-04-10T17:11:50Z">
          <reporter-output>
          </reporter-output>
        </test-method> <!-- testSaveAILog -->
        <test-method status="PASS" signature="testSaveLog()[pri:0, instance:gameMechanic.GameSessionTest@755ee1ed]" name="testSaveLog" duration-ms="27" depends-on-groups="testSteps" started-at="2014-04-10T17:11:50Z" finished-at="2014-04-10T17:11:50Z">
          <reporter-output>
          </reporter-output>
        </test-method> <!-- testSaveLog -->
        <test-method status="PASS" signature="tearDown()[pri:0, instance:gameMechanic.GameSessionTest@755ee1ed]" name="tearDown" is-config="true" duration-ms="2" started-at="2014-04-10T17:11:50Z" finished-at="2014-04-10T17:11:50Z">
          <reporter-output>
          </reporter-output>
        </test-method> <!-- tearDown -->
        <test-method status="PASS" signature="tearDown()[pri:0, instance:resource.ResourceFactoryTest@40505fd8]" name="tearDown" is-config="true" duration-ms="2" started-at="2014-04-10T17:11:50Z" finished-at="2014-04-10T17:11:50Z">
          <reporter-output>
          </reporter-output>
        </test-method> <!-- tearDown -->
        <test-method status="PASS" signature="tearDown()[pri:0, instance:utils.VFSTest@65a6bc76]" name="tearDown" is-config="true" duration-ms="6" started-at="2014-04-10T17:11:50Z" finished-at="2014-04-10T17:11:50Z">
          <reporter-output>
          </reporter-output>
        </test-method> <!-- tearDown -->
      </class> <!-- gameMechanic.GameSessionTest -->
      <class name="dbService.TestTExecutor">
        <test-method status="PASS" signature="setUpFindUser()[pri:0, instance:dbService.TestTExecutor@6f0164a6]" name="setUpFindUser" is-config="true" duration-ms="117" started-at="2014-04-10T17:11:48Z" finished-at="2014-04-10T17:11:48Z">
          <reporter-output>
          </reporter-output>
        </test-method> <!-- setUpFindUser -->
        <test-method status="PASS" signature="testFindUser()[pri:0, instance:dbService.TestTExecutor@6f0164a6]" name="testFindUser" duration-ms="7" started-at="2014-04-10T17:11:48Z" finished-at="2014-04-10T17:11:48Z">
          <reporter-output>
          </reporter-output>
        </test-method> <!-- testFindUser -->
        <test-method status="PASS" signature="tearDown()[pri:0, instance:dbService.TestTExecutor@6f0164a6]" name="tearDown" is-config="true" duration-ms="48" started-at="2014-04-10T17:11:48Z" finished-at="2014-04-10T17:11:48Z">
          <reporter-output>
          </reporter-output>
        </test-method> <!-- tearDown -->
      </class> <!-- dbService.TestTExecutor -->
      <class name="gameClasses.StrokeTest">
        <test-method status="PASS" signature="setUp()[pri:0, instance:gameClasses.StrokeTest@43c3d993]" name="setUp" is-config="true" duration-ms="0" started-at="2014-04-10T17:11:45Z" finished-at="2014-04-10T17:11:45Z">
          <reporter-output>
          </reporter-output>
        </test-method> <!-- setUp -->
        <test-method status="PASS" signature="testInstance()[pri:0, instance:gameClasses.StrokeTest@43c3d993]" name="testInstance" duration-ms="0" started-at="2014-04-10T17:11:45Z" finished-at="2014-04-10T17:11:45Z">
          <reporter-output>
          </reporter-output>
        </test-method> <!-- testInstance -->
        <test-method status="PASS" signature="tearDown()[pri:0, instance:gameClasses.StrokeTest@43c3d993]" name="tearDown" is-config="true" duration-ms="0" started-at="2014-04-10T17:11:45Z" finished-at="2014-04-10T17:11:45Z">
          <reporter-output>
          </reporter-output>
        </test-method> <!-- tearDown -->
      </class> <!-- gameClasses.StrokeTest -->
      <class name="messageSystem.MsgToGameMechanicTest">
        <test-method status="PASS" signature="setUp()[pri:0, instance:messageSystem.MsgToGameMechanicTest@7491a171]" name="setUp" is-config="true" duration-ms="1" started-at="2014-04-10T17:11:45Z" finished-at="2014-04-10T17:11:45Z">
          <reporter-output>
          </reporter-output>
        </test-method> <!-- setUp -->
        <test-method status="PASS" signature="testExec()[pri:0, instance:messageSystem.MsgToGameMechanicTest@7491a171]" name="testExec" duration-ms="1" started-at="2014-04-10T17:11:45Z" finished-at="2014-04-10T17:11:45Z">
          <reporter-output>
          </reporter-output>
        </test-method> <!-- testExec -->
      </class> <!-- messageSystem.MsgToGameMechanicTest -->
      <class name="dbService.TestDBServiceImpl">
        <test-method status="PASS" signature="setUp()[pri:0, instance:dbService.TestDBServiceImpl@283dc831]" name="setUp" is-config="true" duration-ms="52" started-at="2014-04-10T17:11:45Z" finished-at="2014-04-10T17:11:45Z">
          <reporter-output>
          </reporter-output>
        </test-method> <!-- setUp -->
        <test-method status="PASS" signature="setUpAddExistsUDS()[pri:0, instance:dbService.TestDBServiceImpl@283dc831]" name="setUpAddExistsUDS" is-config="true" duration-ms="143" started-at="2014-04-10T17:11:45Z" finished-at="2014-04-10T17:11:45Z">
          <reporter-output>
          </reporter-output>
        </test-method> <!-- setUpAddExistsUDS -->
        <test-method status="PASS" signature="testAddExistsUDS()[pri:0, instance:dbService.TestDBServiceImpl@283dc831]" name="testAddExistsUDS" duration-ms="4" started-at="2014-04-10T17:11:45Z" finished-at="2014-04-10T17:11:45Z">
          <reporter-output>
          </reporter-output>
        </test-method> <!-- testAddExistsUDS -->
        <test-method status="PASS" signature="tearDownAddExistsUDS()[pri:0, instance:dbService.TestDBServiceImpl@283dc831]" name="tearDownAddExistsUDS" is-config="true" duration-ms="96" started-at="2014-04-10T17:11:45Z" finished-at="2014-04-10T17:11:45Z">
          <reporter-output>
          </reporter-output>
        </test-method> <!-- tearDownAddExistsUDS -->
        <test-method status="PASS" signature="setUpAddUDS()[pri:0, instance:dbService.TestDBServiceImpl@283dc831]" name="setUpAddUDS" is-config="true" duration-ms="89" started-at="2014-04-10T17:11:45Z" finished-at="2014-04-10T17:11:45Z">
          <reporter-output>
          </reporter-output>
        </test-method> <!-- setUpAddUDS -->
        <test-method status="PASS" signature="testAddUDS()[pri:0, instance:dbService.TestDBServiceImpl@283dc831]" name="testAddUDS" duration-ms="8" started-at="2014-04-10T17:11:45Z" finished-at="2014-04-10T17:11:45Z">
          <reporter-output>
          </reporter-output>
        </test-method> <!-- testAddUDS -->
        <test-method status="PASS" signature="tearDownAddUDS()[pri:0, instance:dbService.TestDBServiceImpl@283dc831]" name="tearDownAddUDS" is-config="true" duration-ms="135" started-at="2014-04-10T17:11:45Z" finished-at="2014-04-10T17:11:46Z">
          <reporter-output>
          </reporter-output>
        </test-method> <!-- tearDownAddUDS -->
        <test-method status="PASS" signature="setUpDeleteNoneExistsUDS()[pri:0, instance:dbService.TestDBServiceImpl@283dc831]" name="setUpDeleteNoneExistsUDS" is-config="true" duration-ms="0" started-at="2014-04-10T17:11:46Z" finished-at="2014-04-10T17:11:46Z">
          <reporter-output>
          </reporter-output>
        </test-method> <!-- setUpDeleteNoneExistsUDS -->
        <test-method status="PASS" signature="testDeleteNoneExistsUDS()[pri:0, instance:dbService.TestDBServiceImpl@283dc831]" name="testDeleteNoneExistsUDS" duration-ms="2" started-at="2014-04-10T17:11:46Z" finished-at="2014-04-10T17:11:46Z">
          <reporter-output>
          </reporter-output>
        </test-method> <!-- testDeleteNoneExistsUDS -->
        <test-method status="PASS" signature="testGetNoneExistUDS()[pri:0, instance:dbService.TestDBServiceImpl@283dc831]" name="testGetNoneExistUDS" duration-ms="24" started-at="2014-04-10T17:11:46Z" finished-at="2014-04-10T17:11:46Z">
          <reporter-output>
          </reporter-output>
        </test-method> <!-- testGetNoneExistUDS -->
        <test-method status="PASS" signature="tearDownDeleteNoneExistsUDS()[pri:0, instance:dbService.TestDBServiceImpl@283dc831]" name="tearDownDeleteNoneExistsUDS" is-config="true" duration-ms="0" started-at="2014-04-10T17:11:46Z" finished-at="2014-04-10T17:11:46Z">
          <reporter-output>
          </reporter-output>
        </test-method> <!-- tearDownDeleteNoneExistsUDS -->
        <test-method status="PASS" signature="setUpGEtNoneExistUDS()[pri:0, instance:dbService.TestDBServiceImpl@283dc831]" name="setUpGEtNoneExistUDS" is-config="true" duration-ms="0" started-at="2014-04-10T17:11:46Z" finished-at="2014-04-10T17:11:46Z">
          <reporter-output>
          </reporter-output>
        </test-method> <!-- setUpGEtNoneExistUDS -->
        <test-method status="PASS" signature="tearDownGetNoneExistUDS()[pri:0, instance:dbService.TestDBServiceImpl@283dc831]" name="tearDownGetNoneExistUDS" is-config="true" duration-ms="1" started-at="2014-04-10T17:11:46Z" finished-at="2014-04-10T17:11:46Z">
          <reporter-output>
          </reporter-output>
        </test-method> <!-- tearDownGetNoneExistUDS -->
        <test-method status="PASS" signature="testRun()[pri:0, instance:dbService.TestDBServiceImpl@283dc831]" name="testRun" duration-ms="503" started-at="2014-04-10T17:11:46Z" finished-at="2014-04-10T17:11:46Z">
          <exception class="org.testng.internal.thread.ThreadTimeoutException">
            <message>
              <![CDATA[Method org.testng.internal.TestNGMethod.testRun() didn't finish within the time-out 500]]>
            </message>
            <full-stacktrace>
              <![CDATA[org.testng.internal.thread.ThreadTimeoutException: Method org.testng.internal.TestNGMethod.testRun() didn't finish within the time-out 500
	at base.MessageSystem$$EnhancerByMockitoWithCGLIB$$dc62d638.execForAbonent(<generated>)
	at dbService.DBServiceImpl.methodRun(DBServiceImpl.java:102)
	at dbService.DBServiceImpl.run(DBServiceImpl.java:107)
	at dbService.TestDBServiceImpl.testRun(TestDBServiceImpl.java:130)
	at sun.reflect.NativeMethodAccessorImpl.invoke0(Native Method)
	at sun.reflect.NativeMethodAccessorImpl.invoke(NativeMethodAccessorImpl.java:57)
	at sun.reflect.DelegatingMethodAccessorImpl.invoke(DelegatingMethodAccessorImpl.java:43)
	at java.lang.reflect.Method.invoke(Method.java:601)
	at org.testng.internal.MethodInvocationHelper.invokeMethod(MethodInvocationHelper.java:84)
	at org.testng.internal.InvokeMethodRunnable.runOne(InvokeMethodRunnable.java:46)
	at org.testng.internal.InvokeMethodRunnable.run(InvokeMethodRunnable.java:37)
	at java.util.concurrent.Executors$RunnableAdapter.call(Executors.java:471)
	at java.util.concurrent.FutureTask$Sync.innerRun(FutureTask.java:334)
	at java.util.concurrent.FutureTask.run(FutureTask.java:166)
	at java.util.concurrent.ThreadPoolExecutor.runWorker(ThreadPoolExecutor.java:1145)
	at java.util.concurrent.ThreadPoolExecutor$Worker.run(ThreadPoolExecutor.java:615)
	at java.lang.Thread.run(Thread.java:722)
]]>
            </full-stacktrace>
          </exception> <!-- org.testng.internal.thread.ThreadTimeoutException -->
          <reporter-output>
          </reporter-output>
        </test-method> <!-- testRun -->
        <test-method status="PASS" signature="setUpRun()[pri:0, instance:dbService.TestDBServiceImpl@283dc831]" name="setUpRun" is-config="true" duration-ms="0" started-at="2014-04-10T17:11:46Z" finished-at="2014-04-10T17:11:46Z">
          <reporter-output>
          </reporter-output>
        </test-method> <!-- setUpRun -->
        <test-method status="PASS" signature="tearDownRun()[pri:0, instance:dbService.TestDBServiceImpl@283dc831]" name="tearDownRun" is-config="true" duration-ms="0" started-at="2014-04-10T17:11:46Z" finished-at="2014-04-10T17:11:46Z">
          <reporter-output>
          </reporter-output>
        </test-method> <!-- tearDownRun -->
        <test-method status="PASS" signature="setUpUpdateUDS()[pri:0, instance:dbService.TestDBServiceImpl@283dc831]" name="setUpUpdateUDS" is-config="true" duration-ms="116" started-at="2014-04-10T17:11:46Z" finished-at="2014-04-10T17:11:46Z">
          <reporter-output>
          </reporter-output>
        </test-method> <!-- setUpUpdateUDS -->
        <test-method status="PASS" signature="testUpdateUDS()[pri:0, instance:dbService.TestDBServiceImpl@283dc831]" name="testUpdateUDS" duration-ms="8" started-at="2014-04-10T17:11:46Z" finished-at="2014-04-10T17:11:46Z">
          <reporter-output>
          </reporter-output>
        </test-method> <!-- testUpdateUDS -->
        <test-method status="PASS" signature="tearDownUpdateUDS()[pri:0, instance:dbService.TestDBServiceImpl@283dc831]" name="tearDownUpdateUDS" is-config="true" duration-ms="44" started-at="2014-04-10T17:11:46Z" finished-at="2014-04-10T17:11:46Z">
          <reporter-output>
          </reporter-output>
        </test-method> <!-- tearDownUpdateUDS -->
      </class> <!-- dbService.TestDBServiceImpl -->
      <class name="resource.ResourceFactoryTest">
        <test-method status="PASS" signature="testGetResource()[pri:0, instance:resource.ResourceFactoryTest@40505fd8]" name="testGetResource" duration-ms="6" started-at="2014-04-10T17:11:45Z" finished-at="2014-04-10T17:11:45Z">
          <reporter-output>
          </reporter-output>
        </test-method> <!-- testGetResource -->
        <test-method status="PASS" signature="testRating()[pri:0, instance:resource.ResourceFactoryTest@40505fd8]" name="testRating" duration-ms="1" depends-on-groups="readResource" started-at="2014-04-10T17:11:50Z" finished-at="2014-04-10T17:11:50Z">
          <reporter-output>
          </reporter-output>
        </test-method> <!-- testRating -->
      </class> <!-- resource.ResourceFactoryTest -->
      <class name="utils.ReflectionHelperTest">
        <test-method status="PASS" signature="testCreateInstance()[pri:0, instance:utils.ReflectionHelperTest@751dc8af]" name="testCreateInstance" duration-ms="10" started-at="2014-04-10T17:11:45Z" finished-at="2014-04-10T17:11:45Z">
          <reporter-output>
          </reporter-output>
        </test-method> <!-- testCreateInstance -->
        <test-method status="PASS" signature="tearDown()[pri:0, instance:utils.ReflectionHelperTest@751dc8af]" name="tearDown" is-config="true" duration-ms="2" started-at="2014-04-10T17:11:45Z" finished-at="2014-04-10T17:11:45Z">
          <reporter-output>
          </reporter-output>
        </test-method> <!-- tearDown -->
        <test-method status="PASS" signature="testSetFieldValue()[pri:0, instance:utils.ReflectionHelperTest@751dc8af]" name="testSetFieldValue" duration-ms="0" started-at="2014-04-10T17:11:45Z" finished-at="2014-04-10T17:11:45Z">
          <reporter-output>
          </reporter-output>
        </test-method> <!-- testSetFieldValue -->
        <test-method status="PASS" signature="tearDown()[pri:0, instance:utils.ReflectionHelperTest@751dc8af]" name="tearDown" is-config="true" duration-ms="0" started-at="2014-04-10T17:11:45Z" finished-at="2014-04-10T17:11:45Z">
          <reporter-output>
          </reporter-output>
        </test-method> <!-- tearDown -->
      </class> <!-- utils.ReflectionHelperTest -->
      <class name="chat.TestNewChatWSImpl">
        <test-method status="PASS" signature="test()[pri:0, instance:chat.TestNewChatWSImpl@44770739]" name="test" duration-ms="1" started-at="2014-04-10T17:11:46Z" finished-at="2014-04-10T17:11:46Z">
          <reporter-output>
          </reporter-output>
        </test-method> <!-- test -->
        <test-method status="PASS" signature="setUpOnWebSocketTextAddMessageUserIsNull()[pri:0, instance:chat.TestNewChatWSImpl@44770739]" name="setUpOnWebSocketTextAddMessageUserIsNull" is-config="true" duration-ms="108" started-at="2014-04-10T17:11:46Z" finished-at="2014-04-10T17:11:46Z">
          <reporter-output>
          </reporter-output>
        </test-method> <!-- setUpOnWebSocketTextAddMessageUserIsNull -->
        <test-method status="PASS" signature="testOnWebSocketTextAddMessageUserIsNull()[pri:0, instance:chat.TestNewChatWSImpl@44770739]" name="testOnWebSocketTextAddMessageUserIsNull" duration-ms="17" started-at="2014-04-10T17:11:46Z" finished-at="2014-04-10T17:11:46Z">
          <reporter-output>
          </reporter-output>
        </test-method> <!-- testOnWebSocketTextAddMessageUserIsNull -->
        <test-method status="PASS" signature="tearDownOnWebSocketTextAddMessageUserIsNull()[pri:0, instance:chat.TestNewChatWSImpl@44770739]" name="tearDownOnWebSocketTextAddMessageUserIsNull" is-config="true" duration-ms="1" started-at="2014-04-10T17:11:46Z" finished-at="2014-04-10T17:11:46Z">
          <reporter-output>
          </reporter-output>
        </test-method> <!-- tearDownOnWebSocketTextAddMessageUserIsNull -->
        <test-method status="PASS" signature="setUpOnWebSocketTextConnectIsTrue()[pri:0, instance:chat.TestNewChatWSImpl@44770739]" name="setUpOnWebSocketTextConnectIsTrue" is-config="true" duration-ms="2" started-at="2014-04-10T17:11:46Z" finished-at="2014-04-10T17:11:46Z">
          <reporter-output>
          </reporter-output>
        </test-method> <!-- setUpOnWebSocketTextConnectIsTrue -->
        <test-method status="PASS" signature="testOnWebSocketTextConnectIsTrue()[pri:0, instance:chat.TestNewChatWSImpl@44770739]" name="testOnWebSocketTextConnectIsTrue" duration-ms="8" started-at="2014-04-10T17:11:46Z" finished-at="2014-04-10T17:11:46Z">
          <reporter-output>
          </reporter-output>
        </test-method> <!-- testOnWebSocketTextConnectIsTrue -->
        <test-method status="PASS" signature="setUpOnWebSocketTextSessionIdIsNull()[pri:0, instance:chat.TestNewChatWSImpl@44770739]" name="setUpOnWebSocketTextSessionIdIsNull" is-config="true" duration-ms="2" started-at="2014-04-10T17:11:46Z" finished-at="2014-04-10T17:11:46Z">
          <reporter-output>
          </reporter-output>
        </test-method> <!-- setUpOnWebSocketTextSessionIdIsNull -->
        <test-method status="PASS" signature="tearDownOnWebSocketTextConnectIsTrue()[pri:0, instance:chat.TestNewChatWSImpl@44770739]" name="tearDownOnWebSocketTextConnectIsTrue" is-config="true" duration-ms="0" started-at="2014-04-10T17:11:46Z" finished-at="2014-04-10T17:11:46Z">
          <reporter-output>
          </reporter-output>
        </test-method> <!-- tearDownOnWebSocketTextConnectIsTrue -->
        <test-method status="PASS" signature="testOnWebSocketTextSessionIdIsNull()[pri:0, instance:chat.TestNewChatWSImpl@44770739]" name="testOnWebSocketTextSessionIdIsNull" duration-ms="5" started-at="2014-04-10T17:11:46Z" finished-at="2014-04-10T17:11:46Z">
          <reporter-output>
          </reporter-output>
        </test-method> <!-- testOnWebSocketTextSessionIdIsNull -->
        <test-method status="PASS" signature="tearDownOnWebSocketTextSessionIdIsNull()[pri:0, instance:chat.TestNewChatWSImpl@44770739]" name="tearDownOnWebSocketTextSessionIdIsNull" is-config="true" duration-ms="0" started-at="2014-04-10T17:11:46Z" finished-at="2014-04-10T17:11:46Z">
          <reporter-output>
          </reporter-output>
        </test-method> <!-- tearDownOnWebSocketTextSessionIdIsNull -->
        <test-method status="PASS" signature="setUpOnWebSocketTextStartServerTimeIsIncorrectAndTextIsNull()[pri:0, instance:chat.TestNewChatWSImpl@44770739]" name="setUpOnWebSocketTextStartServerTimeIsIncorrectAndTextIsNull" is-config="true" duration-ms="3" started-at="2014-04-10T17:11:46Z" finished-at="2014-04-10T17:11:46Z">
          <reporter-output>
          </reporter-output>
        </test-method> <!-- setUpOnWebSocketTextStartServerTimeIsIncorrectAndTextIsNull -->
        <test-method status="PASS" signature="testOnWebSocketTextStartServerTimeIsIncorrectAndTextIsNull()[pri:0, instance:chat.TestNewChatWSImpl@44770739]" name="testOnWebSocketTextStartServerTimeIsIncorrectAndTextIsNull" duration-ms="5" started-at="2014-04-10T17:11:46Z" finished-at="2014-04-10T17:11:46Z">
          <reporter-output>
          </reporter-output>
        </test-method> <!-- testOnWebSocketTextStartServerTimeIsIncorrectAndTextIsNull -->
        <test-method status="PASS" signature="tearDownOnWebSocketTextStartServerTimeIsIncorrectAndTextIsNull()[pri:0, instance:chat.TestNewChatWSImpl@44770739]" name="tearDownOnWebSocketTextStartServerTimeIsIncorrectAndTextIsNull" is-config="true" duration-ms="0" started-at="2014-04-10T17:11:46Z" finished-at="2014-04-10T17:11:46Z">
          <reporter-output>
          </reporter-output>
        </test-method> <!-- tearDownOnWebSocketTextStartServerTimeIsIncorrectAndTextIsNull -->
        <test-method status="PASS" signature="setUpOnWebSocketTextStartServerTimeIsNull()[pri:0, instance:chat.TestNewChatWSImpl@44770739]" name="setUpOnWebSocketTextStartServerTimeIsNull" is-config="true" duration-ms="2" started-at="2014-04-10T17:11:46Z" finished-at="2014-04-10T17:11:46Z">
          <reporter-output>
          </reporter-output>
        </test-method> <!-- setUpOnWebSocketTextStartServerTimeIsNull -->
        <test-method status="PASS" signature="testOnWebSocketTextStartServerTimeIsNull()[pri:0, instance:chat.TestNewChatWSImpl@44770739]" name="testOnWebSocketTextStartServerTimeIsNull" duration-ms="5" started-at="2014-04-10T17:11:46Z" finished-at="2014-04-10T17:11:46Z">
          <reporter-output>
          </reporter-output>
        </test-method> <!-- testOnWebSocketTextStartServerTimeIsNull -->
        <test-method status="PASS" signature="tearDownOnWebSocketTextStartServerTimeIsNull()[pri:0, instance:chat.TestNewChatWSImpl@44770739]" name="tearDownOnWebSocketTextStartServerTimeIsNull" is-config="true" duration-ms="1" started-at="2014-04-10T17:11:46Z" finished-at="2014-04-10T17:11:46Z">
          <reporter-output>
          </reporter-output>
        </test-method> <!-- tearDownOnWebSocketTextStartServerTimeIsNull -->
        <test-method status="PASS" signature="setUpOnWebSocketTextTextIsEmpty()[pri:0, instance:chat.TestNewChatWSImpl@44770739]" name="setUpOnWebSocketTextTextIsEmpty" is-config="true" duration-ms="2" started-at="2014-04-10T17:11:46Z" finished-at="2014-04-10T17:11:46Z">
          <reporter-output>
          </reporter-output>
        </test-method> <!-- setUpOnWebSocketTextTextIsEmpty -->
        <test-method status="PASS" signature="testOnWebSocketTextTextIsEmpty()[pri:0, instance:chat.TestNewChatWSImpl@44770739]" name="testOnWebSocketTextTextIsEmpty" duration-ms="2" started-at="2014-04-10T17:11:46Z" finished-at="2014-04-10T17:11:46Z">
          <reporter-output>
          </reporter-output>
        </test-method> <!-- testOnWebSocketTextTextIsEmpty -->
        <test-method status="PASS" signature="tearDownOnWebSocketTextTextIsEmpty()[pri:0, instance:chat.TestNewChatWSImpl@44770739]" name="tearDownOnWebSocketTextTextIsEmpty" is-config="true" duration-ms="0" started-at="2014-04-10T17:11:46Z" finished-at="2014-04-10T17:11:46Z">
          <reporter-output>
          </reporter-output>
        </test-method> <!-- tearDownOnWebSocketTextTextIsEmpty -->
        <test-method status="PASS" signature="setUpOnWebSocketTextTextIsNull()[pri:0, instance:chat.TestNewChatWSImpl@44770739]" name="setUpOnWebSocketTextTextIsNull" is-config="true" duration-ms="2" started-at="2014-04-10T17:11:46Z" finished-at="2014-04-10T17:11:46Z">
          <reporter-output>
          </reporter-output>
        </test-method> <!-- setUpOnWebSocketTextTextIsNull -->
        <test-method status="PASS" signature="testOnWebSocketTextTextIsNull()[pri:0, instance:chat.TestNewChatWSImpl@44770739]" name="testOnWebSocketTextTextIsNull" duration-ms="7" started-at="2014-04-10T17:11:46Z" finished-at="2014-04-10T17:11:46Z">
          <reporter-output>
          </reporter-output>
        </test-method> <!-- testOnWebSocketTextTextIsNull -->
        <test-method status="PASS" signature="tearDownOnWebSocketTextTextIsNull()[pri:0, instance:chat.TestNewChatWSImpl@44770739]" name="tearDownOnWebSocketTextTextIsNull" is-config="true" duration-ms="0" started-at="2014-04-10T17:11:46Z" finished-at="2014-04-10T17:11:46Z">
          <reporter-output>
          </reporter-output>
        </test-method> <!-- tearDownOnWebSocketTextTextIsNull -->
        <test-method status="PASS" signature="setUpOnWebSocketTextThereAreNoChatForThisSessionId()[pri:0, instance:chat.TestNewChatWSImpl@44770739]" name="setUpOnWebSocketTextThereAreNoChatForThisSessionId" is-config="true" duration-ms="4" started-at="2014-04-10T17:11:46Z" finished-at="2014-04-10T17:11:46Z">
          <reporter-output>
          </reporter-output>
        </test-method> <!-- setUpOnWebSocketTextThereAreNoChatForThisSessionId -->
        <test-method status="PASS" signature="testOnWebSocketTextThereAreNoChatForThisSessionId()[pri:0, instance:chat.TestNewChatWSImpl@44770739]" name="testOnWebSocketTextThereAreNoChatForThisSessionId" duration-ms="3" started-at="2014-04-10T17:11:46Z" finished-at="2014-04-10T17:11:46Z">
          <reporter-output>
          </reporter-output>
        </test-method> <!-- testOnWebSocketTextThereAreNoChatForThisSessionId -->
        <test-method status="PASS" signature="tearDownOnWebSocketTextThereAreNoChatForThisSessionId()[pri:0, instance:chat.TestNewChatWSImpl@44770739]" name="tearDownOnWebSocketTextThereAreNoChatForThisSessionId" is-config="true" duration-ms="1" started-at="2014-04-10T17:11:46Z" finished-at="2014-04-10T17:11:46Z">
          <reporter-output>
          </reporter-output>
        </test-method> <!-- tearDownOnWebSocketTextThereAreNoChatForThisSessionId -->
        <test-method status="PASS" signature="setUpOnWebSocketTextThereAreNoConnect()[pri:0, instance:chat.TestNewChatWSImpl@44770739]" name="setUpOnWebSocketTextThereAreNoConnect" is-config="true" duration-ms="2" started-at="2014-04-10T17:11:46Z" finished-at="2014-04-10T17:11:46Z">
          <reporter-output>
          </reporter-output>
        </test-method> <!-- setUpOnWebSocketTextThereAreNoConnect -->
        <test-method status="PASS" signature="testOnWebSocketTextThereAreNoConnect()[pri:0, instance:chat.TestNewChatWSImpl@44770739]" name="testOnWebSocketTextThereAreNoConnect" duration-ms="1" started-at="2014-04-10T17:11:46Z" finished-at="2014-04-10T17:11:46Z">
          <reporter-output>
          </reporter-output>
        </test-method> <!-- testOnWebSocketTextThereAreNoConnect -->
        <test-method status="PASS" signature="tearDownOnWebSocketTextThereAreNoConnect()[pri:0, instance:chat.TestNewChatWSImpl@44770739]" name="tearDownOnWebSocketTextThereAreNoConnect" is-config="true" duration-ms="1" started-at="2014-04-10T17:11:46Z" finished-at="2014-04-10T17:11:46Z">
          <reporter-output>
          </reporter-output>
        </test-method> <!-- tearDownOnWebSocketTextThereAreNoConnect -->
        <test-method status="PASS" signature="tearDown()[pri:0, instance:frontend.handler.TestWebSocketImpl@2842cace]" name="tearDown" is-config="true" duration-ms="0" started-at="2014-04-10T17:11:50Z" finished-at="2014-04-10T17:11:50Z">
          <reporter-output>
          </reporter-output>
        </test-method> <!-- tearDown -->
        <test-method status="PASS" signature="tearDown()[pri:0, instance:userDataImpl.TestUserDataImpl@6f092e60]" name="tearDown" is-config="true" duration-ms="0" started-at="2014-04-10T17:11:50Z" finished-at="2014-04-10T17:11:50Z">
          <reporter-output>
          </reporter-output>
        </test-method> <!-- tearDown -->
        <test-method status="PASS" signature="tearDown()[pri:0, instance:chat.TestNewChatWSImpl@44770739]" name="tearDown" is-config="true" duration-ms="0" started-at="2014-04-10T17:11:50Z" finished-at="2014-04-10T17:11:50Z">
          <reporter-output>
          </reporter-output>
        </test-method> <!-- tearDown -->
      </class> <!-- chat.TestNewChatWSImpl -->
      <class name="gameMechanic.GameMechanicImplTest">
        <test-method status="PASS" signature="setUp()[pri:0, instance:gameMechanic.GameMechanicImplTest@7653537c]" name="setUp" is-config="true" duration-ms="25" started-at="2014-04-10T17:11:44Z" finished-at="2014-04-10T17:11:44Z">
          <reporter-output>
          </reporter-output>
        </test-method> <!-- setUp -->
        <test-method status="PASS" signature="testCheckStroke()[pri:0, instance:gameMechanic.GameMechanicImplTest@7653537c]" name="testCheckStroke" duration-ms="14" started-at="2014-04-10T17:11:44Z" finished-at="2014-04-10T17:11:44Z">
          <reporter-output>
          </reporter-output>
        </test-method> <!-- testCheckStroke -->
        <test-method status="PASS" signature="setUp()[pri:0, instance:gameMechanic.GameMechanicImplTest@7653537c]" name="setUp" is-config="true" duration-ms="5" started-at="2014-04-10T17:11:44Z" finished-at="2014-04-10T17:11:44Z">
          <reporter-output>
          </reporter-output>
        </test-method> <!-- setUp -->
        <test-method status="PASS" signature="testCheckStrokeLose()[pri:0, instance:gameMechanic.GameMechanicImplTest@7653537c]" name="testCheckStrokeLose" duration-ms="24" started-at="2014-04-10T17:11:44Z" finished-at="2014-04-10T17:11:44Z">
          <reporter-output>
          </reporter-output>
        </test-method> <!-- testCheckStrokeLose -->
        <test-method status="PASS" signature="setUp()[pri:0, instance:gameMechanic.GameMechanicImplTest@7653537c]" name="setUp" is-config="true" duration-ms="1" started-at="2014-04-10T17:11:44Z" finished-at="2014-04-10T17:11:44Z">
          <reporter-output>
          </reporter-output>
        </test-method> <!-- setUp -->
        <test-method status="PASS" signature="testCreateGames()[pri:0, instance:gameMechanic.GameMechanicImplTest@7653537c]" name="testCreateGames" duration-ms="3" started-at="2014-04-10T17:11:44Z" finished-at="2014-04-10T17:11:44Z">
          <reporter-output>
          </reporter-output>
        </test-method> <!-- testCreateGames -->
      </class> <!-- gameMechanic.GameMechanicImplTest -->
      <class name="messageSystem.MsgToWebSocketTest">
        <test-method status="FAIL" signature="testExec()[pri:0, instance:messageSystem.MsgToWebSocketTest@7662953a]" name="testExec" duration-ms="1" started-at="2014-04-10T17:11:45Z" finished-at="2014-04-10T17:11:45Z">
          <exception class="java.lang.NullPointerException">
            <full-stacktrace>
              <![CDATA[java.lang.NullPointerException
	at gameClasses.Snapshot.<init>(Snapshot.java:16)
	at messageSystem.MsgToWebSocketTest.testExec(MsgToWebSocketTest.java:36)
	at sun.reflect.NativeMethodAccessorImpl.invoke0(Native Method)
	at sun.reflect.NativeMethodAccessorImpl.invoke(NativeMethodAccessorImpl.java:57)
	at sun.reflect.DelegatingMethodAccessorImpl.invoke(DelegatingMethodAccessorImpl.java:43)
	at java.lang.reflect.Method.invoke(Method.java:601)
	at org.testng.internal.MethodInvocationHelper.invokeMethod(MethodInvocationHelper.java:84)
	at org.testng.internal.Invoker.invokeMethod(Invoker.java:714)
	at org.testng.internal.Invoker.invokeTestMethod(Invoker.java:901)
	at org.testng.internal.Invoker.invokeTestMethods(Invoker.java:1231)
	at org.testng.internal.TestMethodWorker.invokeTestMethods(TestMethodWorker.java:127)
	at org.testng.internal.TestMethodWorker.run(TestMethodWorker.java:111)
	at org.testng.TestRunner.privateRun(TestRunner.java:767)
	at org.testng.TestRunner.run(TestRunner.java:617)
	at org.testng.SuiteRunner.runTest(SuiteRunner.java:334)
	at org.testng.SuiteRunner.runSequentially(SuiteRunner.java:329)
	at org.testng.SuiteRunner.privateRun(SuiteRunner.java:291)
	at org.testng.SuiteRunner.run(SuiteRunner.java:240)
	at org.testng.SuiteRunnerWorker.runSuite(SuiteRunnerWorker.java:52)
	at org.testng.SuiteRunnerWorker.run(SuiteRunnerWorker.java:86)
	at org.testng.TestNG.runSuitesSequentially(TestNG.java:1224)
	at org.testng.TestNG.runSuitesLocally(TestNG.java:1149)
	at org.testng.TestNG.run(TestNG.java:1057)
	at org.apache.maven.surefire.testng.TestNGExecutor.run(TestNGExecutor.java:77)
	at org.apache.maven.surefire.testng.TestNGDirectoryTestSuite.executeMulti(TestNGDirectoryTestSuite.java:159)
	at org.apache.maven.surefire.testng.TestNGDirectoryTestSuite.execute(TestNGDirectoryTestSuite.java:99)
	at org.apache.maven.surefire.testng.TestNGProvider.invoke(TestNGProvider.java:106)
	at sun.reflect.NativeMethodAccessorImpl.invoke0(Native Method)
	at sun.reflect.NativeMethodAccessorImpl.invoke(NativeMethodAccessorImpl.java:57)
	at sun.reflect.DelegatingMethodAccessorImpl.invoke(DelegatingMethodAccessorImpl.java:43)
	at java.lang.reflect.Method.invoke(Method.java:601)
	at org.apache.maven.surefire.util.ReflectionUtils.invokeMethodWithArray(ReflectionUtils.java:189)
	at org.apache.maven.surefire.booter.ProviderFactory$ProviderProxy.invoke(ProviderFactory.java:165)
	at org.apache.maven.surefire.booter.ProviderFactory.invokeProvider(ProviderFactory.java:85)
	at org.apache.maven.surefire.booter.ForkedBooter.runSuitesInProcess(ForkedBooter.java:115)
	at org.apache.maven.surefire.booter.ForkedBooter.main(ForkedBooter.java:75)
]]>
            </full-stacktrace>
          </exception> <!-- java.lang.NullPointerException -->
          <reporter-output>
          </reporter-output>
        </test-method> <!-- testExec -->
        <test-method status="PASS" signature="setUp()[pri:0, instance:messageSystem.MsgToWebSocketTest@7662953a]" name="setUp" is-config="true" duration-ms="0" started-at="2014-04-10T17:11:45Z" finished-at="2014-04-10T17:11:45Z">
          <reporter-output>
          </reporter-output>
        </test-method> <!-- setUp -->
        <test-method status="PASS" signature="tearDown()[pri:0, instance:messageSystem.MsgToWebSocketTest@7662953a]" name="tearDown" is-config="true" duration-ms="1" started-at="2014-04-10T17:11:45Z" finished-at="2014-04-10T17:11:45Z">
          <reporter-output>
          </reporter-output>
        </test-method> <!-- tearDown -->
      </class> <!-- messageSystem.MsgToWebSocketTest -->
      <class name="frontend.newOrLoginUser.MsgAddUserTest">
        <test-method status="PASS" signature="setUp()[pri:0, instance:frontend.newOrLoginUser.MsgAddUserTest@69ed790e]" name="setUp" is-config="true" duration-ms="320" started-at="2014-04-10T17:11:44Z" finished-at="2014-04-10T17:11:44Z">
          <reporter-output>
          </reporter-output>
        </test-method> <!-- setUp -->
        <test-method status="PASS" signature="testExec()[pri:0, instance:frontend.newOrLoginUser.MsgAddUserTest@69ed790e]" name="testExec" duration-ms="61" started-at="2014-04-10T17:11:44Z" finished-at="2014-04-10T17:11:44Z">
          <exception class="org.testng.internal.thread.ThreadTimeoutException">
            <message>
              <![CDATA[Method org.testng.internal.TestNGMethod.testExec() didn't finish within the time-out 50]]>
            </message>
            <full-stacktrace>
              <![CDATA[org.testng.internal.thread.ThreadTimeoutException: Method org.testng.internal.TestNGMethod.testExec() didn't finish within the time-out 50
	at java.lang.Thread.sleep(Native Method)
	at utils.TimeHelper.sleep(TimeHelper.java:14)
	at dbService.DBServiceImpl.methodRun(DBServiceImpl.java:103)
	at dbService.DBServiceImpl.run(DBServiceImpl.java:107)
	at frontend.newOrLoginUser.MsgAddUserTest.testExec(MsgAddUserTest.java:44)
	at sun.reflect.NativeMethodAccessorImpl.invoke0(Native Method)
	at sun.reflect.NativeMethodAccessorImpl.invoke(NativeMethodAccessorImpl.java:57)
	at sun.reflect.DelegatingMethodAccessorImpl.invoke(DelegatingMethodAccessorImpl.java:43)
	at java.lang.reflect.Method.invoke(Method.java:601)
	at org.testng.internal.MethodInvocationHelper.invokeMethod(MethodInvocationHelper.java:84)
	at org.testng.internal.InvokeMethodRunnable.runOne(InvokeMethodRunnable.java:46)
	at org.testng.internal.InvokeMethodRunnable.run(InvokeMethodRunnable.java:37)
	at java.util.concurrent.Executors$RunnableAdapter.call(Executors.java:471)
	at java.util.concurrent.FutureTask$Sync.innerRun(FutureTask.java:334)
	at java.util.concurrent.FutureTask.run(FutureTask.java:166)
	at java.util.concurrent.ThreadPoolExecutor.runWorker(ThreadPoolExecutor.java:1145)
	at java.util.concurrent.ThreadPoolExecutor$Worker.run(ThreadPoolExecutor.java:615)
	at java.lang.Thread.run(Thread.java:722)
]]>
            </full-stacktrace>
          </exception> <!-- org.testng.internal.thread.ThreadTimeoutException -->
          <reporter-output>
          </reporter-output>
        </test-method> <!-- testExec -->
        <test-method status="PASS" signature="tearDown()[pri:0, instance:frontend.newOrLoginUser.MsgAddUserTest@69ed790e]" name="tearDown" is-config="true" duration-ms="275" started-at="2014-04-10T17:11:44Z" finished-at="2014-04-10T17:11:45Z">
          <reporter-output>
          </reporter-output>
        </test-method> <!-- tearDown -->
      </class> <!-- frontend.newOrLoginUser.MsgAddUserTest -->
      <class name="frontend.handler.TestWebSocketImpl">
        <test-method status="PASS" signature="test()[pri:0, instance:frontend.handler.TestWebSocketImpl@2842cace]" name="test" duration-ms="0" started-at="2014-04-10T17:11:50Z" finished-at="2014-04-10T17:11:50Z">
          <reporter-output>
          </reporter-output>
        </test-method> <!-- test -->
        <test-method status="PASS" signature="setUpOnWebSocketTextServerTimeIsNotCorrect()[pri:0, instance:frontend.handler.TestWebSocketImpl@2842cace]" name="setUpOnWebSocketTextServerTimeIsNotCorrect" is-config="true" duration-ms="1" started-at="2014-04-10T17:11:50Z" finished-at="2014-04-10T17:11:50Z">
          <reporter-output>
          </reporter-output>
        </test-method> <!-- setUpOnWebSocketTextServerTimeIsNotCorrect -->
        <test-method status="PASS" signature="testOnWebSocketText()[pri:0, instance:frontend.handler.TestWebSocketImpl@2842cace]" name="testOnWebSocketText" duration-ms="1" started-at="2014-04-10T17:11:50Z" finished-at="2014-04-10T17:11:50Z">
          <reporter-output>
          </reporter-output>
        </test-method> <!-- testOnWebSocketText -->
        <test-method status="PASS" signature="tearDownOnWebSocketTextServerTimeIsNotCorrect()[pri:0, instance:frontend.handler.TestWebSocketImpl@2842cace]" name="tearDownOnWebSocketTextServerTimeIsNotCorrect" is-config="true" duration-ms="0" started-at="2014-04-10T17:11:50Z" finished-at="2014-04-10T17:11:50Z">
          <reporter-output>
          </reporter-output>
        </test-method> <!-- tearDownOnWebSocketTextServerTimeIsNotCorrect -->
        <test-method status="PASS" signature="setUpOnWebSocketTextAddNewWebSocket()[pri:0, instance:frontend.handler.TestWebSocketImpl@2842cace]" name="setUpOnWebSocketTextAddNewWebSocket" is-config="true" duration-ms="1" started-at="2014-04-10T17:11:50Z" finished-at="2014-04-10T17:11:50Z">
          <reporter-output>
          </reporter-output>
        </test-method> <!-- setUpOnWebSocketTextAddNewWebSocket -->
        <test-method status="PASS" signature="testOnWebSocketTextAddNewWebSocket()[pri:0, instance:frontend.handler.TestWebSocketImpl@2842cace]" name="testOnWebSocketTextAddNewWebSocket" duration-ms="2" started-at="2014-04-10T17:11:50Z" finished-at="2014-04-10T17:11:50Z">
          <reporter-output>
          </reporter-output>
        </test-method> <!-- testOnWebSocketTextAddNewWebSocket -->
        <test-method status="PASS" signature="tearDownOnWebSocketTextAddNewWebSocket()[pri:0, instance:frontend.handler.TestWebSocketImpl@2842cace]" name="tearDownOnWebSocketTextAddNewWebSocket" is-config="true" duration-ms="0" started-at="2014-04-10T17:11:50Z" finished-at="2014-04-10T17:11:50Z">
          <reporter-output>
          </reporter-output>
        </test-method> <!-- tearDownOnWebSocketTextAddNewWebSocket -->
        <test-method status="PASS" signature="setUpOnWebSocketTextCoordinatesAreIncorrect1()[pri:0, instance:frontend.handler.TestWebSocketImpl@2842cace]" name="setUpOnWebSocketTextCoordinatesAreIncorrect1" is-config="true" duration-ms="2" started-at="2014-04-10T17:11:50Z" finished-at="2014-04-10T17:11:50Z">
          <reporter-output>
          </reporter-output>
        </test-method> <!-- setUpOnWebSocketTextCoordinatesAreIncorrect1 -->
        <test-method status="PASS" signature="testOnWebSocketTextCoordinatesAreIncorrect1()[pri:0, instance:frontend.handler.TestWebSocketImpl@2842cace]" name="testOnWebSocketTextCoordinatesAreIncorrect1" duration-ms="0" started-at="2014-04-10T17:11:50Z" finished-at="2014-04-10T17:11:50Z">
          <reporter-output>
          </reporter-output>
        </test-method> <!-- testOnWebSocketTextCoordinatesAreIncorrect1 -->
        <test-method status="PASS" signature="setUpOnWebSocketTextCoordinatesAreIncorrect2()[pri:0, instance:frontend.handler.TestWebSocketImpl@2842cace]" name="setUpOnWebSocketTextCoordinatesAreIncorrect2" is-config="true" duration-ms="1" started-at="2014-04-10T17:11:50Z" finished-at="2014-04-10T17:11:50Z">
          <reporter-output>
          </reporter-output>
        </test-method> <!-- setUpOnWebSocketTextCoordinatesAreIncorrect2 -->
        <test-method status="PASS" signature="tearDownOnWebSocketTextCoordinatesAreIncorrect1()[pri:0, instance:frontend.handler.TestWebSocketImpl@2842cace]" name="tearDownOnWebSocketTextCoordinatesAreIncorrect1" is-config="true" duration-ms="0" started-at="2014-04-10T17:11:50Z" finished-at="2014-04-10T17:11:50Z">
          <reporter-output>
          </reporter-output>
        </test-method> <!-- tearDownOnWebSocketTextCoordinatesAreIncorrect1 -->
        <test-method status="PASS" signature="testOnWebSocketTextCoordinatesAreIncorrect2()[pri:0, instance:frontend.handler.TestWebSocketImpl@2842cace]" name="testOnWebSocketTextCoordinatesAreIncorrect2" duration-ms="1" started-at="2014-04-10T17:11:50Z" finished-at="2014-04-10T17:11:50Z">
          <reporter-output>
          </reporter-output>
        </test-method> <!-- testOnWebSocketTextCoordinatesAreIncorrect2 -->
        <test-method status="PASS" signature="tearDownOnWebSocketTextCoordinatesAreIncorrect2()[pri:0, instance:frontend.handler.TestWebSocketImpl@2842cace]" name="tearDownOnWebSocketTextCoordinatesAreIncorrect2" is-config="true" duration-ms="0" started-at="2014-04-10T17:11:50Z" finished-at="2014-04-10T17:11:50Z">
          <reporter-output>
          </reporter-output>
        </test-method> <!-- tearDownOnWebSocketTextCoordinatesAreIncorrect2 -->
        <test-method status="PASS" signature="setUpOnWebSocketTextCoordinatesAreIncorrect3()[pri:0, instance:frontend.handler.TestWebSocketImpl@2842cace]" name="setUpOnWebSocketTextCoordinatesAreIncorrect3" is-config="true" duration-ms="2" started-at="2014-04-10T17:11:50Z" finished-at="2014-04-10T17:11:50Z">
          <reporter-output>
          </reporter-output>
        </test-method> <!-- setUpOnWebSocketTextCoordinatesAreIncorrect3 -->
        <test-method status="PASS" signature="testOnWebSocketTextCoordinatesAreIncorrect3()[pri:0, instance:frontend.handler.TestWebSocketImpl@2842cace]" name="testOnWebSocketTextCoordinatesAreIncorrect3" duration-ms="1" started-at="2014-04-10T17:11:50Z" finished-at="2014-04-10T17:11:50Z">
          <reporter-output>
          </reporter-output>
        </test-method> <!-- testOnWebSocketTextCoordinatesAreIncorrect3 -->
        <test-method status="PASS" signature="setUpOnWebSocketTextCoordinatesAreIncorrect4()[pri:0, instance:frontend.handler.TestWebSocketImpl@2842cace]" name="setUpOnWebSocketTextCoordinatesAreIncorrect4" is-config="true" duration-ms="1" started-at="2014-04-10T17:11:50Z" finished-at="2014-04-10T17:11:50Z">
          <reporter-output>
          </reporter-output>
        </test-method> <!-- setUpOnWebSocketTextCoordinatesAreIncorrect4 -->
        <test-method status="PASS" signature="tearDownOnWebSocketTextCoordinatesAreIncorrect3()[pri:0, instance:frontend.handler.TestWebSocketImpl@2842cace]" name="tearDownOnWebSocketTextCoordinatesAreIncorrect3" is-config="true" duration-ms="0" started-at="2014-04-10T17:11:50Z" finished-at="2014-04-10T17:11:50Z">
          <reporter-output>
          </reporter-output>
        </test-method> <!-- tearDownOnWebSocketTextCoordinatesAreIncorrect3 -->
        <test-method status="PASS" signature="testOnWebSocketTextCoordinatesAreIncorrect4()[pri:0, instance:frontend.handler.TestWebSocketImpl@2842cace]" name="testOnWebSocketTextCoordinatesAreIncorrect4" duration-ms="1" started-at="2014-04-10T17:11:50Z" finished-at="2014-04-10T17:11:50Z">
          <reporter-output>
          </reporter-output>
        </test-method> <!-- testOnWebSocketTextCoordinatesAreIncorrect4 -->
        <test-method status="PASS" signature="tearDownOnWebSocketTextCoordinatesAreIncorrect4()[pri:0, instance:frontend.handler.TestWebSocketImpl@2842cace]" name="tearDownOnWebSocketTextCoordinatesAreIncorrect4" is-config="true" duration-ms="0" started-at="2014-04-10T17:11:50Z" finished-at="2014-04-10T17:11:50Z">
          <reporter-output>
          </reporter-output>
        </test-method> <!-- tearDownOnWebSocketTextCoordinatesAreIncorrect4 -->
        <test-method status="PASS" signature="setUpOnWebSocketTextCoordinatesAreIncorrectAndSessionIdIsNull()[pri:0, instance:frontend.handler.TestWebSocketImpl@2842cace]" name="setUpOnWebSocketTextCoordinatesAreIncorrectAndSessionIdIsNull" is-config="true" duration-ms="1" started-at="2014-04-10T17:11:50Z" finished-at="2014-04-10T17:11:50Z">
          <reporter-output>
          </reporter-output>
        </test-method> <!-- setUpOnWebSocketTextCoordinatesAreIncorrectAndSessionIdIsNull -->
        <test-method status="PASS" signature="testOnWebSocketTextCoordinatesAreIncorrectAndSessionIdIsNull()[pri:0, instance:frontend.handler.TestWebSocketImpl@2842cace]" name="testOnWebSocketTextCoordinatesAreIncorrectAndSessionIdIsNull" duration-ms="1" started-at="2014-04-10T17:11:50Z" finished-at="2014-04-10T17:11:50Z">
          <reporter-output>
          </reporter-output>
        </test-method> <!-- testOnWebSocketTextCoordinatesAreIncorrectAndSessionIdIsNull -->
        <test-method status="PASS" signature="tearDownOnWebSocketTextCoordinatesAreIncorrectAndSessionIdIsNull()[pri:0, instance:frontend.handler.TestWebSocketImpl@2842cace]" name="tearDownOnWebSocketTextCoordinatesAreIncorrectAndSessionIdIsNull" is-config="true" duration-ms="0" started-at="2014-04-10T17:11:50Z" finished-at="2014-04-10T17:11:50Z">
          <reporter-output>
          </reporter-output>
        </test-method> <!-- tearDownOnWebSocketTextCoordinatesAreIncorrectAndSessionIdIsNull -->
        <test-method status="PASS" signature="setUpOnWebSocketTextCoordinatesAreIncorrectButServerTimeIsOk()[pri:0, instance:frontend.handler.TestWebSocketImpl@2842cace]" name="setUpOnWebSocketTextCoordinatesAreIncorrectButServerTimeIsOk" is-config="true" duration-ms="2" started-at="2014-04-10T17:11:50Z" finished-at="2014-04-10T17:11:50Z">
          <reporter-output>
          </reporter-output>
        </test-method> <!-- setUpOnWebSocketTextCoordinatesAreIncorrectButServerTimeIsOk -->
        <test-method status="PASS" signature="testOnWebSocketTextCoordinatesAreIncorrectButServerTimeIsOk()[pri:0, instance:frontend.handler.TestWebSocketImpl@2842cace]" name="testOnWebSocketTextCoordinatesAreIncorrectButServerTimeIsOk" duration-ms="0" started-at="2014-04-10T17:11:50Z" finished-at="2014-04-10T17:11:50Z">
          <reporter-output>
          </reporter-output>
        </test-method> <!-- testOnWebSocketTextCoordinatesAreIncorrectButServerTimeIsOk -->
        <test-method status="PASS" signature="tearDownOnWebSocketTextCoordinatesAreIncorrectButServerTimeIsOk()[pri:0, instance:frontend.handler.TestWebSocketImpl@2842cace]" name="tearDownOnWebSocketTextCoordinatesAreIncorrectButServerTimeIsOk" is-config="true" duration-ms="1" started-at="2014-04-10T17:11:50Z" finished-at="2014-04-10T17:11:50Z">
          <reporter-output>
          </reporter-output>
        </test-method> <!-- tearDownOnWebSocketTextCoordinatesAreIncorrectButServerTimeIsOk -->
        <test-method status="PASS" signature="setUpOnWebSocketTextCoordinatesAreOk()[pri:0, instance:frontend.handler.TestWebSocketImpl@2842cace]" name="setUpOnWebSocketTextCoordinatesAreOk" is-config="true" duration-ms="1" started-at="2014-04-10T17:11:50Z" finished-at="2014-04-10T17:11:50Z">
          <reporter-output>
          </reporter-output>
        </test-method> <!-- setUpOnWebSocketTextCoordinatesAreOk -->
        <test-method status="PASS" signature="testOnWebSocketTextCoordinatesAreOk()[pri:0, instance:frontend.handler.TestWebSocketImpl@2842cace]" name="testOnWebSocketTextCoordinatesAreOk" duration-ms="3" started-at="2014-04-10T17:11:50Z" finished-at="2014-04-10T17:11:50Z">
          <reporter-output>
          </reporter-output>
        </test-method> <!-- testOnWebSocketTextCoordinatesAreOk -->
        <test-method status="PASS" signature="tearDownOnWebSocketTextCoordinatesAreOk()[pri:0, instance:frontend.handler.TestWebSocketImpl@2842cace]" name="tearDownOnWebSocketTextCoordinatesAreOk" is-config="true" duration-ms="0" started-at="2014-04-10T17:11:50Z" finished-at="2014-04-10T17:11:50Z">
          <reporter-output>
          </reporter-output>
        </test-method> <!-- tearDownOnWebSocketTextCoordinatesAreOk -->
        <test-method status="PASS" signature="setUpOnWebSocketTextCoordinatesAreOkSessionIdIsNull()[pri:0, instance:frontend.handler.TestWebSocketImpl@2842cace]" name="setUpOnWebSocketTextCoordinatesAreOkSessionIdIsNull" is-config="true" duration-ms="2" started-at="2014-04-10T17:11:50Z" finished-at="2014-04-10T17:11:50Z">
          <reporter-output>
          </reporter-output>
        </test-method> <!-- setUpOnWebSocketTextCoordinatesAreOkSessionIdIsNull -->
        <test-method status="PASS" signature="testOnWebSocketTextCoordinatesAreOkSessionIdIsNull()[pri:0, instance:frontend.handler.TestWebSocketImpl@2842cace]" name="testOnWebSocketTextCoordinatesAreOkSessionIdIsNull" duration-ms="1" started-at="2014-04-10T17:11:50Z" finished-at="2014-04-10T17:11:50Z">
          <reporter-output>
          </reporter-output>
        </test-method> <!-- testOnWebSocketTextCoordinatesAreOkSessionIdIsNull -->
        <test-method status="PASS" signature="tearDownOnWebSocketTextCoordinatesAreOkSessionIdIsNull()[pri:0, instance:frontend.handler.TestWebSocketImpl@2842cace]" name="tearDownOnWebSocketTextCoordinatesAreOkSessionIdIsNull" is-config="true" duration-ms="1" started-at="2014-04-10T17:11:50Z" finished-at="2014-04-10T17:11:50Z">
          <reporter-output>
          </reporter-output>
        </test-method> <!-- tearDownOnWebSocketTextCoordinatesAreOkSessionIdIsNull -->
        <test-method status="PASS" signature="setUpOnWebSocketTextThereAreNoConnection()[pri:0, instance:frontend.handler.TestWebSocketImpl@2842cace]" name="setUpOnWebSocketTextThereAreNoConnection" is-config="true" duration-ms="1" started-at="2014-04-10T17:11:50Z" finished-at="2014-04-10T17:11:50Z">
          <reporter-output>
          </reporter-output>
        </test-method> <!-- setUpOnWebSocketTextThereAreNoConnection -->
        <test-method status="PASS" signature="testOnWebSocketTextThereAreNoConnection()[pri:0, instance:frontend.handler.TestWebSocketImpl@2842cace]" name="testOnWebSocketTextThereAreNoConnection" duration-ms="1" started-at="2014-04-10T17:11:50Z" finished-at="2014-04-10T17:11:50Z">
          <reporter-output>
          </reporter-output>
        </test-method> <!-- testOnWebSocketTextThereAreNoConnection -->
        <test-method status="PASS" signature="tearDownOnWebSocketTextThereAreNoConnection()[pri:0, instance:frontend.handler.TestWebSocketImpl@2842cace]" name="tearDownOnWebSocketTextThereAreNoConnection" is-config="true" duration-ms="0" started-at="2014-04-10T17:11:50Z" finished-at="2014-04-10T17:11:50Z">
          <reporter-output>
          </reporter-output>
        </test-method> <!-- tearDownOnWebSocketTextThereAreNoConnection -->
        <test-method status="PASS" signature="setUpUpdateUsersColor()[pri:0, instance:frontend.handler.TestWebSocketImpl@2842cace]" name="setUpUpdateUsersColor" is-config="true" duration-ms="2" started-at="2014-04-10T17:11:50Z" finished-at="2014-04-10T17:11:50Z">
          <reporter-output>
          </reporter-output>
        </test-method> <!-- setUpUpdateUsersColor -->
        <test-method status="PASS" signature="testUpdateUsersColor()[pri:0, instance:frontend.handler.TestWebSocketImpl@2842cace]" name="testUpdateUsersColor" duration-ms="2" started-at="2014-04-10T17:11:50Z" finished-at="2014-04-10T17:11:50Z">
          <reporter-output>
          </reporter-output>
        </test-method> <!-- testUpdateUsersColor -->
        <test-method status="PASS" signature="tearDownUpdateUsersColor()[pri:0, instance:frontend.handler.TestWebSocketImpl@2842cace]" name="tearDownUpdateUsersColor" is-config="true" duration-ms="1" started-at="2014-04-10T17:11:50Z" finished-at="2014-04-10T17:11:50Z">
          <reporter-output>
          </reporter-output>
        </test-method> <!-- tearDownUpdateUsersColor -->
        <test-method status="PASS" signature="setUpWebSocketImpl()[pri:0, instance:frontend.handler.TestWebSocketImpl@2842cace]" name="setUpWebSocketImpl" is-config="true" duration-ms="0" started-at="2014-04-10T17:11:50Z" finished-at="2014-04-10T17:11:50Z">
          <reporter-output>
[...]
          <reporter-output>
          </reporter-output>
        </test-method> <!-- setUpNUTargetAdmin -->
        <test-method status="PASS" signature="testNUTargetAdmin()[pri:0, instance:frontend.handler.TestRegUserTargetRegPost@4f77e2b6]" name="testNUTargetAdmin" duration-ms="20" started-at="2014-04-10T17:11:47Z" finished-at="2014-04-10T17:11:47Z">
          <reporter-output>
          </reporter-output>
        </test-method> <!-- testNUTargetAdmin -->
        <test-method status="PASS" signature="tearDownNUTargetAdmin()[pri:0, instance:frontend.handler.TestRegUserTargetRegPost@4f77e2b6]" name="tearDownNUTargetAdmin" is-config="true" duration-ms="1" started-at="2014-04-10T17:11:47Z" finished-at="2014-04-10T17:11:47Z">
          <reporter-output>
          </reporter-output>
        </test-method> <!-- tearDownNUTargetAdmin -->
        <test-method status="PASS" signature="setUpNUTargetGame()[pri:0, instance:frontend.handler.TestRegUserTargetRegPost@4f77e2b6]" name="setUpNUTargetGame" is-config="true" duration-ms="6" started-at="2014-04-10T17:11:47Z" finished-at="2014-04-10T17:11:47Z">
          <reporter-output>
          </reporter-output>
        </test-method> <!-- setUpNUTargetGame -->
        <test-method status="PASS" signature="testNUTargetGame()[pri:0, instance:frontend.handler.TestRegUserTargetRegPost@4f77e2b6]" name="testNUTargetGame" duration-ms="9" started-at="2014-04-10T17:11:47Z" finished-at="2014-04-10T17:11:47Z">
          <reporter-output>
          </reporter-output>
        </test-method> <!-- testNUTargetGame -->
        <test-method status="PASS" signature="tearDownNUTargetGame()[pri:0, instance:frontend.handler.TestRegUserTargetRegPost@4f77e2b6]" name="tearDownNUTargetGame" is-config="true" duration-ms="0" started-at="2014-04-10T17:11:47Z" finished-at="2014-04-10T17:11:47Z">
          <reporter-output>
          </reporter-output>
        </test-method> <!-- tearDownNUTargetGame -->
        <test-method status="PASS" signature="setUpNickAndPasswordAreNotNull()[pri:0, instance:frontend.handler.TestRegUserTargetRegPost@4f77e2b6]" name="setUpNickAndPasswordAreNotNull" is-config="true" duration-ms="5" started-at="2014-04-10T17:11:47Z" finished-at="2014-04-10T17:11:47Z">
          <reporter-output>
          </reporter-output>
        </test-method> <!-- setUpNickAndPasswordAreNotNull -->
        <test-method status="PASS" signature="testNickAndPasswordAreNotNull()[pri:0, instance:frontend.handler.TestRegUserTargetRegPost@4f77e2b6]" name="testNickAndPasswordAreNotNull" duration-ms="6" started-at="2014-04-10T17:11:47Z" finished-at="2014-04-10T17:11:47Z">
          <reporter-output>
          </reporter-output>
        </test-method> <!-- testNickAndPasswordAreNotNull -->
        <test-method status="PASS" signature="tearDownNickAndPasswordAreNotNull()[pri:0, instance:frontend.handler.TestRegUserTargetRegPost@4f77e2b6]" name="tearDownNickAndPasswordAreNotNull" is-config="true" duration-ms="0" started-at="2014-04-10T17:11:47Z" finished-at="2014-04-10T17:11:47Z">
          <reporter-output>
          </reporter-output>
        </test-method> <!-- tearDownNickAndPasswordAreNotNull -->
        <test-method status="PASS" signature="setUpRegNickAndPasswdAreNull()[pri:0, instance:frontend.handler.TestRegUserTargetRegPost@4f77e2b6]" name="setUpRegNickAndPasswdAreNull" is-config="true" duration-ms="4" started-at="2014-04-10T17:11:47Z" finished-at="2014-04-10T17:11:47Z">
          <reporter-output>
          </reporter-output>
        </test-method> <!-- setUpRegNickAndPasswdAreNull -->
        <test-method status="PASS" signature="testRegNickAndPasswdAreNull()[pri:0, instance:frontend.handler.TestRegUserTargetRegPost@4f77e2b6]" name="testRegNickAndPasswdAreNull" duration-ms="214" started-at="2014-04-10T17:11:47Z" finished-at="2014-04-10T17:11:47Z">
          <reporter-output>
          </reporter-output>
        </test-method> <!-- testRegNickAndPasswdAreNull -->
        <test-method status="PASS" signature="tearDownRegNickAndPasswdAreNull()[pri:0, instance:frontend.handler.TestRegUserTargetRegPost@4f77e2b6]" name="tearDownRegNickAndPasswdAreNull" is-config="true" duration-ms="1" started-at="2014-04-10T17:11:47Z" finished-at="2014-04-10T17:11:47Z">
          <reporter-output>
          </reporter-output>
        </test-method> <!-- tearDownRegNickAndPasswdAreNull -->
        <test-method status="PASS" signature="setUpRegNickAndPasswordAreNotNull()[pri:0, instance:frontend.handler.TestRegUserTargetRegPost@4f77e2b6]" name="setUpRegNickAndPasswordAreNotNull" is-config="true" duration-ms="10" started-at="2014-04-10T17:11:47Z" finished-at="2014-04-10T17:11:47Z">
          <reporter-output>
          </reporter-output>
        </test-method> <!-- setUpRegNickAndPasswordAreNotNull -->
        <test-method status="PASS" signature="testRegNickAndPasswordAreNotNull()[pri:0, instance:frontend.handler.TestRegUserTargetRegPost@4f77e2b6]" name="testRegNickAndPasswordAreNotNull" duration-ms="12" started-at="2014-04-10T17:11:47Z" finished-at="2014-04-10T17:11:47Z">
          <reporter-output>
          </reporter-output>
        </test-method> <!-- testRegNickAndPasswordAreNotNull -->
        <test-method status="PASS" signature="tearDownRegDownNickAndPasswordAreNotNull()[pri:0, instance:frontend.handler.TestRegUserTargetRegPost@4f77e2b6]" name="tearDownRegDownNickAndPasswordAreNotNull" is-config="true" duration-ms="0" started-at="2014-04-10T17:11:47Z" finished-at="2014-04-10T17:11:47Z">
          <reporter-output>
          </reporter-output>
        </test-method> <!-- tearDownRegDownNickAndPasswordAreNotNull -->
        <test-method status="PASS" signature="setUpRegNickAndPasswordAreNull()[pri:0, instance:frontend.handler.TestRegUserTargetRegPost@4f77e2b6]" name="setUpRegNickAndPasswordAreNull" is-config="true" duration-ms="10" started-at="2014-04-10T17:11:47Z" finished-at="2014-04-10T17:11:47Z">
          <reporter-output>
          </reporter-output>
        </test-method> <!-- setUpRegNickAndPasswordAreNull -->
        <test-method status="PASS" signature="testRegNickAndPasswordAreNull()[pri:0, instance:frontend.handler.TestRegUserTargetRegPost@4f77e2b6]" name="testRegNickAndPasswordAreNull" duration-ms="208" started-at="2014-04-10T17:11:47Z" finished-at="2014-04-10T17:11:48Z">
          <reporter-output>
          </reporter-output>
        </test-method> <!-- testRegNickAndPasswordAreNull -->
        <test-method status="PASS" signature="tearDownRegDownNickAndPasswordAreNull()[pri:0, instance:frontend.handler.TestRegUserTargetRegPost@4f77e2b6]" name="tearDownRegDownNickAndPasswordAreNull" is-config="true" duration-ms="1" started-at="2014-04-10T17:11:48Z" finished-at="2014-04-10T17:11:48Z">
          <reporter-output>
          </reporter-output>
        </test-method> <!-- tearDownRegDownNickAndPasswordAreNull -->
        <test-method status="PASS" signature="setUpStatusReadyTargetGame()[pri:0, instance:frontend.handler.TestRegUserTargetRegPost@4f77e2b6]" name="setUpStatusReadyTargetGame" is-config="true" duration-ms="10" started-at="2014-04-10T17:11:48Z" finished-at="2014-04-10T17:11:48Z">
          <reporter-output>
          </reporter-output>
        </test-method> <!-- setUpStatusReadyTargetGame -->
        <test-method status="FAIL" signature="testStatusReadyTargetGame()[pri:0, instance:frontend.handler.TestRegUserTargetRegPost@4f77e2b6]" name="testStatusReadyTargetGame" duration-ms="20" started-at="2014-04-10T17:11:48Z" finished-at="2014-04-10T17:11:48Z">
          <exception class="java.lang.AssertionError">
            <message>
              <![CDATA[expected [true] but found [false]]]>
            </message>
            <full-stacktrace>
              <![CDATA[java.lang.AssertionError: expected [true] but found [false]
	at org.testng.Assert.fail(Assert.java:94)
	at org.testng.Assert.failNotEquals(Assert.java:494)
	at org.testng.Assert.assertTrue(Assert.java:42)
	at org.testng.Assert.assertTrue(Assert.java:52)
	at frontend.handler.TestRegUserTargetRegPost.testStatusReadyTargetGame(TestRegUserTargetRegPost.java:612)
	at sun.reflect.NativeMethodAccessorImpl.invoke0(Native Method)
	at sun.reflect.NativeMethodAccessorImpl.invoke(NativeMethodAccessorImpl.java:57)
	at sun.reflect.DelegatingMethodAccessorImpl.invoke(DelegatingMethodAccessorImpl.java:43)
	at java.lang.reflect.Method.invoke(Method.java:601)
	at org.testng.internal.MethodInvocationHelper.invokeMethod(MethodInvocationHelper.java:84)
	at org.testng.internal.Invoker.invokeMethod(Invoker.java:714)
	at org.testng.internal.Invoker.invokeTestMethod(Invoker.java:901)
	at org.testng.internal.Invoker.invokeTestMethods(Invoker.java:1231)
	at org.testng.internal.TestMethodWorker.invokeTestMethods(TestMethodWorker.java:127)
	at org.testng.internal.TestMethodWorker.run(TestMethodWorker.java:111)
	at org.testng.TestRunner.privateRun(TestRunner.java:767)
	at org.testng.TestRunner.run(TestRunner.java:617)
	at org.testng.SuiteRunner.runTest(SuiteRunner.java:334)
	at org.testng.SuiteRunner.runSequentially(SuiteRunner.java:329)
	at org.testng.SuiteRunner.privateRun(SuiteRunner.java:291)
	at org.testng.SuiteRunner.run(SuiteRunner.java:240)
	at org.testng.SuiteRunnerWorker.runSuite(SuiteRunnerWorker.java:52)
	at org.testng.SuiteRunnerWorker.run(SuiteRunnerWorker.java:86)
	at org.testng.TestNG.runSuitesSequentially(TestNG.java:1224)
	at org.testng.TestNG.runSuitesLocally(TestNG.java:1149)
	at org.testng.TestNG.run(TestNG.java:1057)
	at org.apache.maven.surefire.testng.TestNGExecutor.run(TestNGExecutor.java:77)
	at org.apache.maven.surefire.testng.TestNGDirectoryTestSuite.executeMulti(TestNGDirectoryTestSuite.java:159)
	at org.apache.maven.surefire.testng.TestNGDirectoryTestSuite.execute(TestNGDirectoryTestSuite.java:99)
	at org.apache.maven.surefire.testng.TestNGProvider.invoke(TestNGProvider.java:106)
	at sun.reflect.NativeMethodAccessorImpl.invoke0(Native Method)
	at sun.reflect.NativeMethodAccessorImpl.invoke(NativeMethodAccessorImpl.java:57)
	at sun.reflect.DelegatingMethodAccessorImpl.invoke(DelegatingMethodAccessorImpl.java:43)
	at java.lang.reflect.Method.invoke(Method.java:601)
	at org.apache.maven.surefire.util.ReflectionUtils.invokeMethodWithArray(ReflectionUtils.java:189)
	at org.apache.maven.surefire.booter.ProviderFactory$ProviderProxy.invoke(ProviderFactory.java:165)
	at org.apache.maven.surefire.booter.ProviderFactory.invokeProvider(ProviderFactory.java:85)
	at org.apache.maven.surefire.booter.ForkedBooter.runSuitesInProcess(ForkedBooter.java:115)
	at org.apache.maven.surefire.booter.ForkedBooter.main(ForkedBooter.java:75)
]]>
            </full-stacktrace>
          </exception> <!-- java.lang.AssertionError -->
          <reporter-output>
          </reporter-output>
        </test-method> <!-- testStatusReadyTargetGame -->
        <test-method status="PASS" signature="tearDownStatusReadyTargetGame()[pri:0, instance:frontend.handler.TestRegUserTargetRegPost@4f77e2b6]" name="tearDownStatusReadyTargetGame" is-config="true" duration-ms="1" started-at="2014-04-10T17:11:48Z" finished-at="2014-04-10T17:11:48Z">
          <reporter-output>
          </reporter-output>
        </test-method> <!-- tearDownStatusReadyTargetGame -->
        <test-method status="PASS" signature="setUpStatusReadyTargetLogout()[pri:0, instance:frontend.handler.TestRegUserTargetRegPost@4f77e2b6]" name="setUpStatusReadyTargetLogout" is-config="true" duration-ms="10" started-at="2014-04-10T17:11:48Z" finished-at="2014-04-10T17:11:48Z">
          <reporter-output>
          </reporter-output>
        </test-method> <!-- setUpStatusReadyTargetLogout -->
        <test-method status="PASS" signature="testStatusReadyTargetLogout()[pri:0, instance:frontend.handler.TestRegUserTargetRegPost@4f77e2b6]" name="testStatusReadyTargetLogout" duration-ms="8" started-at="2014-04-10T17:11:48Z" finished-at="2014-04-10T17:11:48Z">
          <reporter-output>
          </reporter-output>
        </test-method> <!-- testStatusReadyTargetLogout -->
        <test-method status="PASS" signature="tearDownStatusReadyTargetLogout()[pri:0, instance:frontend.handler.TestRegUserTargetRegPost@4f77e2b6]" name="tearDownStatusReadyTargetLogout" is-config="true" duration-ms="1" started-at="2014-04-10T17:11:48Z" finished-at="2014-04-10T17:11:48Z">
          <reporter-output>
          </reporter-output>
        </test-method> <!-- tearDownStatusReadyTargetLogout -->
        <test-method status="PASS" signature="setUpStatusReadyTargetMainPage()[pri:0, instance:frontend.handler.TestRegUserTargetRegPost@4f77e2b6]" name="setUpStatusReadyTargetMainPage" is-config="true" duration-ms="10" started-at="2014-04-10T17:11:48Z" finished-at="2014-04-10T17:11:48Z">
          <reporter-output>
          </reporter-output>
        </test-method> <!-- setUpStatusReadyTargetMainPage -->
        <test-method status="PASS" signature="testStatusReadyTargetMainPage()[pri:0, instance:frontend.handler.TestRegUserTargetRegPost@4f77e2b6]" name="testStatusReadyTargetMainPage" duration-ms="213" started-at="2014-04-10T17:11:48Z" finished-at="2014-04-10T17:11:48Z">
          <reporter-output>
          </reporter-output>
        </test-method> <!-- testStatusReadyTargetMainPage -->
        <test-method status="PASS" signature="tearDownStatusReadyTargetMainPage()[pri:0, instance:frontend.handler.TestRegUserTargetRegPost@4f77e2b6]" name="tearDownStatusReadyTargetMainPage" is-config="true" duration-ms="1" started-at="2014-04-10T17:11:48Z" finished-at="2014-04-10T17:11:48Z">
          <reporter-output>
          </reporter-output>
        </test-method> <!-- tearDownStatusReadyTargetMainPage -->
        <test-method status="PASS" signature="setUpStatusReadyTargetProfile()[pri:0, instance:frontend.handler.TestRegUserTargetRegPost@4f77e2b6]" name="setUpStatusReadyTargetProfile" is-config="true" duration-ms="11" started-at="2014-04-10T17:11:48Z" finished-at="2014-04-10T17:11:48Z">
          <reporter-output>
          </reporter-output>
        </test-method> <!-- setUpStatusReadyTargetProfile -->
        <test-method status="PASS" signature="testStatusReadyTargetProfile()[pri:0, instance:frontend.handler.TestRegUserTargetRegPost@4f77e2b6]" name="testStatusReadyTargetProfile" duration-ms="211" started-at="2014-04-10T17:11:48Z" finished-at="2014-04-10T17:11:48Z">
          <reporter-output>
          </reporter-output>
        </test-method> <!-- testStatusReadyTargetProfile -->
        <test-method status="PASS" signature="tearDownStatusReadyTargetProfile()[pri:0, instance:frontend.handler.TestRegUserTargetRegPost@4f77e2b6]" name="tearDownStatusReadyTargetProfile" is-config="true" duration-ms="1" started-at="2014-04-10T17:11:48Z" finished-at="2014-04-10T17:11:48Z">
          <reporter-output>
          </reporter-output>
        </test-method> <!-- tearDownStatusReadyTargetProfile -->
        <test-method status="PASS" signature="setUpStatusReadyTargetReg()[pri:0, instance:frontend.handler.TestRegUserTargetRegPost@4f77e2b6]" name="setUpStatusReadyTargetReg" is-config="true" duration-ms="10" started-at="2014-04-10T17:11:48Z" finished-at="2014-04-10T17:11:48Z">
          <reporter-output>
          </reporter-output>
        </test-method> <!-- setUpStatusReadyTargetReg -->
        <test-method status="PASS" signature="testStatusReadyTargetReg()[pri:0, instance:frontend.handler.TestRegUserTargetRegPost@4f77e2b6]" name="testStatusReadyTargetReg" duration-ms="7" started-at="2014-04-10T17:11:48Z" finished-at="2014-04-10T17:11:48Z">
          <reporter-output>
          </reporter-output>
        </test-method> <!-- testStatusReadyTargetReg -->
        <test-method status="PASS" signature="tearDownStatusReadyTargetReg()[pri:0, instance:frontend.handler.TestRegUserTargetRegPost@4f77e2b6]" name="tearDownStatusReadyTargetReg" is-config="true" duration-ms="0" started-at="2014-04-10T17:11:48Z" finished-at="2014-04-10T17:11:48Z">
          <reporter-output>
          </reporter-output>
        </test-method> <!-- tearDownStatusReadyTargetReg -->
        <test-method status="PASS" signature="setUpTargetWait()[pri:0, instance:frontend.handler.TestRegUserTargetRegPost@4f77e2b6]" name="setUpTargetWait" is-config="true" duration-ms="8" started-at="2014-04-10T17:11:48Z" finished-at="2014-04-10T17:11:48Z">
          <reporter-output>
          </reporter-output>
        </test-method> <!-- setUpTargetWait -->
        <test-method status="PASS" signature="testTargetWait()[pri:0, instance:frontend.handler.TestRegUserTargetRegPost@4f77e2b6]" name="testTargetWait" duration-ms="213" started-at="2014-04-10T17:11:48Z" finished-at="2014-04-10T17:11:48Z">
          <reporter-output>
          </reporter-output>
        </test-method> <!-- testTargetWait -->
        <test-method status="PASS" signature="tearDownTargetWait()[pri:0, instance:frontend.handler.TestRegUserTargetRegPost@4f77e2b6]" name="tearDownTargetWait" is-config="true" duration-ms="1" started-at="2014-04-10T17:11:48Z" finished-at="2014-04-10T17:11:48Z">
          <reporter-output>
          </reporter-output>
        </test-method> <!-- tearDownTargetWait -->
        <test-method status="PASS" signature="setUpTargetWaitAndPostStatusZero()[pri:0, instance:frontend.handler.TestRegUserTargetRegPost@4f77e2b6]" name="setUpTargetWaitAndPostStatusZero" is-config="true" duration-ms="10" started-at="2014-04-10T17:11:48Z" finished-at="2014-04-10T17:11:48Z">
          <reporter-output>
          </reporter-output>
        </test-method> <!-- setUpTargetWaitAndPostStatusZero -->
        <test-method status="PASS" signature="testTargetWaitAndPostStatusZero()[pri:0, instance:frontend.handler.TestRegUserTargetRegPost@4f77e2b6]" name="testTargetWaitAndPostStatusZero" duration-ms="8" started-at="2014-04-10T17:11:48Z" finished-at="2014-04-10T17:11:48Z">
          <reporter-output>
          </reporter-output>
        </test-method> <!-- testTargetWaitAndPostStatusZero -->
        <test-method status="PASS" signature="tearDownTargetWaitAndPostStatusZero()[pri:0, instance:frontend.handler.TestRegUserTargetRegPost@4f77e2b6]" name="tearDownTargetWaitAndPostStatusZero" is-config="true" duration-ms="1" started-at="2014-04-10T17:11:48Z" finished-at="2014-04-10T17:11:48Z">
          <reporter-output>
          </reporter-output>
        </test-method> <!-- tearDownTargetWaitAndPostStatusZero -->
      </class> <!-- frontend.handler.TestRegUserTargetRegPost -->
      <class name="messageSystem.AddressServiceImplTest">
        <test-method status="PASS" signature="testGetAddressByName()[pri:0, instance:messageSystem.AddressServiceImplTest@259f1b1d]" name="testGetAddressByName" duration-ms="5" started-at="2014-04-10T17:11:44Z" finished-at="2014-04-10T17:11:44Z">
          <reporter-output>
          </reporter-output>
        </test-method> <!-- testGetAddressByName -->
      </class> <!-- messageSystem.AddressServiceImplTest -->
      <class name="gameClasses.FieldTest">
        <test-method status="PASS" signature="setUp()[pri:0, instance:gameClasses.FieldTest@12a484c7]" name="setUp" is-config="true" duration-ms="0" started-at="2014-04-10T17:11:44Z" finished-at="2014-04-10T17:11:44Z">
          <reporter-output>
          </reporter-output>
        </test-method> <!-- setUp -->
        <test-method status="PASS" signature="testField()[pri:0, instance:gameClasses.FieldTest@12a484c7]" name="testField" duration-ms="1" started-at="2014-04-10T17:11:44Z" finished-at="2014-04-10T17:11:44Z">
          <reporter-output>
          </reporter-output>
        </test-method> <!-- testField -->
        <test-method status="PASS" signature="tearDown()[pri:0, instance:gameClasses.FieldTest@12a484c7]" name="tearDown" is-config="true" duration-ms="0" started-at="2014-04-10T17:11:44Z" finished-at="2014-04-10T17:11:44Z">
          <reporter-output>
          </reporter-output>
        </test-method> <!-- tearDown -->
      </class> <!-- gameClasses.FieldTest -->
    </test> <!-- Command line test -->
  </suite> <!-- Command line suite -->
</testng-results>
